<?xml version="1.0" ?>
<coverage version="7.2.7" timestamp="1689058505190" lines-valid="292" lines-covered="292" line-rate="1" branches-covered="0" branches-valid="0" branch-rate="0" complexity="0">
	<!-- Generated by coverage.py: https://coverage.readthedocs.io/en/7.2.7 -->
	<!-- Based on https://raw.githubusercontent.com/cobertura/web/master/htdocs/xml/coverage-04.dtd -->
	<sources>
		<source>/home/runner/work/simulator/simulator/cvx</source>
	</sources>
	<packages>
		<package name="simulator" line-rate="1" branch-rate="0" complexity="0">
			<classes>
				<class name="__init__.py" filename="simulator/__init__.py" complexity="0" line-rate="1" branch-rate="0">
					<methods/>
					<lines/>
				</class>
				<class name="builder.py" filename="simulator/builder.py" complexity="0" line-rate="1" branch-rate="0">
					<methods/>
					<lines>
						<line number="2" hits="1"/>
						<line number="4" hits="1"/>
						<line number="6" hits="1"/>
						<line number="8" hits="1"/>
						<line number="9" hits="1"/>
						<line number="12" hits="1"/>
						<line number="13" hits="1"/>
						<line number="25" hits="1"/>
						<line number="26" hits="1"/>
						<line number="27" hits="1"/>
						<line number="29" hits="1"/>
						<line number="30" hits="1"/>
						<line number="48" hits="1"/>
						<line number="49" hits="1"/>
						<line number="50" hits="1"/>
						<line number="51" hits="1"/>
						<line number="53" hits="1"/>
						<line number="54" hits="1"/>
						<line number="70" hits="1"/>
						<line number="72" hits="1"/>
						<line number="73" hits="1"/>
						<line number="90" hits="1"/>
						<line number="91" hits="1"/>
						<line number="92" hits="1"/>
						<line number="93" hits="1"/>
						<line number="95" hits="1"/>
						<line number="96" hits="1"/>
						<line number="111" hits="1"/>
						<line number="113" hits="1"/>
						<line number="114" hits="1"/>
						<line number="115" hits="1"/>
						<line number="116" hits="1"/>
						<line number="118" hits="1"/>
						<line number="120" hits="1"/>
						<line number="150" hits="1"/>
						<line number="152" hits="1"/>
						<line number="153" hits="1"/>
						<line number="155" hits="1"/>
						<line number="156" hits="1"/>
						<line number="158" hits="1"/>
						<line number="161" hits="1"/>
						<line number="186" hits="1"/>
						<line number="187" hits="1"/>
						<line number="188" hits="1"/>
						<line number="190" hits="1"/>
						<line number="194" hits="1"/>
						<line number="207" hits="1"/>
						<line number="208" hits="1"/>
						<line number="209" hits="1"/>
						<line number="211" hits="1"/>
						<line number="214" hits="1"/>
						<line number="215" hits="1"/>
						<line number="216" hits="1"/>
						<line number="217" hits="1"/>
						<line number="218" hits="1"/>
						<line number="219" hits="1"/>
						<line number="220" hits="1"/>
						<line number="221" hits="1"/>
						<line number="222" hits="1"/>
						<line number="223" hits="1"/>
						<line number="224" hits="1"/>
						<line number="225" hits="1"/>
						<line number="226" hits="1"/>
						<line number="228" hits="1"/>
						<line number="241" hits="1"/>
						<line number="243" hits="1"/>
						<line number="244" hits="1"/>
						<line number="256" hits="1"/>
						<line number="258" hits="1"/>
						<line number="259" hits="1"/>
						<line number="268" hits="1"/>
						<line number="270" hits="1"/>
						<line number="271" hits="1"/>
						<line number="272" hits="1"/>
						<line number="274" hits="1"/>
						<line number="276" hits="1"/>
						<line number="277" hits="1"/>
						<line number="278" hits="1"/>
						<line number="279" hits="1"/>
						<line number="283" hits="1"/>
						<line number="290" hits="1"/>
						<line number="292" hits="1"/>
						<line number="299" hits="1"/>
						<line number="301" hits="1"/>
						<line number="308" hits="1"/>
						<line number="310" hits="1"/>
						<line number="325" hits="1"/>
						<line number="327" hits="1"/>
						<line number="328" hits="1"/>
						<line number="330" hits="1"/>
						<line number="350" hits="1"/>
						<line number="351" hits="1"/>
						<line number="353" hits="1"/>
						<line number="355" hits="1"/>
						<line number="357" hits="1"/>
						<line number="359" hits="1"/>
						<line number="363" hits="1"/>
						<line number="365" hits="1"/>
						<line number="367" hits="1"/>
						<line number="368" hits="1"/>
						<line number="371" hits="1"/>
						<line number="373" hits="1"/>
						<line number="375" hits="1"/>
						<line number="381" hits="1"/>
						<line number="383" hits="1"/>
						<line number="385" hits="1"/>
						<line number="387" hits="1"/>
						<line number="388" hits="1"/>
						<line number="390" hits="1"/>
						<line number="399" hits="1"/>
						<line number="401" hits="1"/>
						<line number="414" hits="1"/>
					</lines>
				</class>
				<class name="grid.py" filename="simulator/grid.py" complexity="0" line-rate="1" branch-rate="0">
					<methods/>
					<lines>
						<line number="2" hits="1"/>
						<line number="4" hits="1"/>
						<line number="5" hits="1"/>
						<line number="8" hits="1"/>
						<line number="17" hits="1"/>
						<line number="18" hits="1"/>
						<line number="21" hits="1"/>
						<line number="30" hits="1"/>
						<line number="31" hits="1"/>
						<line number="32" hits="1"/>
						<line number="35" hits="1"/>
						<line number="49" hits="1"/>
						<line number="50" hits="1"/>
						<line number="51" hits="1"/>
					</lines>
				</class>
				<class name="month.py" filename="simulator/month.py" complexity="0" line-rate="1" branch-rate="0">
					<methods/>
					<lines>
						<line number="2" hits="1"/>
						<line number="5" hits="1"/>
						<line number="7" hits="1"/>
						<line number="9" hits="1"/>
						<line number="10" hits="1"/>
						<line number="13" hits="1"/>
						<line number="17" hits="1"/>
						<line number="20" hits="1"/>
						<line number="33" hits="1"/>
						<line number="35" hits="1"/>
						<line number="42" hits="1"/>
						<line number="43" hits="1"/>
						<line number="45" hits="1"/>
						<line number="49" hits="1"/>
						<line number="50" hits="1"/>
						<line number="52" hits="1"/>
						<line number="53" hits="1"/>
						<line number="54" hits="1"/>
						<line number="56" hits="1"/>
					</lines>
				</class>
				<class name="portfolio.py" filename="simulator/portfolio.py" complexity="0" line-rate="1" branch-rate="0">
					<methods/>
					<lines>
						<line number="2" hits="1"/>
						<line number="4" hits="1"/>
						<line number="5" hits="1"/>
						<line number="7" hits="1"/>
						<line number="8" hits="1"/>
						<line number="10" hits="1"/>
						<line number="11" hits="1"/>
						<line number="13" hits="1"/>
						<line number="16" hits="1"/>
						<line number="17" hits="1"/>
						<line number="18" hits="1"/>
						<line number="19" hits="1"/>
						<line number="20" hits="1"/>
						<line number="21" hits="1"/>
						<line number="22" hits="1"/>
						<line number="23" hits="1"/>
						<line number="24" hits="1"/>
						<line number="26" hits="1"/>
						<line number="27" hits="1"/>
						<line number="28" hits="1"/>
						<line number="29" hits="1"/>
						<line number="30" hits="1"/>
						<line number="31" hits="1"/>
						<line number="32" hits="1"/>
						<line number="37" hits="1"/>
						<line number="38" hits="1"/>
						<line number="39" hits="1"/>
						<line number="41" hits="1"/>
						<line number="42" hits="1"/>
						<line number="45" hits="1"/>
						<line number="47" hits="1"/>
						<line number="49" hits="1"/>
						<line number="51" hits="1"/>
						<line number="59" hits="1"/>
						<line number="60" hits="1"/>
						<line number="85" hits="1"/>
						<line number="86" hits="1"/>
						<line number="87" hits="1"/>
						<line number="88" hits="1"/>
						<line number="90" hits="1"/>
						<line number="104" hits="1"/>
						<line number="105" hits="1"/>
						<line number="106" hits="1"/>
						<line number="107" hits="1"/>
						<line number="109" hits="1"/>
						<line number="110" hits="1"/>
						<line number="112" hits="1"/>
						<line number="113" hits="1"/>
						<line number="124" hits="1"/>
						<line number="126" hits="1"/>
						<line number="127" hits="1"/>
						<line number="136" hits="1"/>
						<line number="138" hits="1"/>
						<line number="139" hits="1"/>
						<line number="153" hits="1"/>
						<line number="155" hits="1"/>
						<line number="167" hits="1"/>
						<line number="169" hits="1"/>
						<line number="170" hits="1"/>
						<line number="186" hits="1"/>
						<line number="187" hits="1"/>
						<line number="189" hits="1"/>
						<line number="191" hits="1"/>
						<line number="192" hits="1"/>
						<line number="207" hits="1"/>
						<line number="209" hits="1"/>
						<line number="210" hits="1"/>
						<line number="221" hits="1"/>
						<line number="222" hits="1"/>
						<line number="223" hits="1"/>
						<line number="225" hits="1"/>
						<line number="226" hits="1"/>
						<line number="238" hits="1"/>
						<line number="240" hits="1"/>
						<line number="241" hits="1"/>
						<line number="242" hits="1"/>
						<line number="244" hits="1"/>
						<line number="245" hits="1"/>
						<line number="257" hits="1"/>
						<line number="263" hits="1"/>
						<line number="264" hits="1"/>
						<line number="271" hits="1"/>
						<line number="273" hits="1"/>
						<line number="274" hits="1"/>
						<line number="286" hits="1"/>
						<line number="287" hits="1"/>
						<line number="288" hits="1"/>
						<line number="290" hits="1"/>
						<line number="291" hits="1"/>
						<line number="305" hits="1"/>
						<line number="307" hits="1"/>
						<line number="308" hits="1"/>
						<line number="322" hits="1"/>
						<line number="324" hits="1"/>
						<line number="342" hits="1"/>
						<line number="343" hits="1"/>
						<line number="350" hits="1"/>
						<line number="359" hits="1"/>
						<line number="361" hits="1"/>
						<line number="366" hits="1"/>
						<line number="369" hits="1"/>
						<line number="370" hits="1"/>
						<line number="371" hits="1"/>
						<line number="374" hits="1"/>
						<line number="375" hits="1"/>
						<line number="378" hits="1"/>
						<line number="381" hits="1"/>
						<line number="384" hits="1"/>
						<line number="391" hits="1"/>
						<line number="396" hits="1"/>
						<line number="399" hits="1"/>
						<line number="402" hits="1"/>
						<line number="405" hits="1"/>
						<line number="406" hits="1"/>
						<line number="407" hits="1"/>
						<line number="410" hits="1"/>
						<line number="411" hits="1"/>
						<line number="413" hits="1"/>
						<line number="420" hits="1"/>
						<line number="441" hits="1"/>
						<line number="453" hits="1"/>
						<line number="464" hits="1"/>
						<line number="466" hits="1"/>
						<line number="473" hits="1"/>
						<line number="474" hits="1"/>
						<line number="476" hits="1"/>
						<line number="477" hits="1"/>
						<line number="479" hits="1"/>
						<line number="480" hits="1"/>
						<line number="482" hits="1"/>
						<line number="483" hits="1"/>
						<line number="485" hits="1"/>
						<line number="486" hits="1"/>
					</lines>
				</class>
				<class name="trading_costs.py" filename="simulator/trading_costs.py" complexity="0" line-rate="1" branch-rate="0">
					<methods/>
					<lines>
						<line number="2" hits="1"/>
						<line number="4" hits="1"/>
						<line number="5" hits="1"/>
						<line number="8" hits="1"/>
						<line number="9" hits="1"/>
						<line number="10" hits="1"/>
						<line number="11" hits="1"/>
						<line number="21" hits="1"/>
						<line number="22" hits="1"/>
						<line number="23" hits="1"/>
						<line number="24" hits="1"/>
						<line number="26" hits="1"/>
						<line number="27" hits="1"/>
						<line number="28" hits="1"/>
					</lines>
				</class>
			</classes>
		</package>
	</packages>
</coverage>
