SF:cvx/simulator/__init__.py
DA:15,1
DA:16,1
DA:17,1
DA:18,1
LF:4
LH:4
end_of_record
SF:cvx/simulator/builder.py
DA:14,1
DA:16,1
DA:17,1
DA:19,1
DA:20,1
DA:22,1
DA:23,1
DA:24,1
DA:25,1
DA:28,1
DA:29,1
DA:42,1
DA:43,1
DA:45,1
DA:46,1
DA:47,1
DA:49,1
DA:64,1
DA:65,1
DA:67,1
DA:69,1
DA:76,1
DA:78,1
DA:80,1
DA:81,1
DA:86,1
DA:88,1
DA:89,1
DA:93,1
DA:99,1
DA:100,1
DA:107,1
DA:109,1
DA:110,1
DA:114,1
DA:116,1
DA:130,1
DA:132,1
DA:135,1
DA:138,1
DA:140,1
DA:141,1
DA:148,1
DA:150,1
DA:151,1
DA:158,1
DA:159,1
DA:161,1
DA:162,1
DA:166,1
DA:168,1
DA:169,1
DA:174,1
DA:176,1
DA:177,1
DA:181,1
DA:183,1
DA:196,1
DA:198,1
DA:199,1
DA:203,1
DA:205,1
DA:206,1
DA:211,1
DA:213,1
DA:214,1
DA:218,1
DA:220,1
DA:221,1
DA:225,1
DA:226,1
DA:228,1
DA:229,1
DA:233,1
DA:234,1
LF:75
LH:75
FN:49,78,Builder.__post_init__
FNDA:1,Builder.__post_init__
FN:81,86,Builder.valid
FNDA:1,Builder.valid
FN:89,97,Builder.intervals
FNDA:1,Builder.intervals
FN:100,107,Builder.index
FNDA:1,Builder.index
FN:110,114,Builder.current_prices
FNDA:1,Builder.current_prices
FN:116,138,Builder.__iter__
FNDA:1,Builder.__iter__
FN:141,148,Builder.position
FNDA:1,Builder.position
FN:151,159,Builder.position
FNDA:1,Builder.position
FN:162,166,Builder.cashposition
FNDA:1,Builder.cashposition
FN:169,174,Builder.units
FNDA:1,Builder.units
FN:177,181,Builder.cashposition
FNDA:1,Builder.cashposition
FN:183,196,Builder.build
FNDA:1,Builder.build
FN:199,203,Builder.weights
FNDA:1,Builder.weights
FN:206,211,Builder.weights
FNDA:1,Builder.weights
FN:214,218,Builder.aum
FNDA:1,Builder.aum
FN:221,226,Builder.aum
FNDA:1,Builder.aum
FN:229,234,Builder.from_returns
FNDA:1,Builder.from_returns
FNF:17
FNH:17
end_of_record
SF:cvx/simulator/portfolio.py
DA:14,1
DA:16,1
DA:17,1
DA:18,1
DA:19,1
DA:21,1
DA:22,1
DA:23,1
DA:24,1
DA:26,1
DA:27,1
DA:30,1
DA:31,1
DA:32,1
DA:33,1
DA:34,1
DA:36,1
DA:50,1
DA:51,1
DA:52,1
DA:53,1
DA:55,1
DA:56,1
DA:58,1
DA:59,1
DA:70,1
DA:72,1
DA:73,1
DA:82,1
DA:84,1
DA:85,1
DA:87,1
DA:88,1
DA:90,1
DA:91,1
DA:93,1
DA:94,1
DA:96,1
DA:97,1
DA:104,1
DA:105,1
DA:106,1
DA:108,1
DA:109,1
DA:123,1
DA:124,1
DA:125,1
DA:127,1
DA:128,1
DA:142,1
DA:143,1
DA:144,1
DA:146,1
DA:147,1
DA:151,1
DA:153,1
DA:154,1
DA:158,1
DA:160,1
DA:161,1
DA:172,1
DA:173,1
DA:174,1
DA:176,1
DA:177,1
DA:188,1
DA:190,1
DA:191,1
DA:194,1
DA:196,1
DA:197,1
DA:198,1
DA:200,1
DA:212,1
DA:214,1
DA:215,1
DA:228,1
DA:230,1
DA:231,1
DA:245,1
DA:247,1
DA:260,1
DA:275,1
DA:280,1
DA:283,1
DA:284,1
DA:287,1
DA:294,1
DA:297,1
DA:298,1
DA:299,1
DA:300,1
DA:302,1
DA:303,1
DA:305,1
DA:317,1
DA:320,1
DA:321,1
DA:323,1
DA:324,1
DA:326,1
DA:336,1
DA:338,1
DA:339,1
DA:341,1
DA:342,1
DA:348,1
DA:349,1
DA:353,1
DA:355,1
DA:356,1
DA:357,1
DA:359,1
DA:360,1
DA:362,1
DA:363,1
DA:367,1
DA:370,1
DA:373,1
DA:374,1
DA:378,1
DA:380,1
DA:383,1
DA:397,1
DA:399,1
DA:401,1
DA:402,1
DA:404,1
DA:405,1
DA:409,1
DA:410,1
DA:412,1
DA:413,1
DA:417,1
DA:418,1
LF:135
LH:135
FN:36,56,Portfolio.__post_init__
FNDA:1,Portfolio.__post_init__
FN:59,70,Portfolio.index
FNDA:1,Portfolio.index
FN:73,82,Portfolio.assets
FNDA:1,Portfolio.assets
FN:85,94,Portfolio.nav
FNDA:1,Portfolio.nav
FN:97,106,Portfolio.profit
FNDA:1,Portfolio.profit
FN:109,125,Portfolio.highwater
FNDA:1,Portfolio.highwater
FN:128,144,Portfolio.drawdown
FNDA:1,Portfolio.drawdown
FN:147,151,Portfolio.cashposition
FNDA:1,Portfolio.cashposition
FN:154,158,Portfolio.returns
FNDA:1,Portfolio.returns
FN:161,174,Portfolio.trades_units
FNDA:1,Portfolio.trades_units
FN:177,188,Portfolio.trades_currency
FNDA:1,Portfolio.trades_currency
FN:191,194,Portfolio.turnover_relative
FNDA:1,Portfolio.turnover_relative
FN:197,198,Portfolio.turnover
FNDA:1,Portfolio.turnover
FN:200,212,Portfolio.__getitem__
FNDA:1,Portfolio.__getitem__
FN:215,228,Portfolio.equity
FNDA:1,Portfolio.equity
FN:231,245,Portfolio.weights
FNDA:1,Portfolio.weights
FN:247,397,Portfolio.snapshot
FNDA:1,Portfolio.snapshot
FN:399,402,Portfolio.sharpe
FNDA:1,Portfolio.sharpe
FN:405,410,Portfolio.from_cashpos_prices
FNDA:1,Portfolio.from_cashpos_prices
FN:413,418,Portfolio.from_cashpos_returns
FNDA:1,Portfolio.from_cashpos_returns
FNF:20
FNH:20
end_of_record
SF:cvx/simulator/state.py
DA:14,1
DA:15,1
DA:17,1
DA:18,1
DA:21,1
DA:22,1
DA:29,1
DA:30,1
DA:31,1
DA:32,1
DA:33,1
DA:34,1
DA:35,1
DA:37,1
DA:38,1
DA:42,1
DA:44,1
DA:45,1
DA:49,1
DA:51,1
DA:52,1
DA:61,1
DA:63,1
DA:64,1
DA:71,1
DA:73,1
DA:74,1
DA:79,1
DA:81,1
DA:82,1
DA:84,1
DA:85,1
DA:87,1
DA:89,1
DA:90,1
DA:96,1
DA:99,1
DA:102,1
DA:104,1
DA:105,1
DA:109,1
DA:111,1
DA:112,1
DA:116,1
DA:118,1
DA:119,1
DA:124,1
DA:125,1
DA:126,1
DA:128,1
DA:129,1
DA:131,1
DA:132,1
DA:135,1
DA:137,1
DA:138,1
DA:142,1
DA:143,1
DA:145,1
DA:147,1
DA:148,1
DA:154,1
DA:156,1
DA:157,1
DA:159,1
DA:160,1
DA:162,1
DA:164,1
DA:165,1
DA:167,1
DA:168,1
DA:169,1
DA:171,1
DA:172,1
DA:177,1
DA:178,1
DA:180,1
DA:181,1
DA:182,1
DA:184,1
DA:185,1
DA:190,1
DA:192,1
DA:193,1
DA:197,1
DA:199,1
DA:200,1
DA:204,1
DA:206,1
DA:207,1
DA:218,1
DA:219,1
DA:221,1
DA:222,1
DA:227,1
LF:95
LH:95
FN:38,42,State.cash
FNDA:1,State.cash
FN:45,49,State.cash
FNDA:1,State.cash
FN:52,61,State.nav
FNDA:1,State.nav
FN:64,71,State.value
FNDA:1,State.value
FN:74,79,State.cashposition
FNDA:1,State.cashposition
FN:82,87,State.position
FNDA:1,State.position
FN:90,102,State.position
FNDA:1,State.position
FN:105,109,State.gmv
FNDA:1,State.gmv
FN:112,116,State.time
FNDA:1,State.time
FN:119,129,State.time
FNDA:1,State.time
FN:132,135,State.days
FNDA:1,State.days
FN:138,145,State.assets
FNDA:1,State.assets
FN:148,154,State.trades
FNDA:1,State.trades
FN:157,162,State.mask
FNDA:1,State.mask
FN:165,169,State.prices
FNDA:1,State.prices
FN:172,182,State.prices
FNDA:1,State.prices
FN:185,190,State.profit
FNDA:1,State.profit
FN:193,197,State.aum
FNDA:1,State.aum
FN:200,204,State.aum
FNDA:1,State.aum
FN:207,219,State.weights
FNDA:1,State.weights
FN:222,227,State.leverage
FNDA:1,State.leverage
FNF:21
FNH:21
end_of_record
SF:cvx/simulator/utils/__init__.py
end_of_record
SF:cvx/simulator/utils/grid.py
DA:14,1
DA:16,1
DA:18,1
DA:19,1
DA:22,1
DA:31,1
DA:32,1
DA:35,1
DA:44,1
DA:45,1
DA:46,1
DA:49,1
DA:63,1
DA:64,1
DA:65,1
DA:67,1
LF:16
LH:16
FN:22,32,iron_frame
FNDA:1,iron_frame
FN:35,46,resample_index
FNDA:1,resample_index
FN:49,67,_project_frame_to_grid
FNDA:1,_project_frame_to_grid
FNF:3
FNH:3
end_of_record
SF:cvx/simulator/utils/interpolation.py
DA:16,1
DA:18,1
DA:19,1
DA:21,1
DA:22,1
DA:25,1
DA:27,1
LF:7
LH:7
FN:16,22,interpolate
FNDA:1,interpolate
FN:25,27,valid
FNDA:1,valid
FNF:2
FNH:2
end_of_record
SF:cvx/simulator/utils/metric.py
DA:1,1
DA:4,1
DA:8,1
LF:3
LH:3
FN:4,8,sharpe
FNDA:1,sharpe
FNF:1
FNH:1
end_of_record
SF:cvx/simulator/utils/month.py
DA:32,1
DA:34,1
DA:35,1
DA:37,1
DA:38,1
DA:41,1
DA:42,1
DA:45,1
DA:46,1
DA:49,1
DA:50,1
DA:51,1
DA:54,1
DA:68,1
DA:70,1
DA:72,1
DA:76,1
DA:77,1
DA:79,1
DA:80,1
DA:81,1
DA:83,1
LF:22
LH:22
FN:41,42,_compound_returns
FNDA:1,_compound_returns
FN:45,46,_cumulative_returns
FNDA:1,_cumulative_returns
FN:54,83,monthlytable
FNDA:1,monthlytable
FNF:3
FNH:3
end_of_record
SF:cvx/simulator/utils/rescale.py
DA:14,1
DA:17,1
DA:21,1
DA:22,1
DA:23,1
DA:26,1
DA:30,1
DA:31,1
LF:8
LH:8
FN:17,23,_rescale
FNDA:1,_rescale
FN:26,31,returns2prices
FNDA:1,returns2prices
FNF:2
FNH:2
end_of_record
