TN:
SF:cvx/simulator/__init__.py
DA:15,1,Y/8w8SlNDXrt9B9ZDYYy5A
DA:16,1,kxom6PUmMgEnKcHFhk/1ZA
DA:17,1,pWLmWLUtPsocEFzREZH+qw
DA:18,1,8ef96SXTFY4DvadtEWeOWQ
LF:4
LH:4
end_of_record
TN:
SF:cvx/simulator/builder.py
DA:14,1,ydCxunymauVRdfWlNGpIBA
DA:16,1,7HpIEQVf5K0efdTzo05mJg
DA:17,1,2Ayr2KzfmRyKfaTDnqdTJw
DA:19,1,IWWjrCeOtk8NNtrE95++2g
DA:20,1,wbex0Ytf94b7jE0u9OATig
DA:22,1,kxom6PUmMgEnKcHFhk/1ZA
DA:23,1,pWLmWLUtPsocEFzREZH+qw
DA:24,1,8UdTGylZVl+VFDq7JWAnEg
DA:25,1,QsjhXZniCeDL2SA6ERxeaQ
DA:28,1,CT9XrugR0VmgtyLiirko8A
DA:29,1,0GAhW3yxfbMuKDv21toXKg
DA:30,1,/ZvqiDY7XVzMiSFdpC6ZCg
DA:42,1,wOiUHOhe3YQOADhvhaeZEg
DA:43,1,cQo9OqHlE6ZzTHV86Z45Lw
DA:45,1,uROvDcQ+ZxIXs9EYL/dxvw
DA:46,1,0XteO6Yq3u/zDVe2X64d/Q
DA:47,1,AOJEOsG2/A1x36/wtskCJw
DA:49,1,5wZOwzPFHe9SAa8oXJUTRg
DA:64,1,cTc07WolJOWI3bYJbf7Unw
DA:65,1,EaR8astUfFs3vdGrOHDgDQ
DA:67,1,Y/gsorMpLP31/EQefcxg1w
DA:69,1,fbgMN9D3Bwj/B6KBgyWnSg
DA:76,1,V2sjP+LEiY3jlLlHM0SgDw
DA:78,1,0yMuAkT86lNTj6Vb+s76rQ
DA:80,1,HmADa1g/W1C2Vo9Wm4sNNA
DA:81,1,Fq/Nc1Rt1rzoelrY1o2nHw
DA:86,1,YicQcL6/U/XXV0QRwAnDyw
DA:88,1,HmADa1g/W1C2Vo9Wm4sNNA
DA:89,1,MK3UYUgIs2z+/PV+i4ibvg
DA:93,1,3iKdM21iSdsb1Ox93U+xEw
DA:99,1,HmADa1g/W1C2Vo9Wm4sNNA
DA:100,1,1BEV0QnL5yTTzdxX8uBE5g
DA:107,1,QT38i1rn/vyaw3XZVEr6BA
DA:109,1,HmADa1g/W1C2Vo9Wm4sNNA
DA:110,1,rVhTu0BDNhAsTF3ATGETLQ
DA:114,1,XRDaHeJTktZY5zfdlfMl8g
DA:116,1,+hRJXelr7wkYJx2DLLEYrQ
DA:130,1,W5iWJelqaORHyRhmNiZ6tA
DA:132,1,GP2GoU60BoFlk8a2CI0uHg
DA:135,1,5UCxw45+8bnLEnLIvhRRGQ
DA:138,1,qFLErsIY1V7GL1cB3Uqhvw
DA:140,1,HmADa1g/W1C2Vo9Wm4sNNA
DA:141,1,m8R64WPyZEPPN+iHdFE0Xg
DA:148,1,GdQjJu/wEZoSF8yx95wPMQ
DA:150,1,ls5SBfCmAPf9lRVsYmRAlA
DA:151,1,1xhu7S4kWn4RR5NsQaJ1NQ
DA:158,1,pBDwmPz3PWP53m50ISuUnw
DA:159,1,zBhVm+vwRVu2DdskOfi8YQ
DA:161,1,HmADa1g/W1C2Vo9Wm4sNNA
DA:162,1,3qew+RwG0W4zTp6Z/mYbkQ
DA:166,1,77C3VuYKlGkiDKphtCehTA
DA:168,1,HmADa1g/W1C2Vo9Wm4sNNA
DA:169,1,J+SxHmUxZEj9yLzoW3R8Qg
DA:174,1,xeXEAqfDshrRvoATf1uYvw
DA:176,1,t3Xm4/e1Xb02PI538tsFvA
DA:177,1,exUTZqyJuuVLyPRZ35AtlA
DA:181,1,FyupTTzMGNYMhLq5xxrfrA
DA:183,1,fXJnDreGYbzS/paTZJEFtg
DA:196,1,S2UuOLM7PbNC3sH0h0qZ7Q
DA:198,1,HmADa1g/W1C2Vo9Wm4sNNA
DA:199,1,MyfC9dtABlFiFMYxQ4jaXA
DA:203,1,Qhptt2R8W+MKzyYBNQIcTA
DA:205,1,0yOEE/GCF6foFAi16bGI0g
DA:206,1,wueZQNeX6Qhs+WpNiWLrpg
DA:211,1,1BtXwIqvfigQr3YiCuhDHQ
DA:213,1,HmADa1g/W1C2Vo9Wm4sNNA
DA:214,1,mqzsD1v3TNR/YTTQmqiMPA
DA:218,1,xnC91IKj0a4mGcLkTg/78A
DA:220,1,5T0qAn12gZ8RFvCZdJK6pg
DA:221,1,5c8zIhpW4JLTD98ljm9doQ
DA:225,1,PCPCR1A4oLT3UKA/3luyLw
DA:226,1,nxbmxLmmAb7Js3BY45QdrQ
DA:228,1,Nnqu9X+lU2lagW39QNhFWA
DA:229,1,KhaOrT+47Zs3NiM2dlKP9Q
DA:233,1,0riMzQ8ydXAWMLaKkIJJjQ
DA:234,1,VbAJHJyKTlg0eozJfPOgvA
LF:75
LH:75
end_of_record
TN:
SF:cvx/simulator/portfolio.py
DA:14,1,ydCxunymauVRdfWlNGpIBA
DA:16,1,7HpIEQVf5K0efdTzo05mJg
DA:17,1,WpEjgxacqgxANZhpobgHYQ
DA:18,1,HmmA1NkSpRn+raQjsaj0oA
DA:19,1,gGTQvjsCFZRTAK01JA8k5Q
DA:21,1,IWWjrCeOtk8NNtrE95++2g
DA:22,1,wbex0Ytf94b7jE0u9OATig
DA:23,1,L00nZxDhRmYfLhGrq84LxQ
DA:24,1,l6Sdl67aIozFUe1hFAmzNg
DA:26,1,gkdyxHwFnHy/KyqovKn5uw
DA:27,1,QsjhXZniCeDL2SA6ERxeaQ
DA:30,1,/S8d/HVFLOL/gTU2e/TkhA
DA:31,1,zddM6QQWmT1V2s5MAyOXfQ
DA:32,1,wOiUHOhe3YQOADhvhaeZEg
DA:33,1,ZdA2WOkGU4BfyJe8zvNquw
DA:34,1,SklKzDkhRl0gQqBuzAnaCA
DA:36,1,5wZOwzPFHe9SAa8oXJUTRg
DA:50,1,cTc07WolJOWI3bYJbf7Unw
DA:51,1,EaR8astUfFs3vdGrOHDgDQ
DA:52,1,iVKctBEXqaqLqQ4PT2dBHA
DA:53,1,OlPET7JogEmtm1oFrJ0HfQ
DA:55,1,z8z6W4Wtp1KpdpVnC8CupQ
DA:56,1,0Jep4Q0N4+p5IloJO20fAw
DA:58,1,HmADa1g/W1C2Vo9Wm4sNNA
DA:59,1,1BEV0QnL5yTTzdxX8uBE5g
DA:70,1,QT38i1rn/vyaw3XZVEr6BA
DA:72,1,HmADa1g/W1C2Vo9Wm4sNNA
DA:73,1,i55b7c/8/kAh8hShlTgXTg
DA:82,1,CvmFbnLGFtB53iQ/Tta0sQ
DA:84,1,HmADa1g/W1C2Vo9Wm4sNNA
DA:85,1,WmPz+TU7ncUOdB8KYUy6jA
DA:87,1,vk7yNSk70zqxmkGWw8NnrQ
DA:88,1,Ex+zXUW23ugbgjlNZwWV3g
DA:90,1,T5kfVBOaAxcmSZ2MnfCDXQ
DA:91,1,JBjE/6kDSr3OznqeNGTIaQ
DA:93,1,2anBaGzEJaZX9gVtUZPI5A
DA:94,1,rJRspTaVPdekmMYS7Iw/Iw
DA:96,1,HmADa1g/W1C2Vo9Wm4sNNA
DA:97,1,w34YDBqDwCgNAP8lN16TtA
DA:104,1,8RDQ1mhkNGVZ2iSAEL9R5w
DA:105,1,qmAWwiASG7Lvk8I4RcxbJg
DA:106,1,rJRspTaVPdekmMYS7Iw/Iw
DA:108,1,HmADa1g/W1C2Vo9Wm4sNNA
DA:109,1,F3IBhrJHxCLo+MuID8cPHg
DA:123,1,5iSrdcJeOKGfQtXJmgi7HQ
DA:124,1,K/SYpEwUPWtnkrwUfi7n4g
DA:125,1,rJRspTaVPdekmMYS7Iw/Iw
DA:127,1,HmADa1g/W1C2Vo9Wm4sNNA
DA:128,1,laCYknYeMpjHUGXGMcclng
DA:142,1,WvaaZ171ISm+mKgXzRdpvw
DA:143,1,pFoyCGaeXrfRfmSvxChD3A
DA:144,1,rJRspTaVPdekmMYS7Iw/Iw
DA:146,1,HmADa1g/W1C2Vo9Wm4sNNA
DA:147,1,3qew+RwG0W4zTp6Z/mYbkQ
DA:151,1,dF80qltVgNdWxW5ATs0e1w
DA:153,1,HmADa1g/W1C2Vo9Wm4sNNA
DA:154,1,7miFR96yMMGqCr/pC59TDw
DA:158,1,MX4nh/Zybeiees3rvuE4Ig
DA:160,1,HmADa1g/W1C2Vo9Wm4sNNA
DA:161,1,uN4eZpdIB6t5CIYX2pajJw
DA:172,1,c7rXvqAqHazJEwBx3XXDSg
DA:173,1,yKIWUU6hKq8ZDoVK3Cybfw
DA:174,1,HW1cH3e1xsVoBvTx5R8rWQ
DA:176,1,HmADa1g/W1C2Vo9Wm4sNNA
DA:177,1,6nithhy9C2ZdO/StwRF44g
DA:188,1,rNlk/dyDJCK1e5hsRvLASA
DA:190,1,HmADa1g/W1C2Vo9Wm4sNNA
DA:191,1,RWZO3foFedw4qgIvvVanlw
DA:194,1,qt/GdzGJtMXoXXd6acPnew
DA:196,1,HmADa1g/W1C2Vo9Wm4sNNA
DA:197,1,8cFyQrcnGlIMBOiJKnPJ0w
DA:198,1,pv0noWN16qONtyBdjhgVpQ
DA:200,1,PaShBLECoCOYav3JAbdRfg
DA:212,1,R0Z3O6i4WR+jql9M2O+YqA
DA:214,1,HmADa1g/W1C2Vo9Wm4sNNA
DA:215,1,sZ1jlwxCUHVp1Umqe/+IZA
DA:228,1,iN/LzudIRx/teaqf1PuwNQ
DA:230,1,HmADa1g/W1C2Vo9Wm4sNNA
DA:231,1,vG9EJeQ/+Nz977aViVYi7w
DA:245,1,fcled15at7liTQxcVZ7UIw
DA:247,1,/Mv9q+TMnewNEtNE13gDfA
DA:260,1,dXPmj7VRc+JiIgHU1gcL2g
DA:275,1,3T2ERAuabH3fMr7ep+TX4g
DA:280,1,4AKZdCMiAqEldFNwtYDcMQ
DA:283,1,6A1/zxjFEP0WIclYc7QsdQ
DA:284,1,5tFYR6n9gTapA2J/JL8SMw
DA:287,1,3T2ERAuabH3fMr7ep+TX4g
DA:294,1,bSIWG32sLWwFie9tRHvyCg
DA:297,1,/GMznXSnHKt5sbKKfUFFxg
DA:298,1,B9iyGvkgNYFE1DAMaLAlLw
DA:299,1,V3fEZ1Upf2JOm6dqPcguwQ
DA:300,1,jtHP0kxhDr2n54aorl++8A
DA:302,1,30Yhrly9ZkFI4ONXWNBRhw
DA:303,1,vFGwug6V05BATui+qzelEQ
DA:305,1,HgWmNxM6bQbhSLWI624FDQ
DA:317,1,tEfHb3HRcIqDqhmNrLa4yw
DA:320,1,B9iyGvkgNYFE1DAMaLAlLw
DA:321,1,enMltPZkiOooZqKIjj5h3A
DA:323,1,ivkGBF/CMusdqVZSPRAzcA
DA:324,1,vFGwug6V05BATui+qzelEQ
DA:326,1,HgWmNxM6bQbhSLWI624FDQ
DA:336,1,gW99mmLXjtxyZVgOApL79w
DA:338,1,0f+V+Rc0ovsnK7YF+uRQuw
DA:339,1,4RWUbmCYL8xLYwcarPkkug
DA:341,1,rN66IW7U34Z6UmJk/dA83Q
DA:342,1,HgWmNxM6bQbhSLWI624FDQ
DA:348,1,uo6q+G9UjHv+2qX0zL68Kg
DA:349,1,kWM6cPTQiHi1nwtjeIUXGg
DA:353,1,xrQYoCpZaGCbiWSmtNz8xw
DA:355,1,+3awsTKb29nw0eYjmkd1cQ
DA:356,1,f0wPxZVm+67Kb7Ovmqfeyg
DA:357,1,BkkmFSSrmVATT+ccLJMvgg
DA:359,1,zd6Y5jfZDbU8YOqSE0POWQ
DA:360,1,Rd73RsVphs6VcSbcNgDmbQ
DA:362,1,aL/s4kNITQd/lbDIzFB3FA
DA:363,1,s/gYskG6Qnp0z0b2WNt4Ag
DA:367,1,KaVc3L0FGWkuxSHWeNeUfw
DA:370,1,lO08/zm2TTAY5iGy0NOqDg
DA:373,1,ImwWUk9jem30vYuAXYMxqg
DA:374,1,nQA6DMwjqisK+BKRI2/fWA
DA:378,1,Cd1UyHz7Vkzrb0+vyLJhtA
DA:380,1,UBtORx0ACohLsJqD9i/StA
DA:383,1,3T2ERAuabH3fMr7ep+TX4g
DA:397,1,FK+GvYUUbInHp6puy1wYCA
DA:399,1,bjIv1Ym9hK2lwUHavEMQaQ
DA:401,1,Q0k27QiQ5qZokcKwhoeY6g
DA:402,1,Y2R+AAyio8q39Xygc39LWQ
DA:404,1,Nnqu9X+lU2lagW39QNhFWA
DA:405,1,jj4rZ3jk4j0MoCZHQReZvg
DA:409,1,eyBblBKz4gWda0NqcrcvfQ
DA:410,1,V6U6sc7KBNJibQaTGuQXdw
DA:412,1,Nnqu9X+lU2lagW39QNhFWA
DA:413,1,b2ezoV0WKEYyoDh5hyqggA
DA:417,1,0riMzQ8ydXAWMLaKkIJJjQ
DA:418,1,2kwp2qv8XDOeXYzWQpQKmQ
LF:135
LH:135
end_of_record
TN:
SF:cvx/simulator/state.py
DA:14,1,7HpIEQVf5K0efdTzo05mJg
DA:15,1,WpEjgxacqgxANZhpobgHYQ
DA:17,1,IWWjrCeOtk8NNtrE95++2g
DA:18,1,wbex0Ytf94b7jE0u9OATig
DA:21,1,DKj5/cnSdZmfr9qH/2eSBw
DA:22,1,6pGrqU82jWlU63p2SOXQew
DA:23,1,/ZvqiDY7XVzMiSFdpC6ZCg
DA:29,1,TEcfmnYnaOPR13Izk2A3+g
DA:30,1,ZY4DQGj9lEntlA/sSlouxA
DA:31,1,1wK2yRGtEu3JeJYqKcd+kA
DA:32,1,NbJAUAnL9w80kjDghA/cMA
DA:33,1,zGGjqzg8cqbbLr1eBz/wpQ
DA:34,1,zvr/5U7B1Vf2781OSxS5zQ
DA:35,1,O6A7h9hKz1327qXR4iX/kw
DA:37,1,HmADa1g/W1C2Vo9Wm4sNNA
DA:38,1,87UpEYBHerTqSOQ/al4kDw
DA:42,1,hUFQmoJ2p8dBzrwmvnnYxw
DA:44,1,8hWzPUHp07kRtwBu8Cc7Cg
DA:45,1,kv5kbqldiB38rSDtkq5F1w
DA:49,1,1c3zDmBnVZLtd6ac2VCOwA
DA:51,1,HmADa1g/W1C2Vo9Wm4sNNA
DA:52,1,AGhM9u7ludZtwvsDYjeNYw
DA:61,1,qxOBg+0eLhM/XJ6DikGFqQ
DA:63,1,HmADa1g/W1C2Vo9Wm4sNNA
DA:64,1,sNNv9SiXJQ4EYGa+zErysA
DA:71,1,k8oGC5N9/9iMb8MEfi0CTg
DA:73,1,HmADa1g/W1C2Vo9Wm4sNNA
DA:74,1,3qew+RwG0W4zTp6Z/mYbkQ
DA:79,1,lPsycvwkFrGF2SQF0Lbowg
DA:81,1,HmADa1g/W1C2Vo9Wm4sNNA
DA:82,1,d+izhIvjqeFnrZwIzNUbhQ
DA:84,1,4H7i6DQXBAriyfhd+U161A
DA:85,1,cy76qN5ios4UZx1GOoUOOw
DA:87,1,K8NCDCtdIjKYnh8836tW+Q
DA:89,1,ls5SBfCmAPf9lRVsYmRAlA
DA:90,1,2gbAW2436bkA4+mqW7vSJg
DA:96,1,ur2GGiNEJvqVarQY+Xd8Tw
DA:99,1,zqz6wQVdzLWfRVL68WFiMQ
DA:102,1,Z64LAzXeFzoxFofv8+VjnQ
DA:104,1,HmADa1g/W1C2Vo9Wm4sNNA
DA:105,1,wsdTwaKgeda6yW3gn+/Lnw
DA:109,1,5kAile/9zQ65yvliNO01RA
DA:111,1,HmADa1g/W1C2Vo9Wm4sNNA
DA:112,1,D7wsmNA07EhwDJ7kYSchXA
DA:116,1,XgPvjOQ+orNgTp1O8X8mzg
DA:118,1,MQrZnqtWMJNi/Mx23uKGYA
DA:119,1,vLpEgLicr9rPR5U8XLYTCg
DA:124,1,qKN3cLj7kLktr2bw9yzUZg
DA:125,1,mPJXHnYbgW50871e5wUglg
DA:126,1,1Mr3KdJ5acuXC2zKzGXLGQ
DA:128,1,muI7ArH7rtdRC9U7fWKnuw
DA:129,1,1Mr3KdJ5acuXC2zKzGXLGQ
DA:131,1,HmADa1g/W1C2Vo9Wm4sNNA
DA:132,1,Lzzb4udF/2znUubX/g6W6Q
DA:135,1,BTuuFUPGUY5fpvxLj7E88w
DA:137,1,HmADa1g/W1C2Vo9Wm4sNNA
DA:138,1,i55b7c/8/kAh8hShlTgXTg
DA:142,1,HGo9L1UcLgZF2aJbluxEZQ
DA:143,1,fPlq1ONcR6IVmZ/EVYzBog
DA:145,1,pkIyzt5CBOQtncq9WwsBLA
DA:147,1,HmADa1g/W1C2Vo9Wm4sNNA
DA:148,1,vRS+JGNG1L9yaEmha6mTSA
DA:154,1,VvMIRu18xDM2MUjokLmMIQ
DA:156,1,HmADa1g/W1C2Vo9Wm4sNNA
DA:157,1,8ciUOVIkiy3l/uQxey2Xcw
DA:159,1,HGo9L1UcLgZF2aJbluxEZQ
DA:160,1,Vw6NE1AsbelCAEM8oYSQFQ
DA:162,1,hnA2R2kqwCPXr5voueRfCw
DA:164,1,HmADa1g/W1C2Vo9Wm4sNNA
DA:165,1,vfY71UFhRylalmsDd/knPA
DA:167,1,HGo9L1UcLgZF2aJbluxEZQ
DA:168,1,qfQ+Zp4t26WMN6VmPaYhyQ
DA:169,1,pT7EKP+lGajBQDK4xh7Q4w
DA:171,1,eiKmTP7x/8q13b+E108/4g
DA:172,1,rJDGOZWoa+H8/Ki2Wam5/g
DA:177,1,yoXP0ZEkEquGGYhwmhCLdA
DA:178,1,XKg+CamexKc2/x/HxTd2mg
DA:180,1,8wzcFqNiuiKcgGrLO+rUFw
DA:181,1,0KrJEXFi9O1f4w8kGIHJQA
DA:182,1,FLKo4Cu6ALWav9BhGHxqVQ
DA:184,1,HmADa1g/W1C2Vo9Wm4sNNA
DA:185,1,a0yNAlB4++KYiKTD6h3TBQ
DA:190,1,UrmwW49ssXanzUGcvRllCg
DA:192,1,HmADa1g/W1C2Vo9Wm4sNNA
DA:193,1,mqzsD1v3TNR/YTTQmqiMPA
DA:197,1,xnC91IKj0a4mGcLkTg/78A
DA:199,1,5T0qAn12gZ8RFvCZdJK6pg
DA:200,1,5c8zIhpW4JLTD98ljm9doQ
DA:204,1,KRG0QKGgm8SvxxbGthm3uQ
DA:206,1,HmADa1g/W1C2Vo9Wm4sNNA
DA:207,1,JLZTlfRnEpTKNZayQ2ODjQ
DA:218,1,0K7uCdErVphyhggKCeh7kQ
DA:219,1,6QkqB9oRh0WtCsOA1nlTXw
DA:221,1,HmADa1g/W1C2Vo9Wm4sNNA
DA:222,1,KUYbHsTWKsyobP8k01QaXA
DA:227,1,iqwdVzLlIDkH+VenA9J07A
LF:95
LH:95
end_of_record
TN:
SF:cvx/simulator/utils/__init__.py
DA:0,1,6w8lOCN8J9kkpvqSTZQBkA
LF:0
LH:0
end_of_record
TN:
SF:cvx/simulator/utils/grid.py
DA:14,1,ydCxunymauVRdfWlNGpIBA
DA:16,1,gGTQvjsCFZRTAK01JA8k5Q
DA:18,1,IWWjrCeOtk8NNtrE95++2g
DA:19,1,wbex0Ytf94b7jE0u9OATig
DA:22,1,Jynt2F3YJE99Ru6PG/tK/Q
DA:31,1,hk2alIzcR5zvQk/Ow/XPww
DA:32,1,7RK2NOwWoKhQr2Nq3uMvGg
DA:35,1,xXUzLe0uslcdcnBPjhdX/g
DA:44,1,dBaUUdj4XD5AszVZFHKzig
DA:45,1,REfZWLW3OkU9o8pcAl2Hgg
DA:46,1,v9UPiz7im+ZTSy4AIkePMQ
DA:49,1,846Vpy7HSb4hE2O8y2vMmA
DA:63,1,HV1VJVgcCmzE1sO3aBSyMg
DA:64,1,ij5e9OESWFNA4+P8C+c/QQ
DA:65,1,jhlfOO2ZLH7dSSd1RgFBfg
DA:67,1,UyMpnK2uL8Q73Ui8LUr+MA
LF:16
LH:16
end_of_record
TN:
SF:cvx/simulator/utils/interpolation.py
DA:16,1,hnL5vQbYKK3G9j0OEHPboA
DA:18,1,0R9EQTFX1o8OdykZgQCptw
DA:19,1,+cEVG/EPo/EhNFv+0+hnBw
DA:21,1,jAyqZe84A/TAer6eAByn2Q
DA:22,1,XEXq1GAGmmpWUALxKUyTyw
DA:25,1,/fioYVq9eOt4Bdb/NoJC0g
DA:27,1,8WYG0MZ3DKS4Vbyd4U4gyA
LF:7
LH:7
end_of_record
TN:
SF:cvx/simulator/utils/metric.py
DA:1,1,HmmA1NkSpRn+raQjsaj0oA
DA:4,1,GA80bnqS+xoHkAmgSxdfWw
DA:8,1,8H90PcpADzIDHN2grcXAwg
LF:3
LH:3
end_of_record
TN:
SF:cvx/simulator/utils/month.py
DA:27,1,1+9wdnNK6ERHmSA06tdyPQ
DA:32,1,ydCxunymauVRdfWlNGpIBA
DA:34,1,l955vWaLeSdDL/ehzg959w
DA:35,1,gRHjawkciFUavd6j4zLvOw
DA:37,1,IWWjrCeOtk8NNtrE95++2g
DA:38,1,wbex0Ytf94b7jE0u9OATig
DA:41,1,RvvP2nIWB7QQVgqC4NI3ag
DA:42,1,3H43Z/zrJHQwoKXCAxTAjQ
DA:45,1,kh81FzJ9EYy1xnmQSlVBdg
DA:46,1,eD0AeNert8YzXJ0i0SwPdg
DA:49,1,BNOQUtfwG6q7Gq4TyxtzSQ
DA:50,1,rAK22pX16w48dZjlwW8GiQ
DA:51,1,kubuLyEAXHT5eEBrMTJUVQ
DA:54,1,UITls6PlOzIaRe5vDtINxA
DA:68,1,u9cRruR6NkOjIoPM0rjqUg
DA:70,1,hTYO6Kl8HEDhsCjQvCzymA
DA:72,1,KL/G+jTy8Ll4G/SDx+tE7A
DA:76,1,kQGn1otxIN+zqUxYz+7hWw
DA:77,1,wNmQeYgZVJQvOnHq6vsCpQ
DA:79,1,ma7YbGyse5RULoT7fdqtDw
DA:80,1,YzbY3mmHrctJcjRC7FI++A
DA:81,1,KS9FjtlJbgN4NcPLqB9DbQ
DA:83,1,sj3wXy9JZVmEVJfA1iqt0Q
LF:23
LH:23
end_of_record
TN:
SF:cvx/simulator/utils/rescale.py
DA:14,1,wbex0Ytf94b7jE0u9OATig
DA:17,1,KYP0GUZtSiCZbTsHK4KOGw
DA:21,1,WiypY70fVEGsR0oK8+e8nw
DA:22,1,nAnJ1pF8wjFpOS3igabZMw
DA:23,1,KJ3L66yqYAcjQczgEtl8bA
DA:26,1,7e9+CW/CnYjkX9svD5MBEw
DA:30,1,KC95og6oYWC8O/vEr0qBwg
DA:31,1,YmDBJWFOGrIOyPYUdRVKLQ
LF:8
LH:8
end_of_record
