<?xml version="1.0" encoding="utf-8"?><testsuites><testsuite name="pytest" errors="0" failures="0" skipped="0" tests="18" time="5.027" timestamp="2023-05-06T18:31:47.284990" hostname="fv-az585-444"><testcase classname="tests.test_month" name="test_table_compounded" time="0.033" /><testcase classname="tests.test_trading_costs" name="test_lifnear_model" time="0.003" /><testcase classname="tests.test_metrics" name="test_length_one" time="0.002" /><testcase classname="tests.test_metrics" name="test_nan_value" time="0.002" /><testcase classname="tests.test_metrics" name="test_index_wrong_order" time="0.001" /><testcase classname="tests.test_metrics" name="test_profit" time="0.019" /><testcase classname="tests.test_portfolio" name="test_head" time="0.010" /><testcase classname="tests.test_portfolio" name="test_set_cashpositions" time="0.029" /><testcase classname="tests.test_portfolio" name="test_assets" time="0.011" /><testcase classname="tests.test_portfolio" name="test_state" time="0.004" /><testcase classname="tests.test_portfolio" name="test_iter" time="1.513" /><testcase classname="tests.test_portfolio" name="test_stocks" time="0.013" /><testcase classname="tests.test_portfolio" name="test_index" time="0.011" /><testcase classname="tests.test_portfolio" name="test_long_only" time="1.523" /><testcase classname="tests.test_portfolio" name="test_prices" time="0.013" /><testcase classname="tests.test_portfolio" name="test_long_short" time="1.515" /><testcase classname="tests.test_portfolio" name="test_set_weights" time="0.028" /><testcase classname="tests.test_portfolio" name="test_add" time="0.038" /></testsuite></testsuites>