<?xml version="1.0" encoding="utf-8"?><testsuites><testsuite name="pytest" errors="0" failures="0" skipped="0" tests="18" time="6.098" timestamp="2023-05-06T18:26:54.800658" hostname="fv-az262-298"><testcase classname="tests.test_portfolio" name="test_assets" time="0.022" /><testcase classname="tests.test_portfolio" name="test_prices" time="0.017" /><testcase classname="tests.test_portfolio" name="test_state" time="0.004" /><testcase classname="tests.test_portfolio" name="test_set_weights" time="0.035" /><testcase classname="tests.test_portfolio" name="test_index" time="0.012" /><testcase classname="tests.test_portfolio" name="test_set_cashpositions" time="0.040" /><testcase classname="tests.test_portfolio" name="test_long_only" time="1.907" /><testcase classname="tests.test_portfolio" name="test_stocks" time="0.014" /><testcase classname="tests.test_portfolio" name="test_long_short" time="1.886" /><testcase classname="tests.test_portfolio" name="test_add" time="0.046" /><testcase classname="tests.test_portfolio" name="test_iter" time="1.770" /><testcase classname="tests.test_portfolio" name="test_head" time="0.011" /><testcase classname="tests.test_trading_costs" name="test_lifnear_model" time="0.002" /><testcase classname="tests.test_month" name="test_table_compounded" time="0.027" /><testcase classname="tests.test_metrics" name="test_profit" time="0.019" /><testcase classname="tests.test_metrics" name="test_nan_value" time="0.001" /><testcase classname="tests.test_metrics" name="test_length_one" time="0.002" /><testcase classname="tests.test_metrics" name="test_index_wrong_order" time="0.002" /></testsuite></testsuites>