{"meta": {"version": "7.3.2", "timestamp": "2023-12-03T15:30:23.967726", "branch_coverage": false, "show_contexts": false}, "files": {"cvx/simulator/__init__.py": {"executed_lines": [1], "summary": {"covered_lines": 0, "num_statements": 0, "percent_covered": 100.0, "percent_covered_display": "100", "missing_lines": 0, "excluded_lines": 0}, "missing_lines": [], "excluded_lines": []}, "cvx/simulator/builder.py": {"executed_lines": [14, 16, 17, 18, 20, 21, 23, 24, 25, 28, 29, 30, 46, 47, 48, 49, 50, 51, 53, 54, 61, 63, 64, 71, 73, 74, 85, 87, 88, 93, 95, 96, 101, 103, 104, 105, 106, 108, 110, 111, 112, 113, 115, 116, 118, 119, 121, 122, 124, 125, 126, 128, 135, 138, 158, 159, 160, 162, 166, 174, 175, 176, 178, 181, 182, 183, 184, 185, 186, 187, 188, 190, 203, 204, 206, 207, 212, 214, 215, 219, 225, 226, 238, 240, 241, 245, 247, 248, 252, 254, 255, 256, 258, 273, 275, 276, 278, 282, 284, 285, 292, 294, 295, 302, 303, 305, 306, 307, 309, 310, 311, 313, 326], "summary": {"covered_lines": 112, "num_statements": 112, "percent_covered": 100.0, "percent_covered_display": "100", "missing_lines": 0, "excluded_lines": 0}, "missing_lines": [], "excluded_lines": []}, "cvx/simulator/grid.py": {"executed_lines": [14, 16, 18, 19, 22, 31, 32, 35, 44, 45, 46, 49, 63, 64, 65, 67], "summary": {"covered_lines": 16, "num_statements": 16, "percent_covered": 100.0, "percent_covered_display": "100", "missing_lines": 0, "excluded_lines": 0}, "missing_lines": [], "excluded_lines": []}, "cvx/simulator/interpolation.py": {"executed_lines": [16, 18, 19, 21, 22, 25, 27], "summary": {"covered_lines": 7, "num_statements": 7, "percent_covered": 100.0, "percent_covered_display": "100", "missing_lines": 0, "excluded_lines": 0}, "missing_lines": [], "excluded_lines": []}, "cvx/simulator/portfolio.py": {"executed_lines": [14, 16, 17, 18, 19, 21, 22, 24, 25, 27, 30, 31, 32, 33, 34, 35, 36, 37, 38, 40, 41, 42, 43, 44, 45, 46, 52, 53, 54, 57, 64, 66, 68, 76, 77, 78, 102, 103, 104, 105, 107, 121, 122, 123, 124, 126, 127, 129, 130, 141, 143, 144, 153, 155, 156, 170, 172, 184, 186, 187, 203, 204, 206, 208, 209, 224, 226, 227, 238, 239, 240, 242, 243, 255, 257, 258, 259, 261, 262, 274, 280, 281, 289, 290, 291, 293, 294, 301, 303, 304, 316, 317, 318, 320, 321, 335, 337, 338, 352, 354, 372, 373, 380, 389, 391, 396, 399, 400, 401, 404, 405, 408, 411, 414, 421, 426, 429, 432, 435, 436, 437, 440, 441, 443, 450, 473, 485, 496, 498, 505, 524, 538, 550, 563, 564, 566, 581, 597, 627], "summary": {"covered_lines": 138, "num_statements": 138, "percent_covered": 100.0, "percent_covered_display": "100", "missing_lines": 0, "excluded_lines": 0}, "missing_lines": [], "excluded_lines": []}, "cvx/simulator/trading_costs.py": {"executed_lines": [14, 16, 17, 18, 20, 23, 24, 25, 26, 36, 37, 38, 39, 41, 42, 43], "summary": {"covered_lines": 16, "num_statements": 16, "percent_covered": 100.0, "percent_covered_display": "100", "missing_lines": 0, "excluded_lines": 0}, "missing_lines": [], "excluded_lines": []}}, "totals": {"covered_lines": 289, "num_statements": 289, "percent_covered": 100.0, "percent_covered_display": "100", "missing_lines": 0, "excluded_lines": 0}}