{"meta": {"format": 2, "version": "7.4.1", "timestamp": "2024-02-12T18:22:07.085768", "branch_coverage": false, "show_contexts": false}, "files": {"cvx/simulator/__init__.py": {"executed_lines": [15, 16, 17, 18], "summary": {"covered_lines": 4, "num_statements": 4, "percent_covered": 100.0, "percent_covered_display": "100", "missing_lines": 0, "excluded_lines": 0}, "missing_lines": [], "excluded_lines": []}, "cvx/simulator/builder.py": {"executed_lines": [14, 16, 17, 19, 20, 22, 23, 24, 25, 28, 29, 30, 42, 43, 45, 46, 47, 49, 64, 65, 67, 69, 76, 78, 80, 81, 86, 88, 89, 93, 99, 100, 107, 109, 110, 114, 116, 130, 132, 135, 138, 140, 141, 148, 150, 151, 158, 159, 161, 162, 166, 168, 169, 174, 176, 177, 181, 183, 196, 198, 199, 203, 205, 206, 211, 213, 214, 218, 220, 221, 225, 226, 228, 229, 233, 234], "summary": {"covered_lines": 75, "num_statements": 75, "percent_covered": 100.0, "percent_covered_display": "100", "missing_lines": 0, "excluded_lines": 0}, "missing_lines": [], "excluded_lines": []}, "cvx/simulator/portfolio.py": {"executed_lines": [14, 16, 17, 18, 19, 21, 22, 23, 24, 26, 27, 30, 31, 32, 33, 34, 36, 50, 51, 52, 53, 55, 56, 58, 59, 70, 72, 73, 82, 84, 85, 87, 88, 90, 91, 93, 94, 96, 97, 104, 105, 106, 108, 109, 123, 124, 125, 127, 128, 142, 143, 144, 146, 147, 151, 153, 154, 158, 160, 161, 172, 173, 174, 176, 177, 188, 190, 191, 194, 196, 197, 198, 200, 212, 214, 215, 228, 230, 231, 245, 247, 260, 284, 289, 292, 293, 296, 303, 306, 307, 308, 309, 311, 312, 314, 326, 329, 330, 332, 333, 335, 345, 347, 348, 350, 351, 357, 358, 362, 364, 365, 368, 370, 375, 376, 380, 383, 386, 387, 391, 393, 396, 410, 412, 414, 415, 417, 418, 422, 423, 425, 426, 430, 431], "summary": {"covered_lines": 134, "num_statements": 134, "percent_covered": 100.0, "percent_covered_display": "100", "missing_lines": 0, "excluded_lines": 0}, "missing_lines": [], "excluded_lines": []}, "cvx/simulator/state.py": {"executed_lines": [14, 15, 17, 18, 21, 22, 23, 29, 30, 31, 32, 33, 34, 35, 37, 38, 42, 44, 45, 49, 51, 52, 61, 63, 64, 71, 73, 74, 79, 81, 82, 84, 85, 87, 89, 90, 96, 99, 102, 104, 105, 109, 111, 112, 116, 118, 119, 124, 125, 126, 128, 129, 131, 132, 135, 137, 138, 142, 143, 145, 147, 148, 154, 156, 157, 159, 160, 162, 164, 165, 167, 168, 169, 171, 172, 177, 178, 180, 181, 182, 184, 185, 190, 192, 193, 197, 199, 200, 204, 206, 207, 218, 219, 221, 222, 227], "summary": {"covered_lines": 95, "num_statements": 95, "percent_covered": 100.0, "percent_covered_display": "100", "missing_lines": 0, "excluded_lines": 0}, "missing_lines": [], "excluded_lines": []}, "cvx/simulator/utils/__init__.py": {"executed_lines": [1], "summary": {"covered_lines": 0, "num_statements": 0, "percent_covered": 100.0, "percent_covered_display": "100", "missing_lines": 0, "excluded_lines": 0}, "missing_lines": [], "excluded_lines": []}, "cvx/simulator/utils/grid.py": {"executed_lines": [14, 16, 18, 19, 22, 31, 32, 35, 44, 45, 46, 49, 63, 64, 65, 67], "summary": {"covered_lines": 16, "num_statements": 16, "percent_covered": 100.0, "percent_covered_display": "100", "missing_lines": 0, "excluded_lines": 0}, "missing_lines": [], "excluded_lines": []}, "cvx/simulator/utils/interpolation.py": {"executed_lines": [16, 18, 19, 21, 22, 25, 27], "summary": {"covered_lines": 7, "num_statements": 7, "percent_covered": 100.0, "percent_covered_display": "100", "missing_lines": 0, "excluded_lines": 0}, "missing_lines": [], "excluded_lines": []}, "cvx/simulator/utils/metric.py": {"executed_lines": [1, 4, 8], "summary": {"covered_lines": 3, "num_statements": 3, "percent_covered": 100.0, "percent_covered_display": "100", "missing_lines": 0, "excluded_lines": 0}, "missing_lines": [], "excluded_lines": []}, "cvx/simulator/utils/month.py": {"executed_lines": [27, 32, 34, 35, 37, 38, 41, 42, 45, 46, 49, 50, 51, 54, 68, 70, 72, 76, 77, 79, 80, 81, 83], "summary": {"covered_lines": 23, "num_statements": 23, "percent_covered": 100.0, "percent_covered_display": "100", "missing_lines": 0, "excluded_lines": 0}, "missing_lines": [], "excluded_lines": []}, "cvx/simulator/utils/rescale.py": {"executed_lines": [14, 17, 21, 22, 23, 26, 30, 31], "summary": {"covered_lines": 8, "num_statements": 8, "percent_covered": 100.0, "percent_covered_display": "100", "missing_lines": 0, "excluded_lines": 0}, "missing_lines": [], "excluded_lines": []}}, "totals": {"covered_lines": 365, "num_statements": 365, "percent_covered": 100.0, "percent_covered_display": "100", "missing_lines": 0, "excluded_lines": 0}}