TN:
SF:cvx/simulator/__init__.py
DA:1,1,QaluMreCMOM8hy1jdTbH1A
LF:0
LH:0
end_of_record
TN:
SF:cvx/simulator/builder.py
DA:14,1,ydCxunymauVRdfWlNGpIBA
DA:16,1,Fgl+vbOUGcWRorxc5bC0Iw
DA:17,1,WpEjgxacqgxANZhpobgHYQ
DA:18,1,ac+30c2PVfQrSrwazph9Lw
DA:20,1,IWWjrCeOtk8NNtrE95++2g
DA:21,1,wbex0Ytf94b7jE0u9OATig
DA:23,1,09gIreTUpUTqDGQWY+NpkQ
DA:24,1,P+ijM0nS4RXzSYvVjw8NMg
DA:25,1,dytXI0jLiz/Gvvqy0EEykA
DA:28,1,CT9XrugR0VmgtyLiirko8A
DA:29,1,2faWpDMvJTuOsnoqWCjW4w
DA:30,1,X4v74OmmMED64nQCm0aQsQ
DA:46,1,eT1/sFzmmh487wXber8WRw
DA:47,1,gFAjXvZT2WLuUvv+2nOOEg
DA:48,1,14pBqkd5jx3A22137rfq3g
DA:49,1,IGlI8mXUdsmpQYAGBxvUUA
DA:50,1,HeiTPCiKqXez0iqtpotVPQ
DA:51,1,P0yxK0o3Xb9dhS9MaK45jw
DA:52,1,bHt9DAQ5r0bW1jy81UZSfA
DA:53,1,8Ol2gr021vsrpvvHzP2/QA
DA:54,1,dPkAyaqIBfg/zutR77judQ
DA:56,1,HmADa1g/W1C2Vo9Wm4sNNA
DA:57,1,sNNv9SiXJQ4EYGa+zErysA
DA:64,1,k8oGC5N9/9iMb8MEfi0CTg
DA:66,1,HmADa1g/W1C2Vo9Wm4sNNA
DA:67,1,AGhM9u7ludZtwvsDYjeNYw
DA:74,1,epiNN+IEPX1CdV4d+jWsrQ
DA:76,1,HmADa1g/W1C2Vo9Wm4sNNA
DA:77,1,JLZTlfRnEpTKNZayQ2ODjQ
DA:88,1,6QkqB9oRh0WtCsOA1nlTXw
DA:90,1,HmADa1g/W1C2Vo9Wm4sNNA
DA:91,1,KUYbHsTWKsyobP8k01QaXA
DA:96,1,iqwdVzLlIDkH+VenA9J07A
DA:98,1,HmADa1g/W1C2Vo9Wm4sNNA
DA:99,1,3qew+RwG0W4zTp6Z/mYbkQ
DA:104,1,lPsycvwkFrGF2SQF0Lbowg
DA:106,1,HmADa1g/W1C2Vo9Wm4sNNA
DA:107,1,9JwDWQwVQoikLZ7NIbPwsg
DA:111,1,wDjNcDrSjK6PcbKWz2YxaA
DA:113,1,HmADa1g/W1C2Vo9Wm4sNNA
DA:114,1,d+izhIvjqeFnrZwIzNUbhQ
DA:115,1,m96uESMRyIULxrcXtwturQ
DA:116,1,qfQ+Zp4t26WMN6VmPaYhyQ
DA:118,1,hIgreo8McGvN8Lpwtvx3aw
DA:120,1,HmADa1g/W1C2Vo9Wm4sNNA
DA:121,1,flYmfIpX8WskkN5MbIow6Q
DA:125,1,ScPFjdSXajhhC8uA0tNa8w
DA:127,1,HmADa1g/W1C2Vo9Wm4sNNA
DA:128,1,oDDrDXnVL79Gwsdg3EoVKQ
DA:132,1,0Hc7LR7PT1IO7+1OVxEaQA
DA:134,1,ls5SBfCmAPf9lRVsYmRAlA
DA:135,1,2gbAW2436bkA4+mqW7vSJg
DA:139,1,mApWyEC8fRdPPA7sNtPIsA
DA:140,1,cmBjqJpfvoBugafKFOIE9g
DA:143,1,ur2GGiNEJvqVarQY+Xd8Tw
DA:146,1,o3Rg919no2jhbHEb0e8PdQ
DA:149,1,w++6FIxwOdHuxuMzxlMzUw
DA:152,1,2lx1lDRrcsOWDAk4YQ25+Q
DA:154,1,42M3ctwSBnv6dsa1QV2hJA
DA:155,1,lhe80bHnrzov0N5/wawjhQ
DA:159,1,rPcG8b/edN0OfA3MKztLkw
DA:160,1,7FudrhItUQOEjfJqCbSw8A
DA:162,1,HmADa1g/W1C2Vo9Wm4sNNA
DA:163,1,i55b7c/8/kAh8hShlTgXTg
DA:164,1,pkIyzt5CBOQtncq9WwsBLA
DA:166,1,QQNxDMVrpiTUJkif2LiGXA
DA:170,1,Z2Qpw5Loaqo+NTn4ZEvFAQ
DA:173,1,hDagSqoHGYduNocC3gfx1Q
DA:195,1,J8jhL0DzxkcVTHx5qXI/3A
DA:196,1,5WfmqLJ2fLGCIGg2rsieOA
DA:197,1,o67dMEFH63gXF5jjwUiGaw
DA:199,1,SHqS3bkXyja86VpjRritNg
DA:203,1,6XxfOnHlNFYdPveidT1dsw
DA:213,1,JmrJuZwBT3q5Q53jBjvTUg
DA:214,1,RwZjZ+okKnaSS9tBr3zfQA
DA:215,1,kUXVUqco9mFbyCvBbReDPA
DA:217,1,tZIMZcXnpYR8CtPajwgjpg
DA:220,1,CT9XrugR0VmgtyLiirko8A
DA:221,1,bm8M5fnRQs9JCStLlSLNkA
DA:222,1,wOiUHOhe3YQOADhvhaeZEg
DA:223,1,9iG8ZYMnKKgUuvjhX3G0eg
DA:224,1,iVuFiciZcO8KciZsriQdtA
DA:225,1,LcXag6NgYVTLLu0g9Idh4Q
DA:226,1,DiG2UW1AutrTvY4RofxdIw
DA:227,1,F4nqq9WnCmhT2lrgFIpLQQ
DA:228,1,hjEf5iRWY0SXqxBbjS9lDA
DA:230,1,Cc0olsXvjG8zMBGexATmrg
DA:231,1,3SEMTnTMLAtjVbk/AyWNMQ
DA:232,1,P0yxK0o3Xb9dhS9MaK45jw
DA:234,1,5wZOwzPFHe9SAa8oXJUTRg
DA:247,1,yCJFxcZbISG0OYHpbyaQDQ
DA:248,1,6C3nJIKvVmwuFA7cNVx9Iw
DA:250,1,uU5ArHi7qvN8qbnxVB7AiQ
DA:251,1,aSIPAUIwZ+3uh0anspF/6w
DA:254,1,1TMviOW4zn1LQTLwY5sPxQ
DA:258,1,xVVDXlGbh+uINQCSVzCQPw
DA:259,1,urXr713XFPmkZzDVqdafpw
DA:262,1,jrZYvpKcT2PBB/Ckbrnrtg
DA:264,1,HmADa1g/W1C2Vo9Wm4sNNA
DA:265,1,Fq/Nc1Rt1rzoelrY1o2nHw
DA:270,1,YicQcL6/U/XXV0QRwAnDyw
DA:272,1,HmADa1g/W1C2Vo9Wm4sNNA
DA:273,1,MK3UYUgIs2z+/PV+i4ibvg
DA:277,1,3iKdM21iSdsb1Ox93U+xEw
DA:283,1,HmADa1g/W1C2Vo9Wm4sNNA
DA:284,1,1BEV0QnL5yTTzdxX8uBE5g
DA:296,1,QT38i1rn/vyaw3XZVEr6BA
DA:298,1,HmADa1g/W1C2Vo9Wm4sNNA
DA:299,1,rVhTu0BDNhAsTF3ATGETLQ
DA:303,1,XRDaHeJTktZY5zfdlfMl8g
DA:305,1,HmADa1g/W1C2Vo9Wm4sNNA
DA:306,1,MyfC9dtABlFiFMYxQ4jaXA
DA:310,1,Qhptt2R8W+MKzyYBNQIcTA
DA:312,1,0yOEE/GCF6foFAi16bGI0g
DA:313,1,wueZQNeX6Qhs+WpNiWLrpg
DA:314,1,1BtXwIqvfigQr3YiCuhDHQ
DA:316,1,oDIKXYvn4OPfS++XInDQ7w
DA:331,1,W5iWJelqaORHyRhmNiZ6tA
DA:333,1,GP2GoU60BoFlk8a2CI0uHg
DA:334,1,xvWIcpcyNr0gyGcTkdMxXw
DA:335,1,XKxnuBzNigKahJyPCVKIiw
DA:336,1,nyxk/0QJBXTOmwxtmA1WSA
DA:337,1,zDk7vy7TRszS3w9F9s1a5w
DA:339,1,5UCxw45+8bnLEnLIvhRRGQ
DA:340,1,/1SWt0TwTNDj0nbyn8jgGw
DA:341,1,N+yMzOu0NoRVwahCHECBFQ
DA:343,1,njnVGgZs69KhSltR7RAYtg
DA:347,1,qFLErsIY1V7GL1cB3Uqhvw
DA:349,1,HmADa1g/W1C2Vo9Wm4sNNA
DA:350,1,m8R64WPyZEPPN+iHdFE0Xg
DA:357,1,LB5pvbrE/5BdOGlnYhI5lA
DA:359,1,ls5SBfCmAPf9lRVsYmRAlA
DA:360,1,1xhu7S4kWn4RR5NsQaJ1NQ
DA:367,1,2wZOHWNfGom8n9hjGDYtFQ
DA:368,1,zBhVm+vwRVu2DdskOfi8YQ
DA:370,1,HmADa1g/W1C2Vo9Wm4sNNA
DA:371,1,3qew+RwG0W4zTp6Z/mYbkQ
DA:372,1,77C3VuYKlGkiDKphtCehTA
DA:374,1,t3Xm4/e1Xb02PI538tsFvA
DA:375,1,exUTZqyJuuVLyPRZ35AtlA
DA:376,1,FyupTTzMGNYMhLq5xxrfrA
DA:378,1,4qk3ZtauRuVLDEf8MoqI6Q
DA:391,1,6OCuUMqhQ6oYA+gcU29fxw
LF:142
LH:142
end_of_record
TN:
SF:cvx/simulator/grid.py
DA:14,1,ydCxunymauVRdfWlNGpIBA
DA:16,1,gGTQvjsCFZRTAK01JA8k5Q
DA:18,1,IWWjrCeOtk8NNtrE95++2g
DA:19,1,wbex0Ytf94b7jE0u9OATig
DA:22,1,Jynt2F3YJE99Ru6PG/tK/Q
DA:31,1,hk2alIzcR5zvQk/Ow/XPww
DA:32,1,7RK2NOwWoKhQr2Nq3uMvGg
DA:35,1,xXUzLe0uslcdcnBPjhdX/g
DA:44,1,dBaUUdj4XD5AszVZFHKzig
DA:45,1,REfZWLW3OkU9o8pcAl2Hgg
DA:46,1,v9UPiz7im+ZTSy4AIkePMQ
DA:49,1,846Vpy7HSb4hE2O8y2vMmA
DA:63,1,nPdUHqrfAANHMH2t5sTs7Q
DA:64,1,ij5e9OESWFNA4+P8C+c/QQ
DA:65,1,jhlfOO2ZLH7dSSd1RgFBfg
DA:67,1,UyMpnK2uL8Q73Ui8LUr+MA
LF:16
LH:16
end_of_record
TN:
SF:cvx/simulator/interpolation.py
DA:16,1,hnL5vQbYKK3G9j0OEHPboA
DA:18,1,0R9EQTFX1o8OdykZgQCptw
DA:19,1,+cEVG/EPo/EhNFv+0+hnBw
DA:21,1,jAyqZe84A/TAer6eAByn2Q
DA:22,1,XEXq1GAGmmpWUALxKUyTyw
DA:25,1,/fioYVq9eOt4Bdb/NoJC0g
DA:27,1,8WYG0MZ3DKS4Vbyd4U4gyA
LF:7
LH:7
end_of_record
TN:
SF:cvx/simulator/portfolio.py
DA:14,1,ydCxunymauVRdfWlNGpIBA
DA:16,1,7HpIEQVf5K0efdTzo05mJg
DA:17,1,WpEjgxacqgxANZhpobgHYQ
DA:18,1,gRHjawkciFUavd6j4zLvOw
DA:19,1,gGTQvjsCFZRTAK01JA8k5Q
DA:21,1,wbex0Ytf94b7jE0u9OATig
DA:22,1,aA0CxerNf/lnZhvKuNzo2A
DA:24,1,QWAMhXvCeKGWfYwi39qx0w
DA:25,1,dytXI0jLiz/Gvvqy0EEykA
DA:27,1,SS2ywcg4l/QK2Sgw1OUZrA
DA:30,1,/sE9ESbCTi04oMnwCroquQ
DA:31,1,ZDGQfFBkiFeTvJ1OId7s6w
DA:32,1,D9/UKq2qrjHXZA0zwEAfLQ
DA:33,1,0UYZruxyIIwX3vtQFISrLA
DA:34,1,L1fmQ5lyUwD7hdrqa/WWkA
DA:35,1,T8AlsMb5PJyz/f8oqnsoJQ
DA:36,1,Qbs10L9e0W8iH2NbDfO4rg
DA:37,1,X7Hlkgx92AeNPkshMC6igA
DA:38,1,4bneGptD09Un7TfWjDUrlA
DA:40,1,ptNOxcZ/fv1C68zBaV0mrA
DA:41,1,cjv9tF9lD6QhG+JGAwSvPA
DA:42,1,sowwLkJeGOo8tQ9EOZHpVw
DA:43,1,+8U+Uc+OucS5er8dw+rnxw
DA:44,1,af/fca+qem2LN3OltdJGUg
DA:45,1,6DciaTCIQH594qqCHOtpMw
DA:46,1,ogWmpB2aK7TEqtwCwUsQtg
DA:52,1,cYzTJBITiZX5e5n709qoyg
DA:53,1,U/n8uXjjVYB8BNbQZz5Nyg
DA:54,1,aZuxfkeYTfF6Hm4FND50PA
DA:57,1,0z7k7q48auGAO8/WJ5IoPQ
DA:64,1,k9NbZNM33aO27tB9r05jtw
DA:66,1,i1XxAUyhES8csxc7+39PjQ
DA:68,1,tWSBXh1BglyNQ4G73sR6ag
DA:76,1,/S8d/HVFLOL/gTU2e/TkhA
DA:77,1,0DplCwIxOiHRnEAYDi85Ig
DA:78,1,YmYbq6ilTtPDGBqiAQu4EQ
DA:102,1,wOiUHOhe3YQOADhvhaeZEg
DA:103,1,9iG8ZYMnKKgUuvjhX3G0eg
DA:104,1,iVuFiciZcO8KciZsriQdtA
DA:105,1,Cc0olsXvjG8zMBGexATmrg
DA:107,1,5wZOwzPFHe9SAa8oXJUTRg
DA:121,1,cTc07WolJOWI3bYJbf7Unw
DA:122,1,EaR8astUfFs3vdGrOHDgDQ
DA:123,1,a6wr4T7J5mlySXVRqfGYgQ
DA:124,1,EX9ymFe/7gFcFH4oBOlMsQ
DA:126,1,atlOMrLgTH6qoJPHokilrQ
DA:127,1,aoDJnawXF6NP4+35RKWcZw
DA:129,1,HmADa1g/W1C2Vo9Wm4sNNA
DA:130,1,1BEV0QnL5yTTzdxX8uBE5g
DA:141,1,QT38i1rn/vyaw3XZVEr6BA
DA:143,1,HmADa1g/W1C2Vo9Wm4sNNA
DA:144,1,i55b7c/8/kAh8hShlTgXTg
DA:153,1,CvmFbnLGFtB53iQ/Tta0sQ
DA:155,1,HmADa1g/W1C2Vo9Wm4sNNA
DA:156,1,vG9EJeQ/+Nz977aViVYi7w
DA:170,1,fcled15at7liTQxcVZ7UIw
DA:172,1,PaShBLECoCOYav3JAbdRfg
DA:184,1,QRzAK0R3/A7yUSWpSAEH0A
DA:186,1,HmADa1g/W1C2Vo9Wm4sNNA
DA:187,1,sXvki+q7m4B6rvnQWGMPhQ
DA:203,1,H2fUb8vXwgc19eHjTvVcsA
DA:204,1,34Z0lItQxwL2HCSuspJXwQ
DA:206,1,EFZBpFjRUP6Xbu5NyWYRZA
DA:208,1,HmADa1g/W1C2Vo9Wm4sNNA
DA:209,1,sZ1jlwxCUHVp1Umqe/+IZA
DA:224,1,grDUoiH0vbM24OeuGDgtzQ
DA:226,1,HmADa1g/W1C2Vo9Wm4sNNA
DA:227,1,IWmKRxjBrQCFtp0hUX0wxA
DA:238,1,ipDd/9iq1y7S7l86oum3YA
DA:239,1,uUuctRg9e7xWtWmZShT7WQ
DA:240,1,HW1cH3e1xsVoBvTx5R8rWQ
DA:242,1,HmADa1g/W1C2Vo9Wm4sNNA
DA:243,1,6nithhy9C2ZdO/StwRF44g
DA:255,1,qITVuWFoEUSbwTPf6qxSRw
DA:257,1,HmADa1g/W1C2Vo9Wm4sNNA
DA:258,1,8cFyQrcnGlIMBOiJKnPJ0w
DA:259,1,pv0noWN16qONtyBdjhgVpQ
DA:261,1,HmADa1g/W1C2Vo9Wm4sNNA
DA:262,1,aRQFy9TtFhwL6xDLgoEeqQ
DA:274,1,Kifp9+fUlytHiLtgHYXtuw
DA:280,1,HmADa1g/W1C2Vo9Wm4sNNA
DA:281,1,ine41FuF2xhoVirxjsghRQ
DA:289,1,y8tm7cX5NeateGMaE24aIA
DA:290,1,Fne+1o6cPLC68ZBT1Rgg0A
DA:291,1,Sc7WdI8GoD3JoybaozfvGQ
DA:293,1,HmADa1g/W1C2Vo9Wm4sNNA
DA:294,1,WmPz+TU7ncUOdB8KYUy6jA
DA:301,1,Iynaq+ovfEGZxB9CoKERcQ
DA:303,1,HmADa1g/W1C2Vo9Wm4sNNA
DA:304,1,w34YDBqDwCgNAP8lN16TtA
DA:316,1,VQmucE3jjGDKEpUGeD1M1w
DA:317,1,K1t0GCq7WlUyZmAnjaUg8w
DA:318,1,2QQpW4Cd/MC+LVlz2ur9PA
DA:320,1,HmADa1g/W1C2Vo9Wm4sNNA
DA:321,1,F3IBhrJHxCLo+MuID8cPHg
DA:335,1,k8M+/bcYBLcR1BeJPx72eg
DA:337,1,HmADa1g/W1C2Vo9Wm4sNNA
DA:338,1,laCYknYeMpjHUGXGMcclng
DA:352,1,cDaCZnslDraWZHFgJ+kvyA
DA:354,1,Ih0cqh1iKDppMuoEZiumAA
DA:372,1,toBN1qQdkvlfx14hSRMKyA
DA:373,1,6OCuUMqhQ6oYA+gcU29fxw
DA:380,1,4xpYUfLlYTWHlSxACCWnoQ
DA:389,1,3ljDMy5Pj6g6h6CeVo7MOA
DA:391,1,I/niwSlYRwqa6wQ9bsQJsA
DA:396,1,bvgPxC29illDuldHnnQeVA
DA:399,1,jQst+ECwJ3aKc2uK56feLg
DA:400,1,+sv52cEdyMjiK3TZt6fRKg
DA:401,1,pQJR+6z0On4ZpsAE/UIOaA
DA:404,1,8CpgKMsf0jvZBwdKzkH+uQ
DA:405,1,+9umVx9ALH3WHfUbmD0xig
DA:408,1,DnuGHD0F4gELsNBgBzg75g
DA:411,1,oHeYfzgXBjP0iX3wJq+lXA
DA:414,1,6OCuUMqhQ6oYA+gcU29fxw
DA:421,1,ED/dgDHBhxc72qa6OfVKnA
DA:426,1,yI8G0+C0qW0FzEBEk4qwVw
DA:429,1,MyGda6wE+/k3ckquO//5JQ
DA:432,1,0k4Ee771pKqVHfAqw3NgJw
DA:435,1,TJBKHkNM+XTX2u3J9SLskA
DA:436,1,XSQHxH/jEKd1CL1hRXj8cQ
DA:437,1,uY/LuGQqqc5P967JBYPJaA
DA:440,1,b2YBDCzGHNSQ+9X0JQ0DZQ
DA:441,1,3HNIgqvlDdOfF3953f8JtQ
DA:443,1,6OCuUMqhQ6oYA+gcU29fxw
DA:450,1,Xapyw3jz6gkAmLFgxw+sRw
DA:473,1,6OCuUMqhQ6oYA+gcU29fxw
DA:485,1,gmGuluc+JT1THyNHThdFEQ
DA:496,1,1DG8CeTQuOMF6Id9uUfL/Q
DA:498,1,6OCuUMqhQ6oYA+gcU29fxw
DA:505,1,iBlFYB9JzwzHPiiEq2TpjA
DA:524,1,6cryGXsnAu4Vj8/9VhEDeA
DA:538,1,me+BpfhLxT3ANmckWTZSzw
DA:550,1,LFLK2jx5BIU8LiHe79jOBA
DA:563,1,uBHnw+6J2+mUM6R/bDEwkA
DA:564,1,EROCXm/VukirTbb6cpJBlQ
DA:566,1,0VFHij03Ur8BNl7hQNF4MQ
DA:581,1,Tj+z6wCgBOJTeeElLEdBMA
DA:597,1,/Mv9q+TMnewNEtNE13gDfA
DA:627,1,kR3gtaN4GMZaUUqfhv5a2Q
LF:138
LH:138
end_of_record
TN:
SF:cvx/simulator/trading_costs.py
DA:14,1,ydCxunymauVRdfWlNGpIBA
DA:16,1,v7QKF59H0gmB8B14Gp/ZGg
DA:17,1,7HpIEQVf5K0efdTzo05mJg
DA:18,1,gGTQvjsCFZRTAK01JA8k5Q
DA:20,1,wbex0Ytf94b7jE0u9OATig
DA:23,1,/S8d/HVFLOL/gTU2e/TkhA
DA:24,1,/SGP/QEQ9RiVMqd51a0j6g
DA:25,1,jGIVtqfwD4zXOr4ecSupfQ
DA:26,1,QtZ9L0QUVzrQQ+Ejxg9Fvw
DA:36,1,/S8d/HVFLOL/gTU2e/TkhA
DA:37,1,vMo3DzQWI19QNq8tpQRSyw
DA:38,1,2wKlsHadWNhe+0zgI5/OHQ
DA:39,1,QTjJ9RGyf7vve0sAGPgHbQ
DA:41,1,BKK8kYYdjxF0fr9NIcgMng
DA:42,1,YKJmjYcpBjGRQuZ6i8yQog
DA:43,1,C0WlnntHXLhRess+Diu6qg
LF:16
LH:16
end_of_record
