TN:
SF:cvx/simulator/__init__.py
DA:15,1,Y/8w8SlNDXrt9B9ZDYYy5A
DA:16,1,kxom6PUmMgEnKcHFhk/1ZA
DA:17,1,pWLmWLUtPsocEFzREZH+qw
DA:18,1,8ef96SXTFY4DvadtEWeOWQ
LF:4
LH:4
end_of_record
TN:
SF:cvx/simulator/builder.py
DA:14,1,ydCxunymauVRdfWlNGpIBA
DA:16,1,7HpIEQVf5K0efdTzo05mJg
DA:17,1,2Ayr2KzfmRyKfaTDnqdTJw
DA:19,1,IWWjrCeOtk8NNtrE95++2g
DA:20,1,wbex0Ytf94b7jE0u9OATig
DA:22,1,kxom6PUmMgEnKcHFhk/1ZA
DA:23,1,pWLmWLUtPsocEFzREZH+qw
DA:24,1,8UdTGylZVl+VFDq7JWAnEg
DA:25,1,QsjhXZniCeDL2SA6ERxeaQ
DA:28,1,CT9XrugR0VmgtyLiirko8A
DA:29,1,0GAhW3yxfbMuKDv21toXKg
DA:30,1,/ZvqiDY7XVzMiSFdpC6ZCg
DA:42,1,wOiUHOhe3YQOADhvhaeZEg
DA:43,1,cQo9OqHlE6ZzTHV86Z45Lw
DA:45,1,uROvDcQ+ZxIXs9EYL/dxvw
DA:46,1,0XteO6Yq3u/zDVe2X64d/Q
DA:47,1,AOJEOsG2/A1x36/wtskCJw
DA:49,1,5wZOwzPFHe9SAa8oXJUTRg
DA:64,1,cTc07WolJOWI3bYJbf7Unw
DA:65,1,EaR8astUfFs3vdGrOHDgDQ
DA:67,1,Y/gsorMpLP31/EQefcxg1w
DA:69,1,fbgMN9D3Bwj/B6KBgyWnSg
DA:76,1,V2sjP+LEiY3jlLlHM0SgDw
DA:78,1,0yMuAkT86lNTj6Vb+s76rQ
DA:80,1,HmADa1g/W1C2Vo9Wm4sNNA
DA:81,1,Fq/Nc1Rt1rzoelrY1o2nHw
DA:86,1,YicQcL6/U/XXV0QRwAnDyw
DA:88,1,HmADa1g/W1C2Vo9Wm4sNNA
DA:89,1,MK3UYUgIs2z+/PV+i4ibvg
DA:93,1,3iKdM21iSdsb1Ox93U+xEw
DA:99,1,HmADa1g/W1C2Vo9Wm4sNNA
DA:100,1,1BEV0QnL5yTTzdxX8uBE5g
DA:107,1,QT38i1rn/vyaw3XZVEr6BA
DA:109,1,HmADa1g/W1C2Vo9Wm4sNNA
DA:110,1,rVhTu0BDNhAsTF3ATGETLQ
DA:114,1,XRDaHeJTktZY5zfdlfMl8g
DA:116,1,+hRJXelr7wkYJx2DLLEYrQ
DA:130,1,W5iWJelqaORHyRhmNiZ6tA
DA:132,1,GP2GoU60BoFlk8a2CI0uHg
DA:135,1,5UCxw45+8bnLEnLIvhRRGQ
DA:138,1,qFLErsIY1V7GL1cB3Uqhvw
DA:140,1,HmADa1g/W1C2Vo9Wm4sNNA
DA:141,1,m8R64WPyZEPPN+iHdFE0Xg
DA:148,1,GdQjJu/wEZoSF8yx95wPMQ
DA:150,1,ls5SBfCmAPf9lRVsYmRAlA
DA:151,1,1xhu7S4kWn4RR5NsQaJ1NQ
DA:158,1,pBDwmPz3PWP53m50ISuUnw
DA:159,1,zBhVm+vwRVu2DdskOfi8YQ
DA:161,1,HmADa1g/W1C2Vo9Wm4sNNA
DA:162,1,3qew+RwG0W4zTp6Z/mYbkQ
DA:166,1,77C3VuYKlGkiDKphtCehTA
DA:168,1,HmADa1g/W1C2Vo9Wm4sNNA
DA:169,1,J+SxHmUxZEj9yLzoW3R8Qg
DA:174,1,xeXEAqfDshrRvoATf1uYvw
DA:176,1,t3Xm4/e1Xb02PI538tsFvA
DA:177,1,exUTZqyJuuVLyPRZ35AtlA
DA:181,1,FyupTTzMGNYMhLq5xxrfrA
DA:183,1,fXJnDreGYbzS/paTZJEFtg
DA:196,1,S2UuOLM7PbNC3sH0h0qZ7Q
DA:198,1,HmADa1g/W1C2Vo9Wm4sNNA
DA:199,1,MyfC9dtABlFiFMYxQ4jaXA
DA:203,1,Qhptt2R8W+MKzyYBNQIcTA
DA:205,1,0yOEE/GCF6foFAi16bGI0g
DA:206,1,wueZQNeX6Qhs+WpNiWLrpg
DA:211,1,1BtXwIqvfigQr3YiCuhDHQ
DA:213,1,HmADa1g/W1C2Vo9Wm4sNNA
DA:214,1,mqzsD1v3TNR/YTTQmqiMPA
DA:218,1,xnC91IKj0a4mGcLkTg/78A
DA:220,1,5T0qAn12gZ8RFvCZdJK6pg
DA:221,1,5c8zIhpW4JLTD98ljm9doQ
DA:225,1,PCPCR1A4oLT3UKA/3luyLw
DA:226,1,nxbmxLmmAb7Js3BY45QdrQ
DA:228,1,Nnqu9X+lU2lagW39QNhFWA
DA:229,1,KhaOrT+47Zs3NiM2dlKP9Q
DA:233,1,0riMzQ8ydXAWMLaKkIJJjQ
DA:234,1,VbAJHJyKTlg0eozJfPOgvA
LF:75
LH:75
end_of_record
TN:
SF:cvx/simulator/portfolio.py
DA:14,1,ydCxunymauVRdfWlNGpIBA
DA:16,1,7HpIEQVf5K0efdTzo05mJg
DA:17,1,WpEjgxacqgxANZhpobgHYQ
DA:18,1,6vWAvNsegNqafFN4IKLrhg
DA:19,1,gGTQvjsCFZRTAK01JA8k5Q
DA:21,1,IWWjrCeOtk8NNtrE95++2g
DA:22,1,wbex0Ytf94b7jE0u9OATig
DA:23,1,L00nZxDhRmYfLhGrq84LxQ
DA:24,1,l6Sdl67aIozFUe1hFAmzNg
DA:26,1,5kmxmH2W+0zjL567AFvweg
DA:27,1,rRsQVPIvRwHqOFbtBf5Jqw
DA:28,1,QsjhXZniCeDL2SA6ERxeaQ
DA:30,1,SS2ywcg4l/QK2Sgw1OUZrA
DA:33,1,/S8d/HVFLOL/gTU2e/TkhA
DA:34,1,zddM6QQWmT1V2s5MAyOXfQ
DA:35,1,wOiUHOhe3YQOADhvhaeZEg
DA:36,1,ZdA2WOkGU4BfyJe8zvNquw
DA:37,1,SklKzDkhRl0gQqBuzAnaCA
DA:39,1,5wZOwzPFHe9SAa8oXJUTRg
DA:53,1,cTc07WolJOWI3bYJbf7Unw
DA:54,1,EaR8astUfFs3vdGrOHDgDQ
DA:55,1,iVKctBEXqaqLqQ4PT2dBHA
DA:56,1,OlPET7JogEmtm1oFrJ0HfQ
DA:58,1,z8z6W4Wtp1KpdpVnC8CupQ
DA:59,1,0Jep4Q0N4+p5IloJO20fAw
DA:61,1,HmADa1g/W1C2Vo9Wm4sNNA
DA:62,1,1BEV0QnL5yTTzdxX8uBE5g
DA:73,1,QT38i1rn/vyaw3XZVEr6BA
DA:75,1,HmADa1g/W1C2Vo9Wm4sNNA
DA:76,1,i55b7c/8/kAh8hShlTgXTg
DA:85,1,CvmFbnLGFtB53iQ/Tta0sQ
DA:87,1,HmADa1g/W1C2Vo9Wm4sNNA
DA:88,1,epc31DKKLrI503vau7CjfA
DA:90,1,vk7yNSk70zqxmkGWw8NnrQ
DA:91,1,Ex+zXUW23ugbgjlNZwWV3g
DA:93,1,T5kfVBOaAxcmSZ2MnfCDXQ
DA:94,1,JBjE/6kDSr3OznqeNGTIaQ
DA:96,1,2anBaGzEJaZX9gVtUZPI5A
DA:97,1,rJRspTaVPdekmMYS7Iw/Iw
DA:99,1,HmADa1g/W1C2Vo9Wm4sNNA
DA:100,1,w34YDBqDwCgNAP8lN16TtA
DA:107,1,8RDQ1mhkNGVZ2iSAEL9R5w
DA:108,1,qmAWwiASG7Lvk8I4RcxbJg
DA:109,1,rJRspTaVPdekmMYS7Iw/Iw
DA:111,1,HmADa1g/W1C2Vo9Wm4sNNA
DA:112,1,F3IBhrJHxCLo+MuID8cPHg
DA:126,1,5iSrdcJeOKGfQtXJmgi7HQ
DA:127,1,K/SYpEwUPWtnkrwUfi7n4g
DA:128,1,rJRspTaVPdekmMYS7Iw/Iw
DA:130,1,HmADa1g/W1C2Vo9Wm4sNNA
DA:131,1,laCYknYeMpjHUGXGMcclng
DA:145,1,WvaaZ171ISm+mKgXzRdpvw
DA:146,1,pFoyCGaeXrfRfmSvxChD3A
DA:147,1,rJRspTaVPdekmMYS7Iw/Iw
DA:149,1,HmADa1g/W1C2Vo9Wm4sNNA
DA:150,1,3qew+RwG0W4zTp6Z/mYbkQ
DA:154,1,dF80qltVgNdWxW5ATs0e1w
DA:156,1,HmADa1g/W1C2Vo9Wm4sNNA
DA:157,1,7miFR96yMMGqCr/pC59TDw
DA:161,1,MX4nh/Zybeiees3rvuE4Ig
DA:163,1,HmADa1g/W1C2Vo9Wm4sNNA
DA:164,1,uN4eZpdIB6t5CIYX2pajJw
DA:175,1,c7rXvqAqHazJEwBx3XXDSg
DA:176,1,yKIWUU6hKq8ZDoVK3Cybfw
DA:177,1,HW1cH3e1xsVoBvTx5R8rWQ
DA:179,1,HmADa1g/W1C2Vo9Wm4sNNA
DA:180,1,6nithhy9C2ZdO/StwRF44g
DA:191,1,rNlk/dyDJCK1e5hsRvLASA
DA:193,1,HmADa1g/W1C2Vo9Wm4sNNA
DA:194,1,RWZO3foFedw4qgIvvVanlw
DA:197,1,qt/GdzGJtMXoXXd6acPnew
DA:199,1,HmADa1g/W1C2Vo9Wm4sNNA
DA:200,1,8cFyQrcnGlIMBOiJKnPJ0w
DA:201,1,pv0noWN16qONtyBdjhgVpQ
DA:203,1,PaShBLECoCOYav3JAbdRfg
DA:215,1,R0Z3O6i4WR+jql9M2O+YqA
DA:217,1,HmADa1g/W1C2Vo9Wm4sNNA
DA:218,1,sZ1jlwxCUHVp1Umqe/+IZA
DA:231,1,iN/LzudIRx/teaqf1PuwNQ
DA:233,1,HmADa1g/W1C2Vo9Wm4sNNA
DA:234,1,vG9EJeQ/+Nz977aViVYi7w
DA:248,1,fcled15at7liTQxcVZ7UIw
DA:250,1,iBlFYB9JzwzHPiiEq2TpjA
DA:269,1,6cryGXsnAu4Vj8/9VhEDeA
DA:283,1,me+BpfhLxT3ANmckWTZSzw
DA:295,1,LFLK2jx5BIU8LiHe79jOBA
DA:308,1,uBHnw+6J2+mUM6R/bDEwkA
DA:309,1,EROCXm/VukirTbb6cpJBlQ
DA:311,1,0VFHij03Ur8BNl7hQNF4MQ
DA:326,1,SC1gwm8dMM6rrnLzcc6T9g
DA:327,1,OwRrcNHFLjvA9fIxDy9BNg
DA:329,1,Tj+z6wCgBOJTeeElLEdBMA
DA:345,1,/Mv9q+TMnewNEtNE13gDfA
DA:356,1,dXPmj7VRc+JiIgHU1gcL2g
DA:365,1,3T2ERAuabH3fMr7ep+TX4g
DA:370,1,PinofA9hQxJ/YstKy2aRoA
DA:373,1,6A1/zxjFEP0WIclYc7QsdQ
DA:377,1,3T2ERAuabH3fMr7ep+TX4g
DA:384,1,LCzCU/yzCUk7kQv2wfWlJQ
DA:387,1,zdJ0zYrC1R88cSKpbo1NFg
DA:388,1,3T2ERAuabH3fMr7ep+TX4g
DA:399,1,U3vivJ9Re66b43y9dGniOA
DA:401,1,0f+V+Rc0ovsnK7YF+uRQuw
DA:402,1,4RWUbmCYL8xLYwcarPkkug
DA:404,1,rN66IW7U34Z6UmJk/dA83Q
DA:405,1,HgWmNxM6bQbhSLWI624FDQ
DA:411,1,FK+GvYUUbInHp6puy1wYCA
DA:413,1,Nnqu9X+lU2lagW39QNhFWA
DA:414,1,jj4rZ3jk4j0MoCZHQReZvg
DA:418,1,eyBblBKz4gWda0NqcrcvfQ
DA:419,1,V6U6sc7KBNJibQaTGuQXdw
DA:421,1,Nnqu9X+lU2lagW39QNhFWA
DA:422,1,b2ezoV0WKEYyoDh5hyqggA
DA:426,1,0riMzQ8ydXAWMLaKkIJJjQ
DA:427,1,2kwp2qv8XDOeXYzWQpQKmQ
DA:374,0,/i3GQ0kIpYUSVKqZLCUItQ
LF:116
LH:115
end_of_record
TN:
SF:cvx/simulator/quantstats/__init__.py
DA:18,1,ry3psKboFeeM8kFSaHWCfA
DA:20,1,m1T/r98sCH2PBpMKfumisA
DA:22,1,mvi2L/aDvYaJzYrzVNXOVg
DA:25,1,TacDQ80X7ehpBc2IbamU7Q
DA:28,1,ovZn3TbQg+/2+J9farJeUg
DA:33,1,UVZ0F7/HEESXsm/OGw321g
DA:35,1,W85n25tDDybkh87nB1T+rw
DA:36,1,ZC4cjUmLbv9/ryg+kZrF6A
DA:37,1,xIHN52MSmogGTaZS2JVl8A
DA:38,1,Ci+ZNGhxYrbsTIKT2toF9g
DA:39,1,9sgKeMMSB/mAV1EYR+pC5g
DA:40,1,7SBS54G84VOoaa6diEcAWA
DA:41,1,DBr7FUejAT80x2OC2U18Lg
DA:42,1,TaxPv6hVmMYG079Jusetqg
DA:43,1,h5mB8JiQ+32Sh2OHv1O0wA
DA:44,1,BNT7fNAfg7YhBuChcgkEGw
DA:45,1,DljaLk4EM/UyPxLhnSaX2A
DA:46,1,wuWJmAwim9I8/aGS6U4AWQ
DA:47,1,pTNk2rUpdhblUfLqk5O2Yw
DA:48,1,l+83Y6mlwXOX2jIUItd6+A
DA:49,1,DruJoCVZJhGfYMXyBAvehA
DA:50,1,/e4WU9+n/YaZd/ViDrJ0+A
DA:51,1,DA0e3gPAUbzlQ+ugLcR9CQ
DA:52,1,iPvdatOIOmSeGiozQolhKA
DA:53,1,ZvSIX+H4GGPafncMXS04kg
DA:54,1,YQSm33L0SgDHnbmNGU9o4A
DA:55,1,xS9LcW9DstRWD496cABMAg
DA:56,1,vcqd5BCag94kAjB/bUJvEw
DA:57,1,i0RAWo9iOogo5W3Fe0NDQA
DA:58,1,Ep/433UZwINql9jICMZEEA
DA:59,1,dVq8Q3MmuB2l8hi00yxFiQ
DA:60,1,VJvKv2wfqtmAxVTFs0GllQ
DA:61,1,Rjh+QzM5KmCMcYOGaeG+Zg
DA:62,1,a7MqxKEphNEwAeVzsAYebA
DA:63,1,qGY0bYYwtRaKNZBLoDQYOg
DA:64,1,JnelrDK8PopYj+DXwLxzog
DA:65,1,kMy8FhYHJcidtFHZuMz54w
DA:66,1,h9NA6zke2uUz8eQyrWqyjw
DA:67,1,kNSf1IOXzHpN0gIsh4W3Wg
DA:68,1,X8+BPZM6S69ZGVDubbge2A
DA:69,1,RLkzjRJRvJmUMfF+aeG0Gw
DA:70,1,4bHxFA+aHkgWKAN0AXz0JA
DA:71,1,btxti7IYDtynXrEtpFvdEw
DA:72,1,VwEinZ1ff39E8swzo3RC7g
DA:73,1,lYqUXS2p3Plybz0334lo6A
DA:74,1,z/njS3EF3LhXDvb1ONNPUw
DA:75,1,UwAt9/JC5urpXNZRok3nsA
DA:76,1,si42USiedrm4qnJ4F/jniw
DA:77,1,mPa5USM660lkhyxOClz6NQ
DA:78,1,X02EMm7Sn6b9/vI+Du0DsA
DA:79,1,HdIEm+5lrhSDmmV+jtjsnw
DA:80,1,QxMKIsgaeYz4luBmByoNLg
DA:81,1,hz6hjw4sgcd6KPSFqOPFFg
DA:82,1,U6SCa5m9ax0R9Q5VOkWcwA
DA:83,1,FEmg0yWUQvoMPh9J3tDZtw
DA:84,1,KWpyebSdsq5BK3dD55csbg
DA:85,1,sSKyL04rMA5VU6vSaR/fVg
DA:86,1,wP54gkmO4WxSC3j+ZX9IlQ
DA:87,1,W7x7spUONjeR9v0Cw1wYAg
DA:88,1,ap6NjCboFsqHC9vADdKong
DA:89,1,ULE3xewxPWZbTodKc6jMbQ
DA:90,1,PGdVvya7UnfIJ4Ju/VqOFg
DA:91,1,pC0iH/ZJ8SdGZzy1+YqPsg
DA:92,1,yEy5SwHbLF5t3yBrsyFNGA
DA:93,1,Vv1MkvdcS5gwyEfw4RMd4A
DA:94,1,lu/nI5oCMi8ZF90yO8s0yg
DA:96,1,rxXInfzlUxmVWed/wovaCg
DA:97,1,WMKEosMkTI6Oegk1vdgn+w
DA:98,1,QO4zZx6K2deI0rgVNuCZVg
DA:99,1,vrnK4BrJWM9xg9K6WbX/Wg
DA:104,1,ZXV5dzxnUJwVqlS6FU3hOw
DA:105,1,ccB7eOCeIIw6Hf2bJq46+g
DA:106,1,CSrKttPlLahnKjuYQDLPcA
DA:107,1,X59cwHWj63g87s8fjvQ7+w
DA:108,1,twljhynKL7ywowSQwhKWqQ
DA:109,1,hlj0pJ3oQn6KcSlBopiuaA
DA:110,1,1aKk4gopqXkQ/beLYRKdCQ
DA:111,1,jp9iWd5FeNRmpRzgl1pE5w
DA:112,1,6nzSSDQ6RpFOtWbBG8kXMA
DA:113,1,AiWJ2ud6yapDtD9CpUWjGg
DA:114,1,YHk4WhgGA3jjmQtR79xZnA
DA:115,1,zTHUaOQyH3PJYSbH+AwEtA
DA:116,1,8SUUx9v663NKZsq9GB9Rlw
DA:117,1,TbeqQcCFWYSyaXiK2yN/Ng
DA:120,1,75Iy9FhyJqewTY6eBDXBZQ
DA:121,1,592xAeuE1nden5LcQGR4/w
DA:122,1,5nt1IITkQt4RG+JvaBwHjA
DA:123,1,aMyYSV0Xtud6yOKgvaHKPg
DA:124,1,qp+kOz8K4js1AHXGXg1IBA
DA:125,1,JDXJqKx6pJzeo/xwouYzRg
DA:128,1,l9AL9w+BKG6pYsnLLTDW0g
DA:129,1,ER38jRRiMjAU7K7v2JeugQ
DA:130,1,xswz2klj1DF2SQpmoBH68w
DA:131,1,evDRxi8kpliPVDafJtFOdg
DA:132,1,uDOjz19gKgJLQwF5TIgPHA
DA:133,1,ySt9hv27++2mjtTidP8Bng
DA:134,1,N0MGDyGE676cGK5vjsJ3EA
DA:135,1,rHKZOG8tM3qZWkqM476K5Q
DA:136,1,ChaHuSL9MM90lWdt+DxjcQ
DA:137,1,998xxhYH0ml5yfG0CN7a9g
DA:138,1,RlFk/jCBsDwH4Tuf7Qz6ng
DA:139,1,dk+Ls5orXlDkc8iCgKtKtA
DA:140,1,0ZPHh70t+GOd070e+hfdcg
DA:141,1,u3nkX8cQKvNHOv0fOXHO0A
DA:143,1,vslmdsAkPJ8prXR+THY9fA
LF:105
LH:105
end_of_record
TN:
SF:cvx/simulator/quantstats/_plotting/__init__.py
DA:1,1,jxNLmCtons+4esCgPH13TA
LF:0
LH:0
end_of_record
TN:
SF:cvx/simulator/quantstats/_plotting/core.py
DA:18,1,qV/Ywh5HSw6M8FaNtmk1PA
DA:20,1,RuZ5KcncCoRYUb0REMXZIg
DA:21,1,MplwGBNYYCrixxDUWt3T5w
DA:25,1,L00nZxDhRmYfLhGrq84LxQ
DA:27,1,EZdrJ5TqJsXdQR01wnWufg
DA:28,1,kkXsJ1sPFgyuZhJRwqSGqw
DA:29,1,B2Ezq8qYm3yCdXujwQqt4w
DA:30,1,fZEOtxb8Y2sZha6sDC0eAA
DA:31,1,9Xl+GnREpnnImoxeFM9zuQ
DA:34,1,9Xl+GnREpnnImoxeFM9zuQ
DA:38,1,dAKCkDK8Voz8qs6hqYonfg
DA:42,1,4sJl2M3R3da58iwwFkYDWw
DA:57,1,8os0DTBoZMyu0sgyVeaQcg
DA:69,1,N1yMi+0KUqBVCbCsftby2Q
DA:83,1,RASrsUrStxtLsvv1pxZmCA
DA:84,1,+9bnwrKBPAl29Mf1bB0uDQ
DA:85,1,faLBF+Xrj42bbV8BwHA/Qw
DA:86,1,2M4wEuYU3Cs82ihpmf23eg
DA:87,1,RGyiBwtDCBvIRAGzZ3XoPw
DA:91,1,pNwML8nNl/IBYYD0LxbYbA
DA:94,1,sdLeQydsl5IFCadpt+xf3g
DA:114,1,ChgtkEgG9/SSLQsYcDHFJA
DA:116,1,mEEcex/pw8mXettEgMlKQw
DA:121,1,/oj4VDznbqykQ+xc/9KvbA
DA:122,1,09pEEXkRpgctg75/nMHRmA
DA:123,1,XNBP7l8xVFIdRyh/HDaAcA
DA:124,1,kRJLI6XJloUsfapGjJJmxA
DA:125,1,McjO4L/PM9c1a9rU6Q7r+w
DA:128,1,4p/HbyzQxt1ADv8kb8MEuQ
DA:136,1,ylvz1Jj0lEEex5sICgAXMw
DA:137,1,V1EoC1XHy2aGhWPCTTSosw
DA:141,1,0kb4ZDAgAWOwxX/erYRntQ
DA:142,1,rNohnkY9ZGq5B1UlsTtlRg
DA:143,1,eSVh8cNiT2zZeEEBVK4KKQ
DA:144,1,GFvEmsNucvw+RyyIPAJcbA
DA:145,1,ZPxTt5QZsIUKC0vmbwzwcg
DA:148,1,R3Ko7rxEqfXiuEWiR6IWMg
DA:152,1,o8LHe+vXL2bAhEhuuvS29A
DA:153,1,NLDPh60pKw1NhsWdK9UquA
DA:163,1,x+3KO/NLLU6Y8zi0kugrtQ
DA:164,1,XHCiZWH1PwdIcSuVcSoMWA
DA:165,1,5PPgA7dMQRvl1urHhjBGlA
DA:167,1,+CjMBJEJQJOo0eVCSFEmbQ
DA:168,1,+rzDrD5gHPiwuJGmonvouA
DA:170,1,B/Fo9U4/nMeRNS1JjGZVyQ
DA:171,1,hUVFHoGTe8q4OMLgN8SChQ
DA:172,1,D0WDxm0Kck1dLbCB84DyDA
DA:179,1,7Z/znMBJ44Xcsd+e1dSmQw
DA:187,1,JzR7FtkJfoPks5gfkm9bjw
DA:189,1,Cz1n2yfZd4tyV+80opl7jA
DA:190,1,P4P5xo5Srs3kvfa/9mYiWw
DA:191,1,K1kLjgBE9MM/mzTmKXldiw
DA:193,1,yWV3Yfy4fYK4zfnmRLPlJw
DA:195,1,4i9QWWhbrgABp1zZ9zK3MQ
DA:198,1,0P3jSkZXDabqI//ezLJm1A
DA:200,1,ZS+2KiF/gzlEtrKcreDGDQ
DA:202,1,KkPI3NCper0fyNZt6kpL4A
DA:203,1,ZI/Gdm34ZmMngdXVf+25CQ
DA:204,1,wz8tAFt8IEAr6Af0lfXirg
DA:207,1,SFEDRQsgcgvvLZGjqM34ew
DA:209,1,uxZfeOFKsjGf0buMypIClA
DA:211,1,8tfbxGWNZJ1sWFRdP7GfUg
DA:212,1,LGi0lQxJgHtYoYdDKdom6w
DA:214,1,B/Fo9U4/nMeRNS1JjGZVyQ
DA:215,1,i5lXHPex8ZkAc8Th0b4kjg
DA:219,1,B/Fo9U4/nMeRNS1JjGZVyQ
DA:220,1,aGvp8HcSYgxGZmr1mO7vhA
DA:224,1,3miG/UQYFYXDKwa6RK7hvg
DA:225,1,sEMEOEhocS3iFvSl+z3W9g
DA:226,1,XxSuQNH4DpUON5sQ+1rrgA
DA:230,1,hFVEs5IjRAK3GRSG4IlETA
DA:231,1,F7psarZZ1CY22yrHOuh12A
DA:233,1,MEkAhzpoofIgNkfiP4RzEw
DA:235,1,E6OZJ5h3fTBhG0WMW8VFBQ
DA:236,1,FK+GvYUUbInHp6puy1wYCA
DA:238,1,UntDfNWeIJlMcYl/4Lg0pA
DA:241,1,yZkKDNnTMfYUCKZ7LZVARA
DA:266,1,iD/jjjTM+BQs4En/q/Ebcg
DA:268,1,cp0qVCSmNkPNGntJK3UQvA
DA:269,1,4p/HbyzQxt1ADv8kb8MEuQ
DA:272,1,ChgtkEgG9/SSLQsYcDHFJA
DA:274,1,mEEcex/pw8mXettEgMlKQw
DA:279,1,XPiNCkG6HZXDw+pOmUtL+A
DA:280,1,lZdApqlC0doJxkryLG0qjw
DA:281,1,XmnI3KVx1sHoJsukzDnZ8Q
DA:282,1,A2gW9xjH3xszUhxoxdWx0w
DA:289,1,3J0x8Vk5dKCo0b2slrXMhw
DA:290,1,S5ZDgfhZDdnc7q4lhP60UQ
DA:291,1,QV8uCGdm6WcKXf0YEDY/Fg
DA:292,1,Hk0m1wdBLwGKsNq3nlLK/Q
DA:297,1,0kb4ZDAgAWOwxX/erYRntQ
DA:298,1,rNohnkY9ZGq5B1UlsTtlRg
DA:299,1,eSVh8cNiT2zZeEEBVK4KKQ
DA:300,1,GFvEmsNucvw+RyyIPAJcbA
DA:301,1,ZPxTt5QZsIUKC0vmbwzwcg
DA:303,1,R3Ko7rxEqfXiuEWiR6IWMg
DA:307,1,o8LHe+vXL2bAhEhuuvS29A
DA:308,1,NLDPh60pKw1NhsWdK9UquA
DA:318,1,+CjMBJEJQJOo0eVCSFEmbQ
DA:319,1,+rzDrD5gHPiwuJGmonvouA
DA:321,1,4p/HbyzQxt1ADv8kb8MEuQ
DA:324,1,0qk0uf8qsCNx00P1COpeNw
DA:325,1,09pEEXkRpgctg75/nMHRmA
DA:326,1,xS56TfaE/YNcCiugfk3wTw
DA:327,1,kRJLI6XJloUsfapGjJJmxA
DA:329,1,H0lh5DPfYdwno6qFvAeYQg
DA:330,1,dLxQbhIydWYUEKrQBQ+uQw
DA:332,1,gawMcIFbrPw9dJHQDprOlw
DA:333,1,bS/iIooGCINQPROGpn2LBg
DA:334,1,WBNSUPFtWd6AtZ0kjZjPwQ
DA:335,1,ZhjSTEUtFJz2j4dU1YLpxQ
DA:336,1,Y7MCeVrH+oyJfQQWrp9BBQ
DA:337,1,KLBQBjCVArJfj26jNqd05Q
DA:342,1,JzR7FtkJfoPks5gfkm9bjw
DA:347,1,Cz1n2yfZd4tyV+80opl7jA
DA:348,1,P4P5xo5Srs3kvfa/9mYiWw
DA:349,1,K1kLjgBE9MM/mzTmKXldiw
DA:351,1,yWV3Yfy4fYK4zfnmRLPlJw
DA:353,1,LPo9tFnfRZlBMDm2yendbw
DA:354,1,XAC+mfQZESqtueliLrMI6Q
DA:357,1,0P3jSkZXDabqI//ezLJm1A
DA:359,1,ZS+2KiF/gzlEtrKcreDGDQ
DA:361,1,SygbEd0RVIJZMGhVjHuSgA
DA:362,1,zhuS6JY+EDk2dPHys7hqSA
DA:366,1,KkPI3NCper0fyNZt6kpL4A
DA:367,1,ZI/Gdm34ZmMngdXVf+25CQ
DA:368,1,wz8tAFt8IEAr6Af0lfXirg
DA:371,1,o5D24xsbwVuBO83itVIioQ
DA:373,1,8tfbxGWNZJ1sWFRdP7GfUg
DA:374,1,LGi0lQxJgHtYoYdDKdom6w
DA:376,1,B/Fo9U4/nMeRNS1JjGZVyQ
DA:377,1,i5lXHPex8ZkAc8Th0b4kjg
DA:381,1,B/Fo9U4/nMeRNS1JjGZVyQ
DA:382,1,aGvp8HcSYgxGZmr1mO7vhA
DA:386,1,3miG/UQYFYXDKwa6RK7hvg
DA:387,1,sEMEOEhocS3iFvSl+z3W9g
DA:388,1,XxSuQNH4DpUON5sQ+1rrgA
DA:392,1,hFVEs5IjRAK3GRSG4IlETA
DA:393,1,F7psarZZ1CY22yrHOuh12A
DA:395,1,MEkAhzpoofIgNkfiP4RzEw
DA:397,1,E6OZJ5h3fTBhG0WMW8VFBQ
DA:398,1,FK+GvYUUbInHp6puy1wYCA
DA:400,1,UntDfNWeIJlMcYl/4Lg0pA
DA:403,1,groot97vTd6+op45SWAhRQ
DA:423,1,/oj4VDznbqykQ+xc/9KvbA
DA:425,1,cPQgvwIYTuJqdgNpvjsiCg
DA:426,1,QWIik+9W0srJyerFyo2OfA
DA:435,1,YXJU7ehc3+vjq6f+/L7LVQ
DA:439,1,KZ1yKgvflXa/408vIGQZoA
DA:440,1,0kb4ZDAgAWOwxX/erYRntQ
DA:442,1,rNohnkY9ZGq5B1UlsTtlRg
DA:443,1,eSVh8cNiT2zZeEEBVK4KKQ
DA:444,1,GFvEmsNucvw+RyyIPAJcbA
DA:445,1,ZPxTt5QZsIUKC0vmbwzwcg
DA:447,1,R3Ko7rxEqfXiuEWiR6IWMg
DA:451,1,o8LHe+vXL2bAhEhuuvS29A
DA:452,1,NLDPh60pKw1NhsWdK9UquA
DA:462,1,+CjMBJEJQJOo0eVCSFEmbQ
DA:463,1,+rzDrD5gHPiwuJGmonvouA
DA:465,1,0BysM2bDr9XWq0iXmR5G6w
DA:466,1,FrZ1BXjH8BHB9r/txifcIQ
DA:468,1,8I2PLUlE3fOosBYPbTq4hA
DA:469,1,RG0KTi/Adv924dHvG52wVw
DA:470,1,UqaG6hK2vQTyG3/k6ydKjw
DA:479,1,QWIik+9W0srJyerFyo2OfA
DA:509,1,bS/iIooGCINQPROGpn2LBg
DA:510,1,pxqIr4bIQhrKYxV5dRZiWg
DA:511,1,OyPkoRNcKdzzZ5/qLUemGg
DA:512,1,Y/RFTTXT0+wPVb8+3Rieng
DA:513,1,GLi+ZrB5euQnFaUGhFkCjA
DA:543,1,hQr+iZfQjdMnLYjkLQjFlQ
DA:544,1,PzbuR4YFSgcRvDlhiRoVKg
DA:554,1,ONXM/iBlrjN4sGi5lRKAAw
DA:562,1,KkPI3NCper0fyNZt6kpL4A
DA:563,1,r407xL7VEN8BTrp34vF1Xg
DA:566,1,o5D24xsbwVuBO83itVIioQ
DA:570,1,B/Fo9U4/nMeRNS1JjGZVyQ
DA:571,1,i5lXHPex8ZkAc8Th0b4kjg
DA:575,1,B/Fo9U4/nMeRNS1JjGZVyQ
DA:576,1,aGvp8HcSYgxGZmr1mO7vhA
DA:580,1,3miG/UQYFYXDKwa6RK7hvg
DA:581,1,sEMEOEhocS3iFvSl+z3W9g
DA:582,1,XxSuQNH4DpUON5sQ+1rrgA
DA:586,1,hFVEs5IjRAK3GRSG4IlETA
DA:587,1,F7psarZZ1CY22yrHOuh12A
DA:589,1,MEkAhzpoofIgNkfiP4RzEw
DA:591,1,E6OZJ5h3fTBhG0WMW8VFBQ
DA:592,1,FK+GvYUUbInHp6puy1wYCA
DA:594,1,UntDfNWeIJlMcYl/4Lg0pA
DA:597,1,2ShCwV5SNZalYyYA79nCpQ
DA:615,1,/oj4VDznbqykQ+xc/9KvbA
DA:617,1,0kb4ZDAgAWOwxX/erYRntQ
DA:618,1,rNohnkY9ZGq5B1UlsTtlRg
DA:619,1,eSVh8cNiT2zZeEEBVK4KKQ
DA:620,1,GFvEmsNucvw+RyyIPAJcbA
DA:621,1,ZPxTt5QZsIUKC0vmbwzwcg
DA:623,1,UqaG6hK2vQTyG3/k6ydKjw
DA:624,1,yo8zlijI98nT56H2NevOlA
DA:626,1,09pEEXkRpgctg75/nMHRmA
DA:627,1,CrPBxw9h9TCDHgS6gndrig
DA:628,1,kRJLI6XJloUsfapGjJJmxA
DA:629,1,McjO4L/PM9c1a9rU6Q7r+w
DA:632,1,4p/HbyzQxt1ADv8kb8MEuQ
DA:648,1,bS/iIooGCINQPROGpn2LBg
DA:649,1,exHjlZQ9MHKyDLernQKibQ
DA:650,1,PtXlz77+XRzuqwVd6QGuqQ
DA:653,1,ZhjSTEUtFJz2j4dU1YLpxQ
DA:654,1,DQ/2vK7p/rkGN2tgwGfQLQ
DA:655,1,gF2b6XIT8VnZUV/gOv+FEQ
DA:656,1,G8Hcl4rCJtsUmE6hOIcnQg
DA:659,1,JzR7FtkJfoPks5gfkm9bjw
DA:663,1,R3Ko7rxEqfXiuEWiR6IWMg
DA:667,1,o8LHe+vXL2bAhEhuuvS29A
DA:668,1,NLDPh60pKw1NhsWdK9UquA
DA:678,1,Cz1n2yfZd4tyV+80opl7jA
DA:679,1,P4P5xo5Srs3kvfa/9mYiWw
DA:680,1,K1kLjgBE9MM/mzTmKXldiw
DA:682,1,yWV3Yfy4fYK4zfnmRLPlJw
DA:684,1,4i9QWWhbrgABp1zZ9zK3MQ
DA:686,1,ZI/Gdm34ZmMngdXVf+25CQ
DA:687,1,wz8tAFt8IEAr6Af0lfXirg
DA:690,1,SFEDRQsgcgvvLZGjqM34ew
DA:692,1,yplTe9GJ1kh4abIFrTnhag
DA:694,1,0P3jSkZXDabqI//ezLJm1A
DA:696,1,8tfbxGWNZJ1sWFRdP7GfUg
DA:697,1,LGi0lQxJgHtYoYdDKdom6w
DA:699,1,B/Fo9U4/nMeRNS1JjGZVyQ
DA:700,1,i5lXHPex8ZkAc8Th0b4kjg
DA:704,1,B/Fo9U4/nMeRNS1JjGZVyQ
DA:705,1,aGvp8HcSYgxGZmr1mO7vhA
DA:709,1,3miG/UQYFYXDKwa6RK7hvg
DA:710,1,sEMEOEhocS3iFvSl+z3W9g
DA:711,1,XxSuQNH4DpUON5sQ+1rrgA
DA:714,1,hFVEs5IjRAK3GRSG4IlETA
DA:715,1,F7psarZZ1CY22yrHOuh12A
DA:717,1,MEkAhzpoofIgNkfiP4RzEw
DA:719,1,E6OZJ5h3fTBhG0WMW8VFBQ
DA:720,1,FK+GvYUUbInHp6puy1wYCA
DA:722,1,UntDfNWeIJlMcYl/4Lg0pA
DA:725,1,hz/6QCw9STU2CY+76fMwZg
DA:743,1,/oj4VDznbqykQ+xc/9KvbA
DA:745,1,0kb4ZDAgAWOwxX/erYRntQ
DA:746,1,rNohnkY9ZGq5B1UlsTtlRg
DA:747,1,eSVh8cNiT2zZeEEBVK4KKQ
DA:748,1,GFvEmsNucvw+RyyIPAJcbA
DA:749,1,ZPxTt5QZsIUKC0vmbwzwcg
DA:751,1,R3Ko7rxEqfXiuEWiR6IWMg
DA:755,1,o8LHe+vXL2bAhEhuuvS29A
DA:756,1,NLDPh60pKw1NhsWdK9UquA
DA:766,1,viScRklvULii5otFhItSkQ
DA:767,1,09pEEXkRpgctg75/nMHRmA
DA:768,1,tobzkfClYQCzSF0xMwMuQg
DA:769,1,LHuRnKp9bfUN2/NB1yssLQ
DA:781,1,viScRklvULii5otFhItSkQ
DA:782,1,HI4UKq1XxeYL0zqWo5swcA
DA:783,1,Smf5m4z3/yH9gsN/p4Vc1Q
DA:784,1,bS/iIooGCINQPROGpn2LBg
DA:785,1,PtXlz77+XRzuqwVd6QGuqQ
DA:808,1,A6n/xIFQG0rqBaCZAj/sGA
DA:813,1,ULhOvsV5ZFIcxpnqqQ2CFg
DA:818,1,/wtvk9g8Y8QhlDTeIraNFQ
DA:819,1,PMUlJFwe5HIJ71D8oq4ADA
DA:820,1,YU5F2ACkKFGnhMTJjkiXdA
DA:821,1,CMZbtjUp3wDbskqkkTYIFg
DA:823,1,09pEEXkRpgctg75/nMHRmA
DA:824,1,YnsgKHlJjOfyBK0bojY0pg
DA:825,1,2aQLk1OG704FoOk97yexFA
DA:827,1,4i9QWWhbrgABp1zZ9zK3MQ
DA:829,1,JzR7FtkJfoPks5gfkm9bjw
DA:832,1,n1Bm9cBrDESnK8EyaVqCHA
DA:834,1,ZI/Gdm34ZmMngdXVf+25CQ
DA:835,1,wz8tAFt8IEAr6Af0lfXirg
DA:838,1,SFEDRQsgcgvvLZGjqM34ew
DA:840,1,0P3jSkZXDabqI//ezLJm1A
DA:841,1,8tfbxGWNZJ1sWFRdP7GfUg
DA:844,1,B/Fo9U4/nMeRNS1JjGZVyQ
DA:845,1,i5lXHPex8ZkAc8Th0b4kjg
DA:849,1,B/Fo9U4/nMeRNS1JjGZVyQ
DA:850,1,aGvp8HcSYgxGZmr1mO7vhA
DA:854,1,3miG/UQYFYXDKwa6RK7hvg
DA:860,1,hFVEs5IjRAK3GRSG4IlETA
DA:863,1,MEkAhzpoofIgNkfiP4RzEw
DA:865,1,E6OZJ5h3fTBhG0WMW8VFBQ
DA:866,1,FK+GvYUUbInHp6puy1wYCA
DA:871,1,GtaUcY7nAYCHVGaaooMfKw
DA:886,1,9E9CO0UDmkUwQyNlv6HPYw
DA:887,1,RGyiBwtDCBvIRAGzZ3XoPw
DA:890,1,bhSTeUpilhAr4PzBJm015g
DA:891,1,OdSYbI7HqnDWT0vrJU211A
DA:892,1,Mz8bBBNdikBOlNv/DCv9UQ
DA:896,1,0kb4ZDAgAWOwxX/erYRntQ
DA:897,1,rNohnkY9ZGq5B1UlsTtlRg
DA:898,1,eSVh8cNiT2zZeEEBVK4KKQ
DA:899,1,GFvEmsNucvw+RyyIPAJcbA
DA:900,1,ZPxTt5QZsIUKC0vmbwzwcg
DA:902,1,R3Ko7rxEqfXiuEWiR6IWMg
DA:910,1,o8LHe+vXL2bAhEhuuvS29A
DA:911,1,NLDPh60pKw1NhsWdK9UquA
DA:921,1,+CjMBJEJQJOo0eVCSFEmbQ
DA:922,1,+rzDrD5gHPiwuJGmonvouA
DA:923,1,5+sxTWjRAnBrdq5MrFNHLw
DA:924,1,fI+24RGrY+GH20z5CUNznA
DA:926,1,vI+w1Jm6PC7r91bEeMNG7g
DA:927,1,rx5oqMvaW0I/QhIy/0t20A
DA:928,1,/a3XoLp2cFeeQGqBYezwOQ
DA:935,1,JzR7FtkJfoPks5gfkm9bjw
DA:938,1,n1Bm9cBrDESnK8EyaVqCHA
DA:940,1,4i9QWWhbrgABp1zZ9zK3MQ
DA:941,1,ZS+2KiF/gzlEtrKcreDGDQ
DA:942,1,ZI/Gdm34ZmMngdXVf+25CQ
DA:943,1,wz8tAFt8IEAr6Af0lfXirg
DA:950,1,SFEDRQsgcgvvLZGjqM34ew
DA:952,1,uxZfeOFKsjGf0buMypIClA
DA:956,1,JzR7FtkJfoPks5gfkm9bjw
DA:958,1,B/Fo9U4/nMeRNS1JjGZVyQ
DA:959,1,i5lXHPex8ZkAc8Th0b4kjg
DA:963,1,B/Fo9U4/nMeRNS1JjGZVyQ
DA:964,1,aGvp8HcSYgxGZmr1mO7vhA
DA:968,1,3miG/UQYFYXDKwa6RK7hvg
DA:969,1,sEMEOEhocS3iFvSl+z3W9g
DA:970,1,XxSuQNH4DpUON5sQ+1rrgA
DA:974,1,hFVEs5IjRAK3GRSG4IlETA
DA:975,1,F7psarZZ1CY22yrHOuh12A
DA:977,1,MEkAhzpoofIgNkfiP4RzEw
DA:979,1,E6OZJ5h3fTBhG0WMW8VFBQ
DA:980,1,FK+GvYUUbInHp6puy1wYCA
DA:982,1,UntDfNWeIJlMcYl/4Lg0pA
DA:985,1,7PV7q+vurc15xw3Y3B0LdQ
DA:997,1,+9bnwrKBPAl29Mf1bB0uDQ
DA:998,1,RGyiBwtDCBvIRAGzZ3XoPw
DA:1002,1,MlWv92AHPaUQLh2XNwZYkA
DA:1003,1,003Jpl5nA+Nsj9fM8Wpmfg
DA:1005,1,cPQgvwIYTuJqdgNpvjsiCg
DA:1007,1,G36bQCuzUfpLWR35qKCDyg
DA:1008,1,2vX70Pr2z3q7UwvDSjCJ6A
DA:1010,1,rlBr4R3Zxd8LUnh5NaAUaA
DA:1011,1,et5QlpIkb7CQ2OqPV8Cnaw
DA:1013,1,BoB3FFOQzTb/tpY2us3CEg
DA:1014,1,Uwy/YcbS/pQW+vsSrwMqng
DA:1016,1,sHooA4PdeuM0OEIc5D48SA
DA:1017,1,lPUh3tUfSGcqawtEYCsQJQ
DA:1019,1,0kb4ZDAgAWOwxX/erYRntQ
DA:1020,1,rNohnkY9ZGq5B1UlsTtlRg
DA:1021,1,eSVh8cNiT2zZeEEBVK4KKQ
DA:1022,1,GFvEmsNucvw+RyyIPAJcbA
DA:1023,1,ZPxTt5QZsIUKC0vmbwzwcg
DA:1025,1,FINYjKVKRHSme156PiiuSQ
DA:1026,1,zmSiHxlTc5tdY1FovmExvw
DA:1028,1,/soRN6S8jTdXg5L/qV6C3Q
DA:1029,1,R3Ko7rxEqfXiuEWiR6IWMg
DA:1033,1,o8LHe+vXL2bAhEhuuvS29A
DA:1034,1,NLDPh60pKw1NhsWdK9UquA
DA:1044,1,+CjMBJEJQJOo0eVCSFEmbQ
DA:1045,1,+rzDrD5gHPiwuJGmonvouA
DA:1047,1,aqQuxuhhyzTM5Cg2DuBP5A
DA:1059,1,yrPI0vCuzYg4S1XXXyK3ww
DA:1063,1,ZI/Gdm34ZmMngdXVf+25CQ
DA:1064,1,wz8tAFt8IEAr6Af0lfXirg
DA:1067,1,SFEDRQsgcgvvLZGjqM34ew
DA:1069,1,JzR7FtkJfoPks5gfkm9bjw
DA:1071,1,B/Fo9U4/nMeRNS1JjGZVyQ
DA:1072,1,+UfLjR/XXbAjAvVy/LBTTg
DA:1075,1,B/Fo9U4/nMeRNS1JjGZVyQ
DA:1076,1,X7LLepdD6Oycr29UYWPW/Q
DA:1080,1,3miG/UQYFYXDKwa6RK7hvg
DA:1081,1,sEMEOEhocS3iFvSl+z3W9g
DA:1082,1,XxSuQNH4DpUON5sQ+1rrgA
DA:1086,1,hFVEs5IjRAK3GRSG4IlETA
DA:1087,1,F7psarZZ1CY22yrHOuh12A
DA:1089,1,MEkAhzpoofIgNkfiP4RzEw
DA:1091,1,E6OZJ5h3fTBhG0WMW8VFBQ
DA:1092,1,FK+GvYUUbInHp6puy1wYCA
DA:1094,1,UntDfNWeIJlMcYl/4Lg0pA
DA:1097,1,x0ni8cmOS/vGwYQCRVr/qA
DA:1188,1,9g2opLdlHIClekNDGmnCdg
DA:1189,1,8sL6duw3vtQKyzVswlBTNw
DA:1192,1,WLJBtdnK4RWTRniAL+WMxA
DA:1195,1,4yZJoclbRps05nNUtAc3XQ
DA:1198,1,UsYe7m6xHmqeYZonRgsfUQ
DA:1199,1,QWec7mcWvnu/zfjsaShXHw
DA:1200,1,YoHpZ4ErmPKkqeZaLhs1PQ
DA:1205,1,qxRtRmX3TBYjYDDF0k3kEg
DA:1206,1,+HB4BYrnRgP/sVZGwj8dzw
DA:1207,1,8sL6duw3vtQKyzVswlBTNw
DA:1210,1,WLJBtdnK4RWTRniAL+WMxA
DA:1213,1,4yZJoclbRps05nNUtAc3XQ
DA:1216,1,UsYe7m6xHmqeYZonRgsfUQ
DA:1219,1,3/Mff9z1XUcKf8lCPrCiHA
DA:1220,1,h+jJhjABodYbBgbj2f+Maw
DA:22,0,v4qzlDjggnLvklCZPO4RPg
DA:23,0,PdeqDqr4bOft68ON3+/7kg
DA:88,0,HU6dT0pLFhw71/RMrqZMNQ
DA:89,0,jt1lr2lNN+jCuXScJQLxdw
DA:90,0,qdGSs/8IXEvj6zSaXbLNBQ
DA:115,0,1yFbz6jye7jc55BgZIyTgA
DA:117,0,AytvrZkLgm0WRkLdR/jJ3w
DA:118,0,rod4W08/HfOQ4A7jhjVAYw
DA:129,0,LvFx8SyCDKvwTcM7bvWhjQ
DA:130,0,bS/iIooGCINQPROGpn2LBg
DA:131,0,+6r69yQqlfYEESG+g8a7Sw
DA:132,0,ZhjSTEUtFJz2j4dU1YLpxQ
DA:133,0,dHRMInN+WIXd2Qb0WxCJvw
DA:134,0,RDJ51i4SMSl9NdH6hYht+A
DA:138,0,PhyAHNw8Mv1D3N2S9R7+Sw
DA:173,0,W7gQKZE150AQEaXFQIudGg
DA:174,0,lCdzIbDUNYrZvNq5olzelQ
DA:175,0,ZLDbFkBrU5Djwt5HaqCcHw
DA:180,0,LawlJ3cI5bMP2RJ4FtziPw
DA:181,0,fea5yPoCsqadaphnSKiKlw
DA:192,0,WGH6BpJ96yfIYPlyBhZ7fQ
DA:216,0,V7uRmjj6chiNnyDqZpYJVA
DA:217,0,wWvyVCzDRWfTVXhFZNNl1w
DA:221,0,V7uRmjj6chiNnyDqZpYJVA
DA:222,0,wWvyVCzDRWfTVXhFZNNl1w
DA:228,0,TlRr30TEOS5MHGP0kedK6A
DA:270,0,kHe9topf6hJJYfik2GHHuw
DA:273,0,1yFbz6jye7jc55BgZIyTgA
DA:275,0,Lit28BkV0ga5YQi+65IzrA
DA:276,0,rod4W08/HfOQ4A7jhjVAYw
DA:283,0,fAGg5uKQzg0QE6Zzs0tGuw
DA:285,0,+aejlGHCeFGdq836guq7og
DA:286,0,A2gW9xjH3xszUhxoxdWx0w
DA:287,0,/Z1ssmNhejdAIeSRlixeHg
DA:293,0,ELpMiMM0YMf7YcckTJ15Sw
DA:294,0,NLiYgDw1t2PKN8y88WmD8g
DA:322,0,1VGPfAAtdII+zLArJe0gVA
DA:350,0,iA0Ws40gHkzgvgGDAWItDw
DA:378,0,V7uRmjj6chiNnyDqZpYJVA
DA:379,0,wWvyVCzDRWfTVXhFZNNl1w
DA:383,0,V7uRmjj6chiNnyDqZpYJVA
DA:384,0,wWvyVCzDRWfTVXhFZNNl1w
DA:390,0,TlRr30TEOS5MHGP0kedK6A
DA:427,0,CAOznb0E65O5vYnDXImSNA
DA:471,0,zZ3tmLUqSATvbcIOPCrIQA
DA:476,0,inBg+VZ7+kBp++ajbL+iyw
DA:477,0,S5/2SSO9g/pZCTIqkXokLA
DA:480,0,bS/iIooGCINQPROGpn2LBg
DA:481,0,kW5x/qwKJXedqiAipVNV1w
DA:488,0,ZhjSTEUtFJz2j4dU1YLpxQ
DA:489,0,kW5x/qwKJXedqiAipVNV1w
DA:496,0,HbBaTyILSKLzSPslirOGAw
DA:523,0,ZhjSTEUtFJz2j4dU1YLpxQ
DA:524,0,kW5x/qwKJXedqiAipVNV1w
DA:530,0,GLi+ZrB5euQnFaUGhFkCjA
DA:572,0,V7uRmjj6chiNnyDqZpYJVA
DA:573,0,wWvyVCzDRWfTVXhFZNNl1w
DA:577,0,V7uRmjj6chiNnyDqZpYJVA
DA:578,0,wWvyVCzDRWfTVXhFZNNl1w
DA:584,0,TlRr30TEOS5MHGP0kedK6A
DA:633,0,8RDacguLkdNvrb3KsnXd/g
DA:634,0,bS/iIooGCINQPROGpn2LBg
DA:635,0,fBEZx3FPNL+Wg63fDgBwEw
DA:636,0,PtXlz77+XRzuqwVd6QGuqQ
DA:639,0,ZhjSTEUtFJz2j4dU1YLpxQ
DA:640,0,VV80/LDHceRnmiJqUV7D4Q
DA:641,0,DGogolpdROo8qhv3jt2g1g
DA:642,0,gF2b6XIT8VnZUV/gOv+FEQ
DA:643,0,G8Hcl4rCJtsUmE6hOIcnQg
DA:644,0,GduxUhETxV7RwjNsQJ64zQ
DA:681,0,iA0Ws40gHkzgvgGDAWItDw
DA:701,0,V7uRmjj6chiNnyDqZpYJVA
DA:702,0,wWvyVCzDRWfTVXhFZNNl1w
DA:706,0,V7uRmjj6chiNnyDqZpYJVA
DA:707,0,wWvyVCzDRWfTVXhFZNNl1w
DA:713,0,TlRr30TEOS5MHGP0kedK6A
DA:770,0,kRJLI6XJloUsfapGjJJmxA
DA:771,0,lbVzGb+O7Z4AJ0pdt3yV7A
DA:777,0,Kr6vehEglxEePDrBctyU6g
DA:778,0,yHh9huLx11cx0WAOcR/3mw
DA:779,0,HBQ4OnaWGGQaqlgThWGsyA
DA:792,0,ZhjSTEUtFJz2j4dU1YLpxQ
DA:793,0,3cFGbtqPdvUZ2WyocQ7lbA
DA:797,0,77ETrlJ8oBYAspt89d6fcg
DA:798,0,dREEYxJVT+dlWtNOrzvAMw
DA:806,0,sH6AVlKO9qdUYgp46IvY3w
DA:842,0,LGi0lQxJgHtYoYdDKdom6w
DA:846,0,V7uRmjj6chiNnyDqZpYJVA
DA:847,0,wWvyVCzDRWfTVXhFZNNl1w
DA:851,0,V7uRmjj6chiNnyDqZpYJVA
DA:852,0,wWvyVCzDRWfTVXhFZNNl1w
DA:855,0,sEMEOEhocS3iFvSl+z3W9g
DA:856,0,XxSuQNH4DpUON5sQ+1rrgA
DA:858,0,TlRr30TEOS5MHGP0kedK6A
DA:861,0,F7psarZZ1CY22yrHOuh12A
DA:868,0,UntDfNWeIJlMcYl/4Lg0pA
DA:888,0,yQE/BOXLXMTcOQGjL1VWJQ
DA:960,0,V7uRmjj6chiNnyDqZpYJVA
DA:961,0,wWvyVCzDRWfTVXhFZNNl1w
DA:965,0,V7uRmjj6chiNnyDqZpYJVA
DA:966,0,wWvyVCzDRWfTVXhFZNNl1w
DA:972,0,TlRr30TEOS5MHGP0kedK6A
DA:999,0,njwoPDRdt/VFwSqE9wf4eA
DA:1073,0,V7uRmjj6chiNnyDqZpYJVA
DA:1074,0,wWvyVCzDRWfTVXhFZNNl1w
DA:1077,0,V7uRmjj6chiNnyDqZpYJVA
DA:1078,0,wWvyVCzDRWfTVXhFZNNl1w
DA:1084,0,TlRr30TEOS5MHGP0kedK6A
DA:1113,0,KiuCwG8bgIoNzdD8okNwoA
DA:1114,0,xjcDBnSwra0OiNOAYAwoHA
DA:1115,0,t1CtxbmYAefbTxl6cQhxqg
DA:1116,0,o7tvNiq40uwo8eP+lY5kyg
DA:1117,0,B+ZJQ8zBxPMiDZhsnR0Fag
DA:1119,0,7JipwnEZXV+Vpi5fbWwlaA
DA:1120,0,nv461+RyDdsmapMOlnMEbQ
DA:1122,0,CldtBD4DlCDuHNoIdqKesA
DA:1123,0,NLDPh60pKw1NhsWdK9UquA
DA:1127,0,IsfAsmj6T7BaXu0HkIYBwg
DA:1138,0,NXaPOiGN1pFAt5WIavTjlQ
DA:1139,0,13YiMHFRkQ8KjmSBRDf/0w
DA:1140,0,lyv0/4LxkAzcTArzq6I0HA
DA:1142,0,SMYHUTuGpa41xiugt/XwyQ
DA:1143,0,GM1CnxyPMNp+4dcx44FDWA
DA:1144,0,l3Dqvu1ZFSIOt2pDjmorhg
DA:1145,0,ufZ88DlbRY3hfMZx+lNPuA
DA:1146,0,OQFrQc/IozbnYfuLnP7LSA
DA:1147,0,qCvFXAnn9MgcAG1WuJVCCQ
DA:1148,0,CKsob2sgh0tcEbW6xQag8Q
DA:1149,0,SV6Yr9ILIRZrxmL8AqT+1A
DA:1150,0,hkTy9IuHEjotWSDg/xlejQ
DA:1151,0,HFTnv8dsmYpy2STs+Hhdag
DA:1152,0,n5vcVJ943KKH3pW0GBubAQ
DA:1153,0,Xcp1W5Pgw9ED3DEsfwoIpQ
DA:1154,0,hkTy9IuHEjotWSDg/xlejQ
DA:1155,0,IwUAIaxznS0XVRndFrOgvQ
DA:1156,0,Xcp1W5Pgw9ED3DEsfwoIpQ
DA:1158,0,XnCMQhWbWb1Ff5snpVy6mg
DA:1159,0,GpfuP63JbXsSVGmmayFQGg
DA:1160,0,FvB7gnsiDgnkdbRGgx6z4w
DA:1162,0,B/Fo9U4/nMeRNS1JjGZVyQ
DA:1163,0,+UfLjR/XXbAjAvVy/LBTTg
DA:1164,0,V7uRmjj6chiNnyDqZpYJVA
DA:1165,0,wWvyVCzDRWfTVXhFZNNl1w
DA:1166,0,B/Fo9U4/nMeRNS1JjGZVyQ
DA:1167,0,X7LLepdD6Oycr29UYWPW/Q
DA:1168,0,V7uRmjj6chiNnyDqZpYJVA
DA:1169,0,wWvyVCzDRWfTVXhFZNNl1w
DA:1171,0,3miG/UQYFYXDKwa6RK7hvg
DA:1172,0,sEMEOEhocS3iFvSl+z3W9g
DA:1173,0,XxSuQNH4DpUON5sQ+1rrgA
DA:1175,0,TlRr30TEOS5MHGP0kedK6A
DA:1177,0,hFVEs5IjRAK3GRSG4IlETA
DA:1178,0,F7psarZZ1CY22yrHOuh12A
DA:1180,0,MEkAhzpoofIgNkfiP4RzEw
DA:1182,0,E6OZJ5h3fTBhG0WMW8VFBQ
DA:1183,0,FK+GvYUUbInHp6puy1wYCA
DA:1185,0,UntDfNWeIJlMcYl/4Lg0pA
DA:1190,0,wAl95xXaVMN0J5kJd139NA
DA:1191,0,+6rbBYBD7awCF7iw5it2zw
DA:1193,0,5bkf3IHnl8FZaZu74u1C4A
DA:1194,0,1vmNZ1IU5GETPyWAffHNSg
DA:1196,0,Qnf28uKBWTOpHNg8DaaXog
DA:1197,0,nyuUqSu/JwE/H6ZPEFP7Ow
DA:1201,0,8gKoVqHv5Jd0iA+PXC6FrA
DA:1202,0,9Cau2vUY+1TTjuYJkZhkhw
DA:1208,0,QPnUcycj84L/N/gFcdfObA
DA:1209,0,9z0HABzs0AhDvNA8L+nBRQ
DA:1211,0,QpGt+qqNRswz6XHqHiethg
DA:1212,0,TkXNzS3sH8mhA87CGHkOzA
DA:1214,0,GcwY3BpalkHy3PYBfN2LaQ
DA:1215,0,AZlVToyMa0dbs2eYo1HzEQ
DA:1217,0,n7U24elYG2/nQ9fDIFf6fQ
DA:1218,0,J0g2jlGJ2UEFpx3XKY1ULw
LF:562
LH:389
end_of_record
TN:
SF:cvx/simulator/quantstats/_plotting/wrappers.py
DA:18,1,uqQzsyLE2snBclOsmsd0qA
DA:20,1,qV/Ywh5HSw6M8FaNtmk1PA
DA:21,1,kkXsJ1sPFgyuZhJRwqSGqw
DA:22,1,B2Ezq8qYm3yCdXujwQqt4w
DA:23,1,fZEOtxb8Y2sZha6sDC0eAA
DA:24,1,9Xl+GnREpnnImoxeFM9zuQ
DA:27,1,9Xl+GnREpnnImoxeFM9zuQ
DA:30,1,c9eC20AiL3+efc0IFxtqEQ
DA:32,1,dAKCkDK8Voz8qs6hqYonfg
DA:35,1,dAKCkDK8Voz8qs6hqYonfg
DA:38,1,85thzT6XHW7CZFbyXeA80A
DA:40,1,0so8YR6h1icCsV8RdMIYEA
DA:41,1,R4K4gavtE7ZQ+waUinanRQ
DA:43,1,DHB4mBfB+VS+7iqZzOcSgw
DA:44,1,RuZ5KcncCoRYUb0REMXZIg
DA:45,1,lh/xqLi04hojCXSp60fHxw
DA:47,1,BGNU25l2Raug6qG/BKSWbg
DA:52,1,6rWerLoCGEZZjTGyCJA35g
DA:61,1,6xG88Hpv/9MEHQv8GDVjBw
DA:74,1,Vr9FANkmfgVTNS7aSQJCjA
DA:75,1,OqFcPtShR/dQZNyWG5vWIg
DA:77,1,khYHPplhaq6CzuARXALQRA
DA:79,1,NAUF8qwctcrKPuYz8fFrAQ
DA:83,1,0kb4ZDAgAWOwxX/erYRntQ
DA:84,1,rNohnkY9ZGq5B1UlsTtlRg
DA:85,1,eSVh8cNiT2zZeEEBVK4KKQ
DA:86,1,GFvEmsNucvw+RyyIPAJcbA
DA:87,1,ZPxTt5QZsIUKC0vmbwzwcg
DA:89,1,R3Ko7rxEqfXiuEWiR6IWMg
DA:93,1,o8LHe+vXL2bAhEhuuvS29A
DA:94,1,NLDPh60pKw1NhsWdK9UquA
DA:112,1,goNIoGsivWXJCu5AtFttUA
DA:113,1,0lhxzVuUASFb8GhZqiVUCg
DA:114,1,xHnSooU20QZewhMwrCrZPQ
DA:115,1,ukSQaZOsLBCn7hjk9g4COQ
DA:117,1,ys7GIkvsF6NfKvx9YniOxg
DA:126,1,4LK38NCi5pQzPSdztVTAZA
DA:128,1,r407xL7VEN8BTrp34vF1Xg
DA:135,1,dubgQAxQq5T3xXV07UjWMA
DA:136,1,o5D24xsbwVuBO83itVIioQ
DA:138,1,+CjMBJEJQJOo0eVCSFEmbQ
DA:139,1,+rzDrD5gHPiwuJGmonvouA
DA:140,1,JzR7FtkJfoPks5gfkm9bjw
DA:142,1,B/Fo9U4/nMeRNS1JjGZVyQ
DA:143,1,+UfLjR/XXbAjAvVy/LBTTg
DA:146,1,B/Fo9U4/nMeRNS1JjGZVyQ
DA:147,1,X7LLepdD6Oycr29UYWPW/Q
DA:151,1,3miG/UQYFYXDKwa6RK7hvg
DA:157,1,hFVEs5IjRAK3GRSG4IlETA
DA:160,1,MEkAhzpoofIgNkfiP4RzEw
DA:162,1,E6OZJ5h3fTBhG0WMW8VFBQ
DA:163,1,FK+GvYUUbInHp6puy1wYCA
DA:168,1,DCSIcbch58JHDS6fnb4BKw
DA:185,1,nHOkYmKdGrD51KRzmqJKKg
DA:186,1,QWIik+9W0srJyerFyo2OfA
DA:196,1,EyqDdJmUQgEpILyh4WW5RQ
DA:197,1,g+ktVHO7titOKrlJgzhRyw
DA:199,1,WZDcRVE+mj1z6rCgyFNbsQ
DA:217,1,E6OZJ5h3fTBhG0WMW8VFBQ
DA:218,1,FK+GvYUUbInHp6puy1wYCA
DA:221,1,EsgKPf3MgaYU251x3OSTlw
DA:238,1,nHOkYmKdGrD51KRzmqJKKg
DA:239,1,QWIik+9W0srJyerFyo2OfA
DA:247,1,ltW1wfX5G/3eGb6lwB8+Jg
DA:248,1,lmY3DR2KW+/Jnk5gbV6NQw
DA:250,1,EyqDdJmUQgEpILyh4WW5RQ
DA:251,1,g+ktVHO7titOKrlJgzhRyw
DA:253,1,mowgMnBW9CEpvuib3fO8SQ
DA:255,1,WZDcRVE+mj1z6rCgyFNbsQ
DA:273,1,E6OZJ5h3fTBhG0WMW8VFBQ
DA:274,1,FK+GvYUUbInHp6puy1wYCA
DA:277,1,BVZGXBiUX6T9UKM2XxQZMQ
DA:292,1,EyqDdJmUQgEpILyh4WW5RQ
DA:298,1,e7GFD5dTlwiI+Z4LuqOb+g
DA:300,1,WZDcRVE+mj1z6rCgyFNbsQ
DA:317,1,E6OZJ5h3fTBhG0WMW8VFBQ
DA:318,1,FK+GvYUUbInHp6puy1wYCA
DA:321,1,MD02HFBJl8stv3psz6Pxjw
DA:339,1,dcz1hX3GyeNpF29iqVJ0Sw
DA:340,1,QWIik+9W0srJyerFyo2OfA
DA:350,1,EyqDdJmUQgEpILyh4WW5RQ
DA:351,1,g+ktVHO7titOKrlJgzhRyw
DA:353,1,79/YY/XZSgpl3g4ExD2wGw
DA:354,1,n9AJcwYFYqbAA36BPTmChA
DA:357,1,HX49E5JR3PgPL+6JhGF1VQ
DA:359,1,kpgMF4QHeA8dhuZZ7lzr/w
DA:378,1,E6OZJ5h3fTBhG0WMW8VFBQ
DA:379,1,FK+GvYUUbInHp6puy1wYCA
DA:382,1,ntBcUqxijqiP8k9ZhlOeFg
DA:395,1,EyqDdJmUQgEpILyh4WW5RQ
DA:396,1,g+ktVHO7titOKrlJgzhRyw
DA:398,1,5l3sAb+30K2mWvOogMntKw
DA:410,1,E6OZJ5h3fTBhG0WMW8VFBQ
DA:411,1,FK+GvYUUbInHp6puy1wYCA
DA:414,1,8rchWvLVEBS9NGDXQGBwJA
DA:428,1,EyqDdJmUQgEpILyh4WW5RQ
DA:429,1,g+ktVHO7titOKrlJgzhRyw
DA:430,1,rN66IW7U34Z6UmJk/dA83Q
DA:433,1,0iF/i4+GBd00muenxR25dQ
DA:435,1,fFrOhiUgtu69za2DcxhH9w
DA:436,1,zHtBnNcfcgJbeQ9SWjLLPw
DA:444,1,bWTs+/pDyCEFxARX3Us8WA
DA:460,1,5CBVnRySjh70dXaZpAs9fw
DA:475,1,7JAfVl8TeVhsMjI0ixf00Q
DA:477,1,WZDcRVE+mj1z6rCgyFNbsQ
DA:498,1,E6OZJ5h3fTBhG0WMW8VFBQ
DA:499,1,FK+GvYUUbInHp6puy1wYCA
DA:502,1,AbsPa/Wh9L2F3eQklwW7Iw
DA:518,1,EyqDdJmUQgEpILyh4WW5RQ
DA:519,1,g+ktVHO7titOKrlJgzhRyw
DA:521,1,7jiNcSf3YJA5O8rv4jpmIw
DA:536,1,E6OZJ5h3fTBhG0WMW8VFBQ
DA:537,1,FK+GvYUUbInHp6puy1wYCA
DA:540,1,rn4zCZWABS5w/1uIqoZgMg
DA:557,1,EyqDdJmUQgEpILyh4WW5RQ
DA:558,1,g+ktVHO7titOKrlJgzhRyw
DA:560,1,mowgMnBW9CEpvuib3fO8SQ
DA:562,1,MNuVqEwXXoMxsFoOaz9rfQ
DA:579,1,E6OZJ5h3fTBhG0WMW8VFBQ
DA:580,1,FK+GvYUUbInHp6puy1wYCA
DA:583,1,94XYgkRYxS5K1C2JlGt4Sw
DA:598,1,t4bywDFF1XIo3BrDp/8u4g
DA:600,1,QWIik+9W0srJyerFyo2OfA
DA:606,1,o/6apSIjef2mMjnKHUwuKw
DA:621,1,E6OZJ5h3fTBhG0WMW8VFBQ
DA:622,1,FK+GvYUUbInHp6puy1wYCA
DA:625,1,vPiv/QaWfzvOh70EAA1UdQ
DA:641,1,z5JLYNzxOB3ATa6jGuU2MA
DA:649,1,QWIik+9W0srJyerFyo2OfA
DA:655,1,o/6apSIjef2mMjnKHUwuKw
DA:670,1,E6OZJ5h3fTBhG0WMW8VFBQ
DA:671,1,FK+GvYUUbInHp6puy1wYCA
DA:674,1,SNKt2JvQzAwwT+op/B1K5Q
DA:690,1,Ox5csWO3ppDGWdH/9VV5Og
DA:692,1,QWIik+9W0srJyerFyo2OfA
DA:698,1,o/6apSIjef2mMjnKHUwuKw
DA:713,1,E6OZJ5h3fTBhG0WMW8VFBQ
DA:714,1,FK+GvYUUbInHp6puy1wYCA
DA:717,1,isl9vZz0U9ukIh2umwA20A
DA:735,1,ZChv4e7A2L50tlybLLTZDw
DA:737,1,qUL7qxIkg+kVM+10jjaC8A
DA:739,1,Kpc6RwOV1ml69d3yItzJnw
DA:741,1,NAUF8qwctcrKPuYz8fFrAQ
DA:745,1,yCZAXATrKnSkeKvlLicreA
DA:747,1,KR8nMNOQPFl9tz28hbh9RQ
DA:748,1,VPfdl8BRkblPoyvcse8NOg
DA:750,1,0kb4ZDAgAWOwxX/erYRntQ
DA:751,1,rNohnkY9ZGq5B1UlsTtlRg
DA:752,1,eSVh8cNiT2zZeEEBVK4KKQ
DA:753,1,GFvEmsNucvw+RyyIPAJcbA
DA:754,1,ZPxTt5QZsIUKC0vmbwzwcg
DA:756,1,+CjMBJEJQJOo0eVCSFEmbQ
DA:757,1,+rzDrD5gHPiwuJGmonvouA
DA:760,1,MhdvHSYATkLvHy2TfAN+Ew
DA:788,1,NLDPh60pKw1NhsWdK9UquA
DA:796,1,YHkT6IhGO6Zx7vMHHqgpAA
DA:812,1,ZI/Gdm34ZmMngdXVf+25CQ
DA:813,1,KR3Wi2Ljc65KJA/ASw6Opw
DA:814,1,SFEDRQsgcgvvLZGjqM34ew
DA:816,1,HM+bVCD/yZrzf3lil1Pl3A
DA:817,1,jBH3u1puobWci+m1dhGoAA
DA:818,1,UR4IabuKTuOg5GT4IEg4Tw
DA:820,1,B/Fo9U4/nMeRNS1JjGZVyQ
DA:821,1,i5lXHPex8ZkAc8Th0b4kjg
DA:824,1,B/Fo9U4/nMeRNS1JjGZVyQ
DA:825,1,X7LLepdD6Oycr29UYWPW/Q
DA:829,1,3miG/UQYFYXDKwa6RK7hvg
DA:830,1,sEMEOEhocS3iFvSl+z3W9g
DA:831,1,XxSuQNH4DpUON5sQ+1rrgA
DA:835,1,hFVEs5IjRAK3GRSG4IlETA
DA:836,1,F7psarZZ1CY22yrHOuh12A
DA:838,1,MEkAhzpoofIgNkfiP4RzEw
DA:840,1,E6OZJ5h3fTBhG0WMW8VFBQ
DA:841,1,FK+GvYUUbInHp6puy1wYCA
DA:843,1,UntDfNWeIJlMcYl/4Lg0pA
DA:846,1,pFDYJfiwALiTAO7KL/zlTg
DA:860,1,YgmwSOlTIX2OEZ96xVA2Nw
DA:48,0,eCH+TKaNn426Dr4MaJa6Bw
DA:49,0,PdeqDqr4bOft68ON3+/7kg
DA:53,0,JC6TAVG6TCMlouqLBschRg
DA:54,0,FK+GvYUUbInHp6puy1wYCA
DA:55,0,mw9o1Fd+dCDI90XVml5CZQ
DA:56,0,OHwFZwtq/KGizSz5y5hePw
DA:57,0,PFxAuAVWrQxUecISbGK6ig
DA:58,0,qg+SqeGDjAZgJCDrdL2Seg
DA:80,0,PllloO5V0F8war77yhCZWA
DA:81,0,Pl+tgSDfTq0qySSt6rTxpw
DA:144,0,V7uRmjj6chiNnyDqZpYJVA
DA:145,0,wWvyVCzDRWfTVXhFZNNl1w
DA:148,0,V7uRmjj6chiNnyDqZpYJVA
DA:149,0,wWvyVCzDRWfTVXhFZNNl1w
DA:152,0,sEMEOEhocS3iFvSl+z3W9g
DA:153,0,XxSuQNH4DpUON5sQ+1rrgA
DA:155,0,TlRr30TEOS5MHGP0kedK6A
DA:158,0,F7psarZZ1CY22yrHOuh12A
DA:165,0,UntDfNWeIJlMcYl/4Lg0pA
DA:187,0,Z/K0E55xgeZrI4/Wp6Psmw
DA:188,0,xQuFBo3ZjmY+jfqAmn2rpw
DA:190,0,sIeROcdO0MJ2hn/7q/Z+UA
DA:191,0,TUh6lgiDeVucSW6pIuFcSg
DA:192,0,c7vvQrRqr4CTcBHBB2Jhrw
DA:194,0,2oREFmNnVV8l0bbhXDrLaA
DA:240,0,Z/K0E55xgeZrI4/Wp6Psmw
DA:241,0,aGZrwyNWEfU1laRAeK1hug
DA:243,0,2T8PClHz1wjZUzr5wAhvDA
DA:244,0,TUh6lgiDeVucSW6pIuFcSg
DA:245,0,SFvx3TW3w+nOmMqjd18U9A
DA:293,0,g+ktVHO7titOKrlJgzhRyw
DA:294,0,YF/zlQlgnP1u75VvJ5EVgQ
DA:295,0,99jDzgaq0RgYyoAJA+eGOA
DA:296,0,yw10D+MLm5miLNnNmdNF+g
DA:341,0,1YQ0DBcyhsgpCH+B+UBn1g
DA:342,0,CAOznb0E65O5vYnDXImSNA
DA:356,0,GKXWz0GK4M9aP2iCelQ1gw
DA:431,0,99jDzgaq0RgYyoAJA+eGOA
DA:434,0,mZB6kCoaulAoTYyVqbEsJQ
DA:437,0,gKn4ne5qwjcN8mkM3LdAow
DA:438,0,RpzcRysGtum147pIZFo3vg
DA:439,0,iiYh2Lcoc/3seYFEEpSttA
DA:440,0,1I7D2Nnu/Rt4q9iCM/FTyA
DA:442,0,pi3lQU9V5zqxqfBLCOzUaA
DA:601,0,2oREFmNnVV8l0bbhXDrLaA
DA:602,0,pcbnJ6FTR9WuTKyUWTRXPg
DA:650,0,7xybOSXHXzd0AYz/lKoB0A
DA:651,0,X0E59/giMAWK1f2qbq5OTA
DA:693,0,7xybOSXHXzd0AYz/lKoB0A
DA:694,0,vr/2wYeZzWPZvJtZfrOGhg
DA:742,0,PllloO5V0F8war77yhCZWA
DA:743,0,iWMtkQcIzlhGyNcViO/w4g
DA:761,0,NLDPh60pKw1NhsWdK9UquA
DA:769,0,CAOznb0E65O5vYnDXImSNA
DA:772,0,UqCvN8ZZADl3jbtdmEpRKg
DA:774,0,YHkT6IhGO6Zx7vMHHqgpAA
DA:822,0,V7uRmjj6chiNnyDqZpYJVA
DA:823,0,wWvyVCzDRWfTVXhFZNNl1w
DA:826,0,V7uRmjj6chiNnyDqZpYJVA
DA:827,0,wWvyVCzDRWfTVXhFZNNl1w
DA:833,0,TlRr30TEOS5MHGP0kedK6A
LF:238
LH:177
end_of_record
TN:
SF:cvx/simulator/quantstats/plots.py
DA:18,1,RuZ5KcncCoRYUb0REMXZIg
DA:19,1,aioDIIuVCFbKjavcjQ1vyQ
DA:21,1,CGCfzsfJQJnZ9pNjmNxZlg
DA:25,1,lqLeXeQTZERU/BHsuleB8g
DA:22,0,eCH+TKaNn426Dr4MaJa6Bw
DA:23,0,PdeqDqr4bOft68ON3+/7kg
LF:6
LH:4
end_of_record
TN:
SF:cvx/simulator/quantstats/reports.py
DA:18,1,LbYVQsCelNNR4Da/anEFcw
DA:19,1,ma4zOLJND5wmU/J98Iqwtg
DA:20,1,B7Na9sKjoqVpSxCPz05X2g
DA:21,1,q0+o+pAB2AiN/qzPVnncKw
DA:22,1,SNq0gOUAvr1rlSajUXbvag
DA:23,1,H628t7lXBb4cdl5cBZ03Nw
DA:25,1,kkXsJ1sPFgyuZhJRwqSGqw
DA:26,1,B2Ezq8qYm3yCdXujwQqt4w
DA:27,1,41b/6Obj0C07LhSJVoeoaQ
DA:28,1,is4AxLbLdK0VdjoWwlTsvw
DA:30,1,EtnSYe3n6HXl6AtsewUkTw
DA:31,1,fTqb+dVHSp3M7pZOcrOiPA
DA:32,1,Wh/TVATYXT5GtryZSIx6vw
DA:34,1,RuZ5KcncCoRYUb0REMXZIg
DA:35,1,ITwPXAziJ7Swds1amp/4nw
DA:36,1,TMXFGWJ67qSWK3QNQbCU1w
DA:42,1,6MhORaNnULAP/22TFeD3eg
DA:43,1,piTeJGU2ErgmHVMGWf+zvQ
DA:44,1,RhV07laTAEhh8VuoWcezow
DA:47,1,9/5hotLasYzEoyZubA+g5Q
DA:58,1,26BClB9sz5tGZmS1vRH2CQ
DA:74,1,1SKFq3SdWV8Hkd2ePHxR9w
DA:77,1,COjcNbZh6LDDwuMJOZomlQ
DA:78,1,gs5uVinTr5p12n9bCULhBQ
DA:80,1,NHfyOESoqUcNcN18VvxsVA
DA:83,1,yhLN4Bd2LulqIQBqIF5Ikw
DA:84,1,VTq8FYQAmtH50UcBFXVrMA
DA:88,1,COjcNbZh6LDDwuMJOZomlQ
DA:89,1,gs5uVinTr5p12n9bCULhBQ
DA:90,1,qhx/qWpfb04XAv7UsIniJg
DA:92,1,t2LxBAFkBx+C4YQY0e6kkQ
DA:93,1,UqaG6hK2vQTyG3/k6ydKjw
DA:97,1,QWIik+9W0srJyerFyo2OfA
DA:114,1,qefturST54pMRxZmLJJ9gw
DA:116,1,5F0Nit6SlFnqT9NuvhWoiQ
DA:117,1,YfqlTAcoTiIySXJ13+DQrg
DA:118,1,qfxkpGpmT0gT2/nS5s3C/A
DA:120,1,QWIik+9W0srJyerFyo2OfA
DA:122,1,09pEEXkRpgctg75/nMHRmA
DA:123,1,kRz3ybUl8E8Pr7IF9iWaCA
DA:127,1,RFDjmZDFsqcdD4M+4/ypjw
DA:142,1,MGk/Yx9/xDXvXHnHsqoVyQ
DA:143,1,ROXNBWWmWuB+UrHZylUANg
DA:144,1,UqaG6hK2vQTyG3/k6ydKjw
DA:152,1,6YIclsMfsiHvEkENT/lLIA
DA:155,1,6YIclsMfsiHvEkENT/lLIA
DA:159,1,QWIik+9W0srJyerFyo2OfA
DA:174,1,misiWKNXtjoN8/qvbhCC9w
DA:175,1,bS/iIooGCINQPROGpn2LBg
DA:176,1,bdeNTRfJCpOYe0ubTsC3hg
DA:177,1,twh27gPPGlHYSnLLJwMyqA
DA:178,1,v24Q3IupZm/qEfOCfCxrZA
DA:179,1,ws67jeJ/Q9GKlzSwCuJgAQ
DA:185,1,J534ZOOCYVXDeHOFtS8KXA
DA:186,1,+r/UFVUTtWfk6VYofQ8rSw
DA:187,1,6RSHb3mSl8oEuH02rxjhSA
DA:189,1,09pEEXkRpgctg75/nMHRmA
DA:190,1,mD4iwi5guaR1TLM6xAgC0A
DA:191,1,msyc0R7w/Zk+YxBQIHNZOA
DA:194,1,yRXt6F5Ps5hIKLVTJrE0+g
DA:195,1,3w5afHsSMa4VGJLEIuXbUg
DA:196,1,2adxflG9qIKPCZ4UgIo7wA
DA:215,1,6rP06utrl6k4oKvCvm0JYg
DA:217,1,G6tI7EFbimZs5W3hO/GAbQ
DA:218,1,v+2EN3NvD9Jq6VvqUDiBhg
DA:230,1,dLdHMZDQWC1D7wbo9Vh/7w
DA:232,1,G6tI7EFbimZs5W3hO/GAbQ
DA:233,1,V4PqeUYdMutBJqSF/YwThg
DA:245,1,DQfb/yUiklVetxRSWaHqvw
DA:247,1,QWIik+9W0srJyerFyo2OfA
DA:264,1,G6tI7EFbimZs5W3hO/GAbQ
DA:265,1,IPB6W97vEI/KnYretts+Nw
DA:277,1,KgM1ktnukI0/4fIVxRxLLg
DA:279,1,G6tI7EFbimZs5W3hO/GAbQ
DA:280,1,qUIdpE06QMUzQWKpAPGAGw
DA:292,1,QWz3K/DQ0V1LwkJvxUCMaA
DA:294,1,G6tI7EFbimZs5W3hO/GAbQ
DA:295,1,AQ4D4fc69RqljJ1FGc1SfA
DA:307,1,kST8HiVgNfmL5K6WSYpe8A
DA:309,1,QWIik+9W0srJyerFyo2OfA
DA:326,1,G6tI7EFbimZs5W3hO/GAbQ
DA:327,1,ilZCf83lB8AdxR16gCj2PQ
DA:339,1,sgMlf1xc6PRn21h7whIPZA
DA:341,1,G6tI7EFbimZs5W3hO/GAbQ
DA:342,1,fxAByohfKtJEB0ps+H1rJQ
DA:353,1,X2qsurMa3pqgeQACbN+ryQ
DA:355,1,G6tI7EFbimZs5W3hO/GAbQ
DA:356,1,l69bT1U5gWIM7X7N2L/l0A
DA:367,1,Xc1I2EE1qkk2F7+VLcZWhw
DA:369,1,G6tI7EFbimZs5W3hO/GAbQ
DA:370,1,09pEEXkRpgctg75/nMHRmA
DA:371,1,4KxSA1WovUZSDiYcBDx+Og
DA:383,1,7kMpSYSQ2qsliBl7ykNUzA
DA:402,1,G6tI7EFbimZs5W3hO/GAbQ
DA:403,1,Xye9xUhTDRk3mRK3P/MMyQ
DA:412,1,fgsRZfI0CCUzJzy0X1IV7A
DA:414,1,G6tI7EFbimZs5W3hO/GAbQ
DA:415,1,09pEEXkRpgctg75/nMHRmA
DA:416,1,eNtk4JXT35a36n3UvH4h9w
DA:429,1,ZHlf9A6eT7Nf12wsttk4bw
DA:449,1,G6tI7EFbimZs5W3hO/GAbQ
DA:451,1,09pEEXkRpgctg75/nMHRmA
DA:452,1,pjZubet1Yeku6YOiAp8GAg
DA:464,1,Ees3OM/b5RmtjvCfYcEYnQ
DA:483,1,wwIqBTnajqPiUQqMRqaQYQ
DA:484,1,0Sk8VgaG5pDTsaNQe+cxww
DA:486,1,GUyVG7dWPCMiO0fYOp1KSg
DA:491,1,bfTZyYtQeaNsXTnDwBEkwA
DA:492,1,uFGwqDIpznDDQaYYTE4/Mg
DA:495,1,u+ba7vcDjFxUh9YzQZ3ZgA
DA:644,1,YhkZ6LzlDH0j3UIpaxl8Kw
DA:723,1,1GFj71oEb0yUy+K7YXhPOA
DA:736,1,COjcNbZh6LDDwuMJOZomlQ
DA:737,1,gs5uVinTr5p12n9bCULhBQ
DA:738,1,983TPlFCk1tb6aS5RCzYGA
DA:739,1,xAiRZCzEmJSXKfTUbZ9XNw
DA:741,1,F4YVys7BdukhQ0uIglH4bg
DA:742,1,Dr0U0a2O+x2wDUWm2LiDQQ
DA:744,1,QWIik+9W0srJyerFyo2OfA
DA:753,1,UqaG6hK2vQTyG3/k6ydKjw
DA:759,1,JXRbfcLDeUJlVrRiinfd6g
DA:766,1,EyqDdJmUQgEpILyh4WW5RQ
DA:767,1,D/dY7QoavRF5fI1OyOg2fg
DA:769,1,09pEEXkRpgctg75/nMHRmA
DA:770,1,BLDLGhMFMLN8zSvfO4ENWA
DA:779,1,QWIik+9W0srJyerFyo2OfA
DA:792,1,09pEEXkRpgctg75/nMHRmA
DA:793,1,3W9MDkM8WoXT6v4da/bnWg
DA:794,1,CpRTQKjbf3qexdXcbhbstA
DA:795,1,bCKZqwwnrj9lSahINyiQ8Q
DA:808,1,2VkxeiV3Tbyh6EK0MjpqdA
DA:813,1,hyQK6kbVkmSZf4CllAFf1g
DA:816,1,DK5OExklaOUUgiCCn6+hmQ
DA:817,1,ikLGo3xnvJoEsL66OkXZ6Q
DA:821,1,eXQp/ZKLgBUU0jxV8iFn1Q
DA:827,1,g3Ase00xvSUrC7hE7uEWXw
DA:828,1,irbvliCVIak15p0w8cuRXw
DA:829,1,CpUmVgkaVUuSE/WqlFs6MQ
DA:830,1,SwhJ/BqBAUY+5nmXH5n3yA
DA:831,1,N5qNG8CLzoYonmN/o2PenQ
DA:833,1,OsLhlIcqHE2v/MbNp50gWw
DA:835,1,79/YY/XZSgpl3g4ExD2wGw
DA:836,1,PFxKw+rbeZHNYjPxpMJbVA
DA:840,1,ix/4QpK+qWPY1ysqiZTluw
DA:842,1,OO7O8sHBArJBHX+Jxrax4g
DA:844,1,mnenzcsdM340eDM5bdgd5w
DA:845,1,HNU6DDXpTk0Wkdci3w8T6Q
DA:848,1,tPDNb292LY2Yp2zFj2RSqg
DA:849,1,qj9iKQqawUonq8ilA6WWfQ
DA:852,1,ak1RL9IbnMajAv2BDeNRtQ
DA:853,1,tPDNb292LY2Yp2zFj2RSqg
DA:855,1,gFWspzFAjH2F8MZGholJ9Q
DA:858,1,H9bVdMnBrJWtL9+ZnT9Ttg
DA:859,1,tPDNb292LY2Yp2zFj2RSqg
DA:861,1,jiwgC4H99jk0rNpTO8DBbg
DA:863,1,KPw7HkvCyxXImfthW992GQ
DA:865,1,/FDOEd8OeBKpclEs+S4Z2g
DA:866,1,eDZS8hoxETfyE/5DdfWdWw
DA:867,1,E9HEJEA+FZN4WFwqYi340Q
DA:869,1,tPDNb292LY2Yp2zFj2RSqg
DA:870,1,bS/iIooGCINQPROGpn2LBg
DA:871,1,9XsaOKL4/2AyRTBlzrQ8rA
DA:883,1,H1/dwN/Hkj7Zi6UdxC9hrA
DA:922,1,Qkb/VBePP+HrQN4Lj+RDZQ
DA:923,1,TD8dKl7v5scz4wb9zSV+oQ
DA:927,1,pOcUchru/Dvy7I1GKOVGww
DA:928,1,87ore05vfui/LVDV1ITEYw
DA:929,1,UkvHF9QOaFwEODG5MOkreQ
DA:931,1,yWHT0bHc7AN0RzHE1kzbqg
DA:933,1,xVjAzAhf3/pCK0v84n9Sfg
DA:937,1,i9a3d6IbH+LWVIOK2qS+Jg
DA:943,1,Zccx7Mnm8qOMpN1Wj3cVEg
DA:949,1,+SrFN8dleXaBlqniPM9rVw
DA:952,1,YXxDiMKtq+YAuSRe+OXdqQ
DA:954,1,NagUMf5BCrto7uzbdBubvw
DA:957,1,z1gPv67eNET6KGmIkjKyoQ
DA:961,1,rdilKTlK8f90M8MY5PSiVQ
DA:963,1,tPDNb292LY2Yp2zFj2RSqg
DA:964,1,fr/nmY3tvf1NDDtW6LNNyw
DA:965,1,N3GQ1oEY9zTZ0bhnMNZnPg
DA:967,1,hdTmckbfP8s8e9VkXLoa6g
DA:968,1,wlg35O5goFadzzZBhFBA0Q
DA:973,1,4G8BaxJiMdAgbHrEB1m+0A
DA:975,1,XFEdBqrgy3ZkS9/PRZa0Xg
DA:976,1,y7CTnsdKYKIlRm/tT1UwEQ
DA:977,1,7qrGzcWaeu6XAp7MTJTcFA
DA:978,1,BYvWOjPZTA80OVsgXK7y8w
DA:979,1,hGDmGpvQPnUQAahiqao67A
DA:980,1,E9lDo0UcJtirKzvMIdffbA
DA:981,1,0NyT/8849poRX7VE2nf/Pw
DA:984,1,ajhhRozmAWVPZiN2NGJtTg
DA:985,1,h+pXdpVLMqiaV+AHyn5X6A
DA:987,1,U3vpY5fOX7rJXuluK/iFRg
DA:988,1,aX30dZivEz23661dsDtteg
DA:990,1,0WcoKuTleNdeIhhZ4FvGqw
DA:991,1,pnnRtiUIcIi1ZUyXk+Ogcw
DA:993,1,/H2p1iIxf9FHW2IPpoWs6w
DA:994,1,kp2MblJXtnaloeDPWi0hqw
DA:996,1,3j26jUyg5iRBmH23KJ7JSw
DA:998,1,9kiwVLPZXyaPpVb+PNLgXQ
DA:999,1,RfBalYDSA+K7d634mxaOcg
DA:1001,1,6tge/Zxu9mlc9UjlidDV0w
DA:1002,1,Sllq8OIOUwmEnawAhNnivQ
DA:1004,1,B6+ZarY66+fjualKzRrxiw
DA:1005,1,12J7gKcG8rZmh0NBgTfnGQ
DA:1007,1,TSTbOPeHG7ETvPM4wQ9fbg
DA:1008,1,qIqJaEICE1CcIwtrfbemrg
DA:1010,1,vfuKgd70VzUzILrNXkS+pA
DA:1013,1,tPDNb292LY2Yp2zFj2RSqg
DA:1014,1,jRX0odjT91MRGAsreFQR0g
DA:1015,1,JBd0wKFE7RwfSg61Wgz3TA
DA:1018,1,UK5/2hbN5pxd/xZZ6nyzmg
DA:1019,1,Ch2DGFbvLuw+Ltt2FLCUNg
DA:1023,1,jNTeUnAjQA+soMloKoIN+A
DA:1026,1,twhwZdVAdETtEcBbvz7cMQ
DA:1030,1,BN63zThzT2fKhchMVAbYFA
DA:1038,1,C2EdianLsowe8+8LRXw80w
DA:1039,1,KNg0UlyYdFNsQUfLoGkRuA
DA:1040,1,X+kwgR/+g9HEQYKK46tmaQ
DA:1041,1,wJV9VvR9HKZfj0PkVzCUrA
DA:1042,1,Hp5eMec4Thy0/sVaqX0rmQ
DA:1043,1,hHL1LrIIzzTcMl/CdxT9lQ
DA:1046,1,tPDNb292LY2Yp2zFj2RSqg
DA:1047,1,CYJLnDCSaYGj7+ygonPSMA
DA:1048,1,DG7B6J50dv8TGOxcqN/o5g
DA:1054,1,8xDkU9IrBagK3uuOER/5pA
DA:1060,1,CKTYnC1YlNXAEWgejgGq8w
DA:1061,1,lafRAnG0AaxLZiVmQDLuyQ
DA:1067,1,/2L/j8DofamMbqrCrkqFOQ
DA:1073,1,dXP7vamgtG4mrnzl9JnG3w
DA:1080,1,H1/dwN/Hkj7Zi6UdxC9hrA
DA:1141,1,gIowMvQcGlvaaBP13MiISQ
DA:1142,1,xjcDBnSwra0OiNOAYAwoHA
DA:1143,1,NAf4Lj2hhbnolKe4IQfNwA
DA:1144,1,FkS5MC1AGepjFfIrsQx62w
DA:1145,1,EQQqvI8xh2xejdG7iz1edw
DA:1146,1,o7tvNiq40uwo8eP+lY5kyg
DA:1147,1,B+ZJQ8zBxPMiDZhsnR0Fag
DA:1148,1,m61Yx4Tgpu3JXK0CVGG67w
DA:1149,1,ocYRAna6sfPZMMjmJiqpLw
DA:1150,1,bU0rIt5M+KyAROrQXrtk+A
DA:1151,1,6dLUpp1JsJx3IER8tKypjA
DA:1152,1,v48AG0wUqxE7daOuto0B9A
DA:1154,1,B/Fo9U4/nMeRNS1JjGZVyQ
DA:1155,1,tXmDkpPh+14GBfkyREmg0A
DA:1158,1,bmGunfO7CuW7XkazwBzpiQ
DA:1162,1,4OAcK3WOK/gTL4pHpbnmYg
DA:1163,1,QciKFV+OEKErmH+6H+9qUg
DA:1164,1,OPNpMWgFjtsgW3kKitM/Dw
DA:1172,1,OvNaiRz5inf7wHQOTMOO6g
DA:1173,1,93Xm2xGrMuuwi91ej+o2TA
DA:1174,1,ebE7stADuFmZJEfj3llcew
DA:1176,1,2VkxeiV3Tbyh6EK0MjpqdA
DA:1183,1,dX6TzN8Vea7zU3FVor3JCQ
DA:1186,1,aCiHyyKsAdy2x9KPY5OeoA
DA:1189,1,s7+1SduHJnpKseJQ9bwFFQ
DA:1190,1,YZELY83ZTlfVGYLi3Esj4w
DA:1210,1,2VkxeiV3Tbyh6EK0MjpqdA
DA:1216,1,1vCK2WYQ+wJTF+nub92dqA
DA:1217,1,yI3SDLdGnPLQcEAIVMfcpw
DA:1218,1,apkQQtiiE4JOuDIBvLOUjQ
DA:1220,1,MqAAejiDbbWDmffB/aiFfw
DA:1221,1,iqVs9kVX3ZwaIccF2D54xQ
DA:1224,1,ebE7stADuFmZJEfj3llcew
DA:1225,1,w+KYhFD4Jk9Yph0vUeMwmA
DA:1228,1,ebE7stADuFmZJEfj3llcew
DA:1230,1,IDHcD9vphNh6Q+mf84Zkaw
DA:1233,1,P9+8ibwG+TK3ydlClPujpg
DA:1245,1,F4YVys7BdukhQ0uIglH4bg
DA:1246,1,Dr0U0a2O+x2wDUWm2LiDQQ
DA:1247,1,5s58pabtzlovGAGgXx9keA
DA:1249,1,UqaG6hK2vQTyG3/k6ydKjw
DA:1254,1,NHfyOESoqUcNcN18VvxsVA
DA:1256,1,YSUSrt3wCAc8cZxdCswu3Q
DA:1257,1,gs5uVinTr5p12n9bCULhBQ
DA:1259,1,EyqDdJmUQgEpILyh4WW5RQ
DA:1260,1,g+ktVHO7titOKrlJgzhRyw
DA:1262,1,09pEEXkRpgctg75/nMHRmA
DA:1263,1,5fMpu2DQofba6z/KyQMoPw
DA:1267,1,oKmB2n/C6EIH+yB4w0ofKw
DA:1305,1,NPgRF05H31Fgq/xbhFkrOQ
DA:1308,1,QWIik+9W0srJyerFyo2OfA
DA:1314,1,v+2EN3NvD9Jq6VvqUDiBhg
DA:1324,1,V4PqeUYdMutBJqSF/YwThg
DA:1334,1,QWIik+9W0srJyerFyo2OfA
DA:1346,1,IPB6W97vEI/KnYretts+Nw
DA:1356,1,qUIdpE06QMUzQWKpAPGAGw
DA:1366,1,s3hqxg7+m1uVk0vpSlY02A
DA:1367,1,IoKrhNMUGbVZJ8iI29tGrQ
DA:1373,1,AQ4D4fc69RqljJ1FGc1SfA
DA:1384,1,QWIik+9W0srJyerFyo2OfA
DA:1397,1,ilZCf83lB8AdxR16gCj2PQ
DA:1407,1,fxAByohfKtJEB0ps+H1rJQ
DA:1416,1,l69bT1U5gWIM7X7N2L/l0A
DA:1425,1,09pEEXkRpgctg75/nMHRmA
DA:1434,1,kRJLI6XJloUsfapGjJJmxA
DA:1435,1,yCg5Aea190/qV5sn6KezyQ
DA:1436,1,8JuyByB0vsZA8NPBImNtKg
DA:1446,1,Xye9xUhTDRk3mRK3P/MMyQ
DA:1454,1,09pEEXkRpgctg75/nMHRmA
DA:1465,1,kRJLI6XJloUsfapGjJJmxA
DA:1466,1,yCg5Aea190/qV5sn6KezyQ
DA:1467,1,+AATxHofOeB3oXbqSfY2rA
DA:1479,1,09pEEXkRpgctg75/nMHRmA
DA:1489,1,kRJLI6XJloUsfapGjJJmxA
DA:1490,1,yCg5Aea190/qV5sn6KezyQ
DA:1491,1,fyH5f9TZHooJ71VDXi25xA
DA:1502,1,ZMZbFTjX55R5rhkt3YdWEw
DA:1503,1,eYsfZDaDmNhAxVliSP+N0A
DA:1504,1,3c8F/RDzDrG/Nu2bh0if8Q
DA:1506,1,9dD+i2vFtOIhWdZvWebNqw
DA:1509,1,OyogxwBbXCvthgngV0fDxw
DA:1510,1,A3Tq7yyZJmw8Tf/c0yKSmQ
DA:1522,1,0nEB1IQrLhIvE6rFdMGTww
DA:1545,1,o3fppUZ8tkIqF7JkE5gHtw
DA:1560,1,vfX0zZwmF78DPm6uSBlW+Q
DA:1577,1,ivinox0QsPUme+EbJ85egA
DA:1579,1,d6W5SovebUZRZJ+iWnz6tg
DA:1580,1,6zMJdRNZUV7yC1uPjE9fxQ
DA:1581,1,xbey3TzUm/apItfkuS7zQQ
DA:1583,1,l2kR9X7LnAc6TlPADO7WzA
DA:1586,1,+wcwDc1FUfGWM/72jCnbzA
DA:1587,1,uZ15fzirQd+D2AXmB85MCQ
DA:1590,1,EEOUDpKqvxI7I3oh9Ay5dg
DA:1591,1,Z3CFS+jRYmR7BVUH2ZXRjg
DA:1592,1,fNQ8PCufhRM+XlRSGxaRFA
DA:1593,1,a0XDt3sR/eOOCmg8goCRdA
DA:1594,1,z+1KW7G00oZo91TxzshdtQ
DA:1595,1,HM/art++dk8jpFV/qwA3hA
DA:1596,1,/+YTvhcMMizkoIkpLLqmKA
DA:1597,1,kQYwHYCPSpgelKAY7P6bUg
DA:1600,1,0Xpuhrl9IqUMkKPVm7yHew
DA:1620,1,iOu77PpW67XCjCXG6vIuBQ
DA:1635,1,8wsawVY5NG+8cdIvNPS1og
DA:1636,1,8staOohKmCOkscrVn2BIhA
DA:1647,1,nTU2/Me7Tvts5kMaL/Q3og
DA:1648,1,ZBw2zGT0NovAsJxTRBJGeA
DA:1649,1,c+AgVuDAqZk16V8hyrbzgw
DA:37,0,eCH+TKaNn426Dr4MaJa6Bw
DA:38,0,6DCkpazBocV6pu96fOxNxg
DA:39,0,26Tvw5wBLnuNQ5e1fnAw6A
DA:48,0,UqaG6hK2vQTyG3/k6ydKjw
DA:49,0,8GKSIiNWmBeQdFFRtRlXtQ
DA:51,0,BrcY31czVbSrxccg0RDGCw
DA:52,0,GkWsxrf3rnUkGjE1R39x0A
DA:53,0,a2qlfH7B7MW3zuOkhMaw0A
DA:55,0,gyrLxs4FG99CdqCRiXonGw
DA:75,0,TUNQIblR5N9spFenZdpItA
DA:94,0,EMPPim8fbfsWdR67Gyr9Zw
DA:95,0,5QyOMptrk3IsaxpR/hALEw
DA:98,0,+0bZW5sJoOyl7kAbN4t+2w
DA:99,0,l+nAETFEhQrJFbGRUeJrmA
DA:100,0,q1sv9Cl8tzJfiJoPUegYqA
DA:101,0,juzDdPbpP+h6LvjNUDn0hA
DA:102,0,0h5KnYMAykMSf+eobISfzw
DA:103,0,asHLJqCcnMB/OO7A6PaW1w
DA:104,0,tbWMsKqXqT2a31QEodCLUg
DA:105,0,xv8RCEdqxZGCM/AleCJ7ZQ
DA:107,0,iuWC6HL1xQJjicYpeCxLrw
DA:110,0,7xybOSXHXzd0AYz/lKoB0A
DA:111,0,uRAU5XBgqFiMnlkMvyxHxA
DA:112,0,7XCpep7V6qGgPP39wAZl4w
DA:121,0,OWJY6yINdKoY3OxYCsrVQg
DA:124,0,kRJLI6XJloUsfapGjJJmxA
DA:125,0,az6j3VCYEvnCP45FOcF/EA
DA:145,0,omZfJ569/ZtSF8bjYZGmKw
DA:146,0,cc9SIL+YiC9hLP6c0BYhPw
DA:147,0,I0mStfuWVkI2NqLRPORVPg
DA:148,0,dc8vivqPARhec7HcQhRs5g
DA:160,0,IckP6HRngopOcsJudqouyQ
DA:163,0,bS/iIooGCINQPROGpn2LBg
DA:164,0,QnOryQ5GgxdO9D/LO2dhLw
DA:165,0,ZhjSTEUtFJz2j4dU1YLpxQ
DA:166,0,EZRs7+ZZOPliYxQM2kmqCA
DA:169,0,J534ZOOCYVXDeHOFtS8KXA
DA:170,0,LxwGzuQ3n/cia5bxHpsubg
DA:171,0,6RSHb3mSl8oEuH02rxjhSA
DA:180,0,ZhjSTEUtFJz2j4dU1YLpxQ
DA:183,0,W0yyNXbwU772I2zNuzLW9w
DA:197,0,kRJLI6XJloUsfapGjJJmxA
DA:198,0,7txZ/4OvAU3cu67p5CK+Qg
DA:199,0,yCg5Aea190/qV5sn6KezyQ
DA:200,0,zCKlSQSirLTqvTFu+IcaQQ
DA:201,0,6RzweIWqgCxez+aJs9mGVw
DA:204,0,p1PtautoIkgA5E28i3mBdA
DA:205,0,OoYKgPUmNX9ctFCgRAjR4w
DA:206,0,DkSKkASeBWGPz9qWZc08ug
DA:208,0,3Nbc2uh3Nurn3yi0Ze+3cQ
DA:209,0,oLjGUvb1udpr5dn3n4axzQ
DA:210,0,2M/Na0dCxQR98jRdqKMyhA
DA:213,0,W/lA3DRrxurLGt4OAtKrnQ
DA:248,0,vq36zf6WXvgCL4anaHXrvA
DA:249,0,9QZDVS4MkI2RjloerQwJyA
DA:262,0,wcWdwXnahM4wNMTboADiwA
DA:310,0,vq36zf6WXvgCL4anaHXrvA
DA:311,0,LT4Hjb9jc/7z3WsSOC98vg
DA:324,0,zf4uzWqdBpovI0LelAfZIA
DA:384,0,kRJLI6XJloUsfapGjJJmxA
DA:385,0,4t+n+zrRSkF2bfqL8/fHcA
DA:386,0,yCg5Aea190/qV5sn6KezyQ
DA:387,0,8JuyByB0vsZA8NPBImNtKg
DA:399,0,fYvnSbTKGUylEzYv5ZKycg
DA:400,0,r+9Et6Q4C5/RLKpd4BGkAA
DA:430,0,kRJLI6XJloUsfapGjJJmxA
DA:431,0,4t+n+zrRSkF2bfqL8/fHcA
DA:432,0,yCg5Aea190/qV5sn6KezyQ
DA:433,0,+AATxHofOeB3oXbqSfY2rA
DA:446,0,fYvnSbTKGUylEzYv5ZKycg
DA:447,0,co9JU0n3aw+tHgXFJUVd2w
DA:465,0,kRJLI6XJloUsfapGjJJmxA
DA:466,0,4t+n+zrRSkF2bfqL8/fHcA
DA:467,0,yCg5Aea190/qV5sn6KezyQ
DA:468,0,fyH5f9TZHooJ71VDXi25xA
DA:480,0,fYvnSbTKGUylEzYv5ZKycg
DA:481,0,v07ywhtBiIel470eOaQYCQ
DA:488,0,Zuz3DheBZX7wJhdC+LEX2Q
DA:489,0,l6TjtYHqcNyGECUCc2lV5w
DA:508,0,COjcNbZh6LDDwuMJOZomlQ
DA:509,0,gs5uVinTr5p12n9bCULhBQ
DA:510,0,qhx/qWpfb04XAv7UsIniJg
DA:511,0,QWIik+9W0srJyerFyo2OfA
DA:512,0,7xybOSXHXzd0AYz/lKoB0A
DA:513,0,uRAU5XBgqFiMnlkMvyxHxA
DA:514,0,7XCpep7V6qGgPP39wAZl4w
DA:516,0,n4NxVPovJ/gSOPnMwYfq5Q
DA:517,0,QWIik+9W0srJyerFyo2OfA
DA:518,0,+0bZW5sJoOyl7kAbN4t+2w
DA:519,0,t2LxBAFkBx+C4YQY0e6kkQ
DA:520,0,6rP06utrl6k4oKvCvm0JYg
DA:522,0,UqaG6hK2vQTyG3/k6ydKjw
DA:523,0,EMPPim8fbfsWdR67Gyr9Zw
DA:524,0,5QyOMptrk3IsaxpR/hALEw
DA:526,0,QWIik+9W0srJyerFyo2OfA
DA:527,0,OWJY6yINdKoY3OxYCsrVQg
DA:528,0,09pEEXkRpgctg75/nMHRmA
DA:529,0,kRz3ybUl8E8Pr7IF9iWaCA
DA:530,0,kRJLI6XJloUsfapGjJJmxA
DA:531,0,az6j3VCYEvnCP45FOcF/EA
DA:533,0,7JAfVl8TeVhsMjI0ixf00Q
DA:535,0,1fOAM10UWBildSv9TnwNZQ
DA:536,0,sXFXcBuAB52+WmaafpIWgQ
DA:537,0,BMZJN6r1eiiKzwm6HU18kA
DA:538,0,1vwaFDJdp+3uFdgZh4aeRQ
DA:539,0,GGLCEnlz1zo+9JSxh1PQqg
DA:540,0,u1RKpEux0HTPfALoKTgDcA
DA:541,0,8Wijx83fL/EI0aswazvjfw
DA:542,0,VdgvtwAOP0zSwNCyckm+7g
DA:543,0,Q837hTlT8IS2vc861MtnIA
DA:544,0,lBVnpFp4Vk/CKknb1Ry9ng
DA:545,0,+/lHwDs66nD14EM6U5cWAQ
DA:548,0,V4agvzUSmqYqH9utahxE+Q
DA:549,0,KNqiBAU2h7/iiVGH0YrHpQ
DA:550,0,h30NCCGyAyT2rlDHUJADzw
DA:551,0,PBmeWWBKoPRlvPvUOY+TqA
DA:553,0,i6o1IiqXYbbbUTZiM0eArA
DA:554,0,7fWkS3Ts+gc8oN7eVx6MGQ
DA:555,0,CqtIWxqFziKE4kJfu9BJSA
DA:570,0,4GuUktrO7PyIJzeDwkl0sg
DA:571,0,ysXW8onLi/YKENdxv7P9rA
DA:572,0,KZyGznvrj6YRsRFhjX51IQ
DA:573,0,x8JfF9OZBQUBoKdDf59VeQ
DA:575,0,sk9vQ4fEGJljdjZX6fWOWQ
DA:576,0,89o5uzAo85oIwXjJRvi5gg
DA:577,0,YjWJxYQwqDmIapIeVuxNZA
DA:578,0,/QR4KxLln2Fmu+oCB742Lg
DA:584,0,kVX6lsfgJPM8DtbnqVy9cw
DA:585,0,hlIr/NBBhCA/5yNQbxXxeQ
DA:587,0,yPu3KU2nKiHecZPrEadSrQ
DA:589,0,Uc0k5adBuURrvkNhJxPBOw
DA:591,0,6j58w4aJLv90zeCcRNMbDw
DA:592,0,Uc/RaNKBcVDOKZlD6hN4tw
DA:604,0,4LIyfC9jbJi4O4iW/qimPA
DA:605,0,ZPYK7/OU9GBcRKx3IgN60g
DA:606,0,4GuUktrO7PyIJzeDwkl0sg
DA:607,0,KZyGznvrj6YRsRFhjX51IQ
DA:608,0,r0yOPXeoNypkFBbT9lj7Gg
DA:610,0,lWGc9BotIyy/qFI+21uK9g
DA:615,0,89o5uzAo85oIwXjJRvi5gg
DA:616,0,YjWJxYQwqDmIapIeVuxNZA
DA:617,0,kVX6lsfgJPM8DtbnqVy9cw
DA:618,0,TaAvqwHMsmOA3+wltso5KQ
DA:620,0,4nXb/yw2bpkFupuoDlvIRg
DA:621,0,Bc9bJ7MgIr1juoDZE58+nQ
DA:627,0,4LIyfC9jbJi4O4iW/qimPA
DA:628,0,7GB6ADVMYYI9xPconQohQw
DA:630,0,H9jbompgoPH7e2c+yseMKg
DA:657,0,COjcNbZh6LDDwuMJOZomlQ
DA:658,0,gs5uVinTr5p12n9bCULhBQ
DA:660,0,qhx/qWpfb04XAv7UsIniJg
DA:661,0,QWIik+9W0srJyerFyo2OfA
DA:662,0,7xybOSXHXzd0AYz/lKoB0A
DA:663,0,uRAU5XBgqFiMnlkMvyxHxA
DA:664,0,7XCpep7V6qGgPP39wAZl4w
DA:666,0,n4NxVPovJ/gSOPnMwYfq5Q
DA:667,0,QWIik+9W0srJyerFyo2OfA
DA:668,0,+0bZW5sJoOyl7kAbN4t+2w
DA:669,0,t2LxBAFkBx+C4YQY0e6kkQ
DA:670,0,6rP06utrl6k4oKvCvm0JYg
DA:672,0,UqaG6hK2vQTyG3/k6ydKjw
DA:673,0,EMPPim8fbfsWdR67Gyr9Zw
DA:674,0,5QyOMptrk3IsaxpR/hALEw
DA:676,0,i6o1IiqXYbbbUTZiM0eArA
DA:677,0,7fWkS3Ts+gc8oN7eVx6MGQ
DA:678,0,Uc/RaNKBcVDOKZlD6hN4tw
DA:690,0,Uc0k5adBuURrvkNhJxPBOw
DA:692,0,6j58w4aJLv90zeCcRNMbDw
DA:693,0,Uc/RaNKBcVDOKZlD6hN4tw
DA:706,0,4LIyfC9jbJi4O4iW/qimPA
DA:707,0,7GB6ADVMYYI9xPconQohQw
DA:709,0,H9jbompgoPH7e2c+yseMKg
DA:745,0,Z/K0E55xgeZrI4/Wp6Psmw
DA:746,0,2bsKcoLACXyoTpKa7FOcuA
DA:747,0,JXLvRORtHHy2hVAk0J2gDw
DA:748,0,HVyrBJ61ni9ux6MdUIeaUA
DA:754,0,inBg+VZ7+kBp++ajbL+iyw
DA:755,0,9hgDeNi9J3gKMN8r6fwNUQ
DA:756,0,hW8PD9YrNVhffDV0ziNJEg
DA:757,0,iOlQZXrQtK1qqWdmKHpWeA
DA:771,0,kRJLI6XJloUsfapGjJJmxA
DA:772,0,McjO4L/PM9c1a9rU6Q7r+w
DA:780,0,7xybOSXHXzd0AYz/lKoB0A
DA:781,0,uRAU5XBgqFiMnlkMvyxHxA
DA:782,0,7XCpep7V6qGgPP39wAZl4w
DA:783,0,coBlOdfHAHpl6WrOUSCkVA
DA:784,0,bS/iIooGCINQPROGpn2LBg
DA:785,0,VPVPuWW529l5eh1iEftgLw
DA:786,0,jfObog8fHMRgwGFtXM1YRA
DA:787,0,ZhjSTEUtFJz2j4dU1YLpxQ
DA:788,0,QUzC4C826rvJ79XSYM2TCg
DA:789,0,mv0K2aKUatQu4t8oMsrU4A
DA:790,0,IeOR4H3B2/XGophTN4H1YA
DA:796,0,kRJLI6XJloUsfapGjJJmxA
DA:797,0,Rz77jmaUCw7Q4DAKByRcGQ
DA:798,0,IXHH66Pqamd58wN5zl3BwQ
DA:802,0,PuPuhuxgK3f5fYJ8R2+www
DA:806,0,kEwsld1R+ED5LLVn4Oc2og
DA:809,0,dr1/lWDzFPNcK6a1SC7qRA
DA:810,0,v0Chv01zrTHGbTD76dweEg
DA:811,0,wGdg8jtZeox1pSUY+IQtNg
DA:818,0,7WBLkt6Y/JwlAuU+mLV2PQ
DA:838,0,+Pn/TD/keGmFwWcHySSePw
DA:875,0,ZhjSTEUtFJz2j4dU1YLpxQ
DA:876,0,WgMyS3e6O12s5p3aw5UovQ
DA:884,0,Z6UmnEbv7jtyo+09ZIpspw
DA:891,0,a1PWRmrwOcyGKc8UuZ6g4g
DA:892,0,szCCZIB4QvFKOXDNdHXnYw
DA:893,0,CZV8PYhgEuVeoQrrWUZfQw
DA:895,0,t5LMltHG0uF7tw2HtECMtg
DA:897,0,Qkb/VBePP+HrQN4Lj+RDZQ
DA:898,0,9pGUhlW2xr3kkTlLYbf/Dg
DA:901,0,xULhF0jjxgg7yrS/3L+4cg
DA:904,0,hUsGHGqZiCznGBIRuwWp5g
DA:905,0,25r/pN+W74VO3gDi3r9LeA
DA:913,0,GXKp6q3RYwRsqqKprr/8qw
DA:924,0,hUsGHGqZiCznGBIRuwWp5g
DA:925,0,25DKqqy2nKnpMea6FQLFLA
DA:1081,0,a5Qbo63G9HS9fN0+QRkOVg
DA:1082,0,Qkb/VBePP+HrQN4Lj+RDZQ
DA:1083,0,MpdicOBaOlwsZ9OaJKkydA
DA:1086,0,+lEaZV4VSriWQI5lUI0M+Q
DA:1087,0,VAyiLds7CVt+DR7eaFmN4A
DA:1088,0,EtuOrrFwGwvshhYWWvxmQA
DA:1092,0,movBYBnr9L8VsjNA+MJYsw
DA:1105,0,hUsGHGqZiCznGBIRuwWp5g
DA:1106,0,PTsRAYpFBSbt99fjb8rU5w
DA:1115,0,noNov3wOBkzT8FAuEK4jkg
DA:1116,0,AP7JrFamxJWAFAJqhQjJHg
DA:1117,0,a4LDv+kqHuz0BtlbAyLt1Q
DA:1124,0,rF9WGhsTJcpRBdwYqp/HTA
DA:1165,0,V7uRmjj6chiNnyDqZpYJVA
DA:1166,0,w5dFGvm8qrKNnVwssA1FEw
DA:1167,0,LV4cVsT/nqhN3fopxAcNXg
DA:1168,0,4OAcK3WOK/gTL4pHpbnmYg
DA:1169,0,ST7Lt9WhRm1CpnhDqtIHBw
DA:1170,0,4qVEGojZjCM4GTSmAV0Arg
DA:1177,0,f4YkKmUOIRBUhJSenl8kUA
DA:1178,0,dX6TzN8Vea7zU3FVor3JCQ
DA:1179,0,H56ZRGxR5OCQQ9uJcN3c7A
DA:1181,0,eV8AYMTdispAPamXP27+ow
DA:1184,0,Z5BUCLm93FQjZ2AwQwP6rg
DA:1211,0,2XF4/usxUzFAgjBy32KxxQ
DA:1250,0,inBg+VZ7+kBp++ajbL+iyw
DA:1251,0,hW8PD9YrNVhffDV0ziNJEg
DA:1252,0,iOlQZXrQtK1qqWdmKHpWeA
DA:1264,0,kRJLI6XJloUsfapGjJJmxA
DA:1265,0,InbGAT3cjX7n0BEbgmewDg
DA:1268,0,4OBacgwkDaBoPsILG6on8Q
DA:1278,0,bS/iIooGCINQPROGpn2LBg
DA:1279,0,+AATxHofOeB3oXbqSfY2rA
DA:1289,0,ZhjSTEUtFJz2j4dU1YLpxQ
DA:1290,0,Febz4wFNE1vK9VTXQkfXRA
DA:1291,0,n/nUcUVeJr4v+2RygqgbXQ
DA:1303,0,l6TjtYHqcNyGECUCc2lV5w
DA:1309,0,2oREFmNnVV8l0bbhXDrLaA
DA:1310,0,jIJ4qRhrIzdDZ2Y+uJF+pw
DA:1311,0,uRAU5XBgqFiMnlkMvyxHxA
DA:1312,0,7XCpep7V6qGgPP39wAZl4w
DA:1335,0,9QZDVS4MkI2RjloerQwJyA
DA:1368,0,iFFUfqP7HirPbq+pdAg/WQ
DA:1385,0,LT4Hjb9jc/7z3WsSOC98vg
DA:1426,0,4KxSA1WovUZSDiYcBDx+Og
DA:1455,0,eNtk4JXT35a36n3UvH4h9w
DA:1480,0,pjZubet1Yeku6YOiAp8GAg
DA:1507,0,wzymwaRFm7th+j4RMhVUOQ
DA:1512,0,3xcJL6leJ8kk9vLOD9XP0w
DA:1516,0,LnQbSXk25pQPdxQ7qEf2wQ
DA:1520,0,aiqnHNDem2ofHh01/qBmUA
DA:1526,0,o3fppUZ8tkIqF7JkE5gHtw
DA:1561,0,XHrORRpkGgxfq2qB9SRj4A
DA:1562,0,Dby3iSkeccdHOqekcJzZLA
DA:1601,0,XmXL4mibuhB5VOZDTnrlzg
DA:1615,0,tiZhhZK+OGYdwuFYyIdAhQ
DA:1616,0,i6o1IiqXYbbbUTZiM0eArA
DA:1617,0,e7xFOZ3jCiK+m9F/7AwSlQ
DA:1621,0,XmXL4mibuhB5VOZDTnrlzg
DA:1630,0,tiZhhZK+OGYdwuFYyIdAhQ
DA:1631,0,i6o1IiqXYbbbUTZiM0eArA
DA:1632,0,aOM5BoeagcMxeGd5Rtyq4Q
DA:1637,0,88A+vNLbXmmrRo8tRFOU/w
DA:1638,0,Bs5YQFFSOpn39xvw5tBV7w
DA:1639,0,nkjiI26EgZXBZQ+/rCOG6w
DA:1640,0,qmPeVNPRfLLUFrCaKw0qSw
DA:1641,0,ZKdFd2GoiNtxSMa1kaLHDA
DA:1642,0,7a00c+XUJlbfjdoKFFN86A
DA:1643,0,tG5XNXfzmn3is9pWI0iSvA
DA:1650,0,EjBsKAItA0HZCG26rqZxow
DA:1651,0,WlKzz7Bvo7/NFEVc6F9mrw
DA:1652,0,UI7r8jLtD27z2MMDBy2vwA
LF:628
LH:338
end_of_record
TN:
SF:cvx/simulator/quantstats/stats.py
DA:18,1,SNq0gOUAvr1rlSajUXbvag
DA:19,1,H628t7lXBb4cdl5cBZ03Nw
DA:20,1,x4hXDlrumYdy96L9C/iLug
DA:22,1,kkXsJ1sPFgyuZhJRwqSGqw
DA:23,1,B2Ezq8qYm3yCdXujwQqt4w
DA:24,1,9DZuNgLMEBRNW8YwjrhFoQ
DA:25,1,wsPkT421S2chB+kfJ+gLjw
DA:27,1,Wh/TVATYXT5GtryZSIx6vw
DA:32,1,MLkUgW73JJQSXnPmhL4CUg
DA:38,1,LmfrQPWllipSI1MJmnv98g
DA:40,1,aU+hEhV51cxQv8IWywWNRw
DA:43,1,jMhkrDBZG3vK0xnq4L4eMw
DA:45,1,6juJqZU60c6DHK8fyUKENQ
DA:48,1,M0kNea5QQqXorWIZKJ7dCg
DA:87,1,9eKaPzAMCLdc9v0hXeVtug
DA:92,1,EyqDdJmUQgEpILyh4WW5RQ
DA:94,1,6MHmx4YzEQQsHpci2uPKJg
DA:95,1,LBiqjagOn+r2pHi40Jp3Dw
DA:98,1,rv9cTXKkzpVe6DDN0+yhNQ
DA:103,1,llfGtVRFY97d9jKLJ9npbA
DA:108,1,MNgqXIn6I5IHyiD4tAqqsg
DA:113,1,aBdRoYYdkDGJnm/VQrL0kg
DA:115,1,WtcDooFcxnrHTzMqKVki3w
DA:118,1,syX7bA15dqFQhxB00o9nxw
DA:120,1,EyqDdJmUQgEpILyh4WW5RQ
DA:122,1,+PqJHSnqSJHxLOOyAV2DRQ
DA:125,1,MW+Il75u/GvRmm9VWqhZZQ
DA:127,1,EyqDdJmUQgEpILyh4WW5RQ
DA:129,1,mLNQdkXLMP74YpNMzLQpMg
DA:132,1,T92P+Id713wWkD7Sm/5AAg
DA:134,1,EyqDdJmUQgEpILyh4WW5RQ
DA:135,1,g+ktVHO7titOKrlJgzhRyw
DA:136,1,JSmq4ui7Q51N5VnCFuaqDQ
DA:137,1,1OQa8h8qpnpxVZvjCeKwew
DA:140,1,sTYC7pQKwRbTNijKS1tEcQ
DA:145,1,EyqDdJmUQgEpILyh4WW5RQ
DA:146,1,g+ktVHO7titOKrlJgzhRyw
DA:147,1,3C6228SM7Ut4fZCgxp26Jw
DA:148,1,1OQa8h8qpnpxVZvjCeKwew
DA:151,1,ot51WULb1jPqRFZNXiywNw
DA:153,1,EyqDdJmUQgEpILyh4WW5RQ
DA:156,1,9B2fOBEcXmVYCleYEKWI+w
DA:157,1,mI+thZhKFWbKP0Yu8qIrpA
DA:158,1,xl8VUP2Us5apgLGn0lHFlg
DA:160,1,UqaG6hK2vQTyG3/k6ydKjw
DA:161,1,HOds2869ZD/RW6k2CKfwfQ
DA:162,1,yCg5Aea190/qV5sn6KezyQ
DA:163,1,DG+9PXahDIuMGRDZteQnfw
DA:164,1,JkET/dj1TRF9tH22xpiraA
DA:168,1,VOPv3HvUx+w3JzHC7xorwg
DA:171,1,0u8u9oewEbL5gNpquxcXZA
DA:172,1,xjcDBnSwra0OiNOAYAwoHA
DA:173,1,zTDLq8MX7VuHVSqtiJEs2A
DA:177,1,EyqDdJmUQgEpILyh4WW5RQ
DA:178,1,g+ktVHO7titOKrlJgzhRyw
DA:179,1,7vrDeycQ/MaNk4DwDeMh6w
DA:180,1,cPIKqAY6evLGK9EN+FBRFQ
DA:182,1,UqaG6hK2vQTyG3/k6ydKjw
DA:183,1,HOds2869ZD/RW6k2CKfwfQ
DA:184,1,yCg5Aea190/qV5sn6KezyQ
DA:185,1,xVnSXKPByb8cuuzfDBF3LA
DA:187,1,JkET/dj1TRF9tH22xpiraA
DA:192,1,jPIphspBDHmN4PHXIJXKLw
DA:201,1,P67M/agArlLQhpgjfT/kKw
DA:206,1,EyqDdJmUQgEpILyh4WW5RQ
DA:207,1,g+ktVHO7titOKrlJgzhRyw
DA:208,1,7vrDeycQ/MaNk4DwDeMh6w
DA:209,1,cPIKqAY6evLGK9EN+FBRFQ
DA:210,1,n2Lu3FqvnzRhwvw2tBC4Qw
DA:213,1,BwXh6E0ZVYNCSXNgQeRKBw
DA:218,1,EyqDdJmUQgEpILyh4WW5RQ
DA:219,1,g+ktVHO7titOKrlJgzhRyw
DA:220,1,7vrDeycQ/MaNk4DwDeMh6w
DA:221,1,cPIKqAY6evLGK9EN+FBRFQ
DA:222,1,byr0b6XDN9HKm0pDolYsPA
DA:225,1,WDgx3b71+EX/u6EyY30R7A
DA:227,1,EyqDdJmUQgEpILyh4WW5RQ
DA:229,1,sJ0MdGbHQsistG72eTIQag
DA:230,1,zL/CtV8Br6USjhXW99PWqA
DA:231,1,jjFtaC8Bci0RpRx8DNTxOQ
DA:236,1,94XYgkRYxS5K1C2JlGt4Sw
DA:239,1,EyqDdJmUQgEpILyh4WW5RQ
DA:240,1,LQf9gTkpPBzUwGUfR4JCCQ
DA:242,1,Px1KsiWW1vFvBRN8aQtOcg
DA:245,1,bqXSnLikuFQLNaaE7X/zPg
DA:253,1,8kij2gs1m32U27/bmh6j8w
DA:255,1,EyqDdJmUQgEpILyh4WW5RQ
DA:258,1,UqaG6hK2vQTyG3/k6ydKjw
DA:259,1,FrZ1BXjH8BHB9r/txifcIQ
DA:262,1,UG4SKkHv0waZFcI5ftlq8Q
DA:263,1,ngtNhc+bMDGAP4JRPyOoAQ
DA:264,1,J7ml6Xp5tYVJJLZory88bw
DA:265,1,vf7dyxPymd4sOSGtUJ1gnw
DA:271,1,xpjSAQmIgGHJ6ofFvQAisA
DA:285,1,IQk0umKxQHQFSYTKXsMifA
DA:288,1,GCgfsusfTzl5zOxH+3bBFw
DA:289,1,YEFJFOIhb3p1yZNov43lWg
DA:290,1,gtmXLJozcddZnVxnXp+pDA
DA:292,1,W9qmwzkUAxDvI6odLAeHWA
DA:293,1,bG6rgmvYUBZMxZzQBL0O3g
DA:295,1,zL/CtV8Br6USjhXW99PWqA
DA:296,1,4BudazQQ3l0pw5ffZfSmMw
DA:298,1,AexTfISHsWDuRw3/PziRhQ
DA:301,1,cMEWUjq5NgzCnFBHbis2vQ
DA:302,1,FcgsEzuPgldaKF6Ke2M7wg
DA:305,1,vPiv/QaWfzvOh70EAA1UdQ
DA:313,1,m2JPXDNznDMyh32d3fSQtg
DA:316,1,EyqDdJmUQgEpILyh4WW5RQ
DA:317,1,SrtPiwEe7HWirMYfkHSBqw
DA:319,1,TV08BxtBbuBBSyDZcycIpQ
DA:321,1,zL/CtV8Br6USjhXW99PWqA
DA:322,1,2qXpQv/NCw5aBBdK0xvrLQ
DA:323,1,AexTfISHsWDuRw3/PziRhQ
DA:326,1,b7aFdacNOy7q48OAXfQwZg
DA:336,1,IQk0umKxQHQFSYTKXsMifA
DA:339,1,GCgfsusfTzl5zOxH+3bBFw
DA:341,1,M+Q1w6/oSNNjzwxfD9PrAQ
DA:343,1,gtmXLJozcddZnVxnXp+pDA
DA:345,1,uHfeeIQGN+mcoxicYVMTeQ
DA:347,1,vSD7jIrxeCN3qAx6B39dTw
DA:349,1,zL/CtV8Br6USjhXW99PWqA
DA:350,1,4BudazQQ3l0pw5ffZfSmMw
DA:355,1,Ibw8f+OrvRwVO7aJEWbdQQ
DA:356,1,4kDvzeVnzWm4z5JejCDhRw
DA:359,1,SNKt2JvQzAwwT+op/B1K5Q
DA:362,1,m2JPXDNznDMyh32d3fSQtg
DA:365,1,Fkg8CvEKF+8d2eenz3YcYA
DA:366,1,SrtPiwEe7HWirMYfkHSBqw
DA:368,1,/ftoasv+/vdEnVcuLQYHWA
DA:375,1,VniVTIQv8iq9Z3ZLpM7oSg
DA:376,1,zL/CtV8Br6USjhXW99PWqA
DA:377,1,2qXpQv/NCw5aBBdK0xvrLQ
DA:378,1,AexTfISHsWDuRw3/PziRhQ
DA:381,1,NDrXwTY4uXltML1t/mExvA
DA:391,1,ZmzXwwylgYFtH1tcAE421g
DA:394,1,jQtNLDkSYR3Vtc9dSiBgLQ
DA:395,1,vVoTwityEEjPg8ZEWkPcMQ
DA:404,1,JGG1Na6yjuCeHJ7sMza+6A
DA:405,1,tpejgxVgVGXnDO+DcSnrWg
DA:407,1,EPbCZkvi6eOFHq0dJ0if1w
DA:409,1,07RTM3ZTIgwsSgdTkMBNaA
DA:419,1,k+5Jn6dDlJ2XYDwl4Jq4bw
DA:420,1,6L9R4Cq2RhfzWGP1JLVLLQ
DA:422,1,zL/CtV8Br6USjhXW99PWqA
DA:424,1,G3i+K2uR9okFBpD+PiN+Pg
DA:427,1,h1jq3NzRVsMy5X2wF/I4MQ
DA:430,1,ya8LxEWBeL6wJgxrz8hZIA
DA:435,1,GhPs6V1fKxOdAJnpeMby6A
DA:443,1,hdbJzR1a6YH5eeh2jCrAjA
DA:456,1,yjJ9DaZsScVKhFWvgWy+ng
DA:474,1,nRkAeRtTbERyxYHT8NLTLQ
DA:479,1,t8vrkZ7C1Z9+5Ib8bO+hVg
DA:482,1,do5iXe7BHxGU/QOkxvq2cA
DA:485,1,GCgfsusfTzl5zOxH+3bBFw
DA:487,1,jiF4+ymZwS4nNHpKEyWWLw
DA:490,1,qlTdDZpfb5XwZ1erzKFr4Q
DA:492,1,DkJ+OFOhth658JsIObjNFA
DA:493,1,iqXdep1AnkBbvS0CPCO9uw
DA:494,1,CYcf/iDOPQ5igLnZlG4C/Q
DA:496,1,/I72mcdoDRqtA1/NIOqXKw
DA:497,1,AIpVP6aNm7XxHEWHbHCbRA
DA:502,1,IbU2vn/82yrlAVAjmT5gdQ
DA:507,1,3oheaz//FndJ6RAZbJWDsQ
DA:508,1,5WOboFujW9dSb3oY7HTstQ
DA:509,1,xi+WnLdpiphKLZ9OjO+WzA
DA:512,1,4aa/syLUeEAgD/pvuewzuw
DA:520,1,s79OfAqiPRUcNV49e8XcdQ
DA:521,1,79/YY/XZSgpl3g4ExD2wGw
DA:522,1,yhauKfxHSEr1uLTlFLH+Ww
DA:526,1,xwHBCFDxMIxSP88Eqb6ltw
DA:528,1,RxOiJw/HFkodIQvk/amMdA
DA:530,1,UqaG6hK2vQTyG3/k6ydKjw
DA:531,1,uBdxTA+40YYMcMKVYg3twg
DA:532,1,tp18MZuXFigUWRkd5R+1jg
DA:534,1,AexTfISHsWDuRw3/PziRhQ
DA:537,1,zcMVr3bzHw2Whi4xW8Tosw
DA:549,1,085PO2Mp4tBjFbYbb/SaPQ
DA:554,1,EyqDdJmUQgEpILyh4WW5RQ
DA:556,1,1A+WmRYRi36ekiU8UPxyKg
DA:559,1,xDWWDKS8ZfDd+znQQrWcJA
DA:564,1,EyqDdJmUQgEpILyh4WW5RQ
DA:566,1,ugmxeSdHfqjjF/+rtKoUaQ
DA:569,1,2OZM1KuYOeOHj+56pnaUzA
DA:571,1,EyqDdJmUQgEpILyh4WW5RQ
DA:573,1,js1MAIM9maeC9+Xcz+Y4iQ
DA:574,1,T0QBVi3KgoWD6ow9UCFwow
DA:575,1,J6IlUIWB4rbH7DV/gXsRZw
DA:578,1,AIzatIZtVPFXPyTBuO0FBw
DA:580,1,lsI+A6yHbYc+sC03kqVP3g
DA:581,1,oUGxCryPgUj8UvTnfMrNrQ
DA:584,1,t5l5OA5UwgYY0qEnlArEtg
DA:592,1,PHvMj5/jdngsKY9lABWV5w
DA:597,1,VFc82MnuTehR3QoQ/RFAkw
DA:602,1,lsI+A6yHbYc+sC03kqVP3g
DA:603,1,mBQddD8JnAf51OGzlYvqeQ
DA:604,1,VUyTmChECLKZR6KfNp5m/Q
DA:607,1,2ey2R4qQvcBlWsgkQ16kpA
DA:612,1,EyqDdJmUQgEpILyh4WW5RQ
DA:614,1,LWocp62Bo+bhyS4hxwvrBw
DA:615,1,i+HC7E1kRoHEEVkzTQcanw
DA:618,1,WnyT09d+0CyonvFjMcJBhg
DA:623,1,aXYxAYt7VGcL0QNQS9AlPQ
DA:628,1,EyqDdJmUQgEpILyh4WW5RQ
DA:629,1,g+ktVHO7titOKrlJgzhRyw
DA:630,1,D3Dv3rKjPL+Tn/09vBOwnw
DA:631,1,dQ2vH7aarlfNN1t/XVwCcw
DA:633,1,j20JfO4U03kFa6FuYCflcQ
DA:636,1,CK4vFG5F2QEp6JMMDzhOIg
DA:639,1,nIKGsvOQoIqy1J5tB8zNrw
DA:641,1,huLrSmyGpcZ4rGC2jD9q5A
DA:644,1,Xj8fchMVABZS7JaqkOly2w
DA:649,1,EyqDdJmUQgEpILyh4WW5RQ
DA:650,1,g+ktVHO7titOKrlJgzhRyw
DA:651,1,RrFZCJMz38gwU6A0yEYMqQ
DA:652,1,IxtTgAitONfdxXy16irs1Q
DA:653,1,8qAC251j015q1N2h5lX+VA
DA:656,1,sjcYb0EzZnitxy3yQeT5Rg
DA:658,1,Kp/gzRGvjsmIedLMoZ62Ag
DA:661,1,CCOdCfTPMOqHjeg18qPyJQ
DA:666,1,7y75E1lZCd4D49IpU3Y8xg
DA:671,1,EyqDdJmUQgEpILyh4WW5RQ
DA:672,1,g+ktVHO7titOKrlJgzhRyw
DA:673,1,AjXkXw3gURVmXnQdEqcoUQ
DA:676,1,OTjl5644fg5hpN4izHIm3Q
DA:678,1,EyqDdJmUQgEpILyh4WW5RQ
DA:679,1,g+ktVHO7titOKrlJgzhRyw
DA:680,1,nE8ikqIpyrS0nFWTG5q7ig
DA:683,1,FKau08wY9KgFr+j7FPJ7CA
DA:685,1,9oELRRwxgouzwudGpll8eg
DA:688,1,e0iJdB4cep31Im7iuEykVw
DA:703,1,ILRKT7f85JgeSonpvbL+Mw
DA:705,1,EyqDdJmUQgEpILyh4WW5RQ
DA:706,1,g+ktVHO7titOKrlJgzhRyw
DA:707,1,Jj9CpClzNlJwL2JAhaf0MQ
DA:710,1,ZgMmESN/KZ2k4d57eoP50w
DA:715,1,EyqDdJmUQgEpILyh4WW5RQ
DA:717,1,jC5LGgYmYrGWTorrBEhR0w
DA:720,1,Qpm5AycR532hIfu925Ypmw
DA:722,1,EyqDdJmUQgEpILyh4WW5RQ
DA:724,1,UVsLvMfF0ixXc7weNnCWCg
DA:727,1,CqzqbGnsE2ICMB1qPwX8qw
DA:732,1,EyqDdJmUQgEpILyh4WW5RQ
DA:734,1,wifTuukdGHER0aGEAANRuw
DA:737,1,a9+w81KegJxvI3eKRtV9XQ
DA:742,1,EyqDdJmUQgEpILyh4WW5RQ
DA:744,1,FL6Y1j74EVDnKlURwfsfgg
DA:747,1,vzzHPBkr+CXzHcpOA1D8CA
DA:749,1,EyqDdJmUQgEpILyh4WW5RQ
DA:750,1,g+ktVHO7titOKrlJgzhRyw
DA:751,1,qgBSaHoMNM2Y/phlI5ygWQ
DA:752,1,T0QBVi3KgoWD6ow9UCFwow
DA:753,1,6WniRH+EVqto3KVBtBoD1g
DA:756,1,+giKiaMxQqM4qIgTDRtiXg
DA:766,1,rR37m1z3D8w+ol5kFlXyYw
DA:768,1,lcAx5aI8+YkdutOO1R528Q
DA:769,1,9oCSva+j2p+SGKMS/PftAA
DA:772,1,mBdvQEGN70nNxaHiyzknrg
DA:774,1,84wORDCC5LUsU7TWQhjyfQ
DA:775,1,+BY6dtuQAtnFTp0ld3ma9Q
DA:776,1,Qbwu2tdsSaXMPpGERzoRcA
DA:779,1,iF8DgW2fJDtCWmwAEsTYgA
DA:786,1,vpCjbDm1rSL5/xoWCEOh6Q
DA:788,1,uqyfUQALYCCeOH7kduQstA
DA:791,1,gEOYLq+KOZb4gpNHehNPuA
DA:792,1,XbuXi+8I8/K/4k1Iftt5uA
DA:795,1,jjZa3xYaxGTe7efptwkPlQ
DA:796,1,FSLIAVQZ/gqsEZJn+lcrww
DA:797,1,6HWm5V6wUAn8QEk1o8LI6Q
DA:800,1,jDwWfv4qvi3dEINm0pwOew
DA:814,1,/nFYLaYuK/MYN7Wf4FdVXw
DA:818,1,s8h+GZDEunxLGyPpQ2q1/g
DA:819,1,c8rxWnY+mRVIzriqxzlWKA
DA:822,1,P8888G+E0tLhIRV3t4KkNg
DA:823,1,aWn+nRKljzddqat+P92edg
DA:824,1,K2iaEu3IV49GTxP33DtUoA
DA:825,1,Pv7D2BTecrr7SKDGJE0sZQ
DA:826,1,aCL2bpsxzzrv8ozE7Ny2bQ
DA:837,1,McjO4L/PM9c1a9rU6Q7r+w
DA:848,1,IbSCFA26LjFGWnUIvz7/0A
DA:849,1,ARpkMvBF9RFxlBlxgJboaw
DA:850,1,6AZ+S80E8z381FtJBRSd9w
DA:852,1,ca8YM8GhlZ6Dyh+zdy2jMA
DA:853,1,ErkWPC3XWSRRq16zZS8Cew
DA:854,1,S46FTvcMdZW4uRqovQ9aww
DA:856,1,z9Yj3ylCcfmieD4pI+BvKw
DA:858,1,x1c2IVIa+vLJqTxFA4joog
DA:859,1,Yw9Nu0cSBvoHr7YFx2WMMg
DA:860,1,P0EA26YJjIka5T4U+d1wIA
DA:861,1,JIaCjf4lkiV6EgTYKYmozQ
DA:862,1,UH1wxjg5IDjRIh5CLW/O6w
DA:864,1,3L1PXc4zmOdnyP0J2hxxqQ
DA:867,1,VJEO5GfCKvYC6SqMc7V3Kw
DA:873,1,EyqDdJmUQgEpILyh4WW5RQ
DA:875,1,jjs05clnR/N8dyNc46PFMQ
DA:876,1,JyBJasTTvOJrBjQI6l4Luw
DA:877,1,B4fu3tyhuhVIwsaeL5VKaA
DA:879,1,cdxdDfKvv0IzZ73blb8tmQ
DA:885,1,w4gAtCfZNy9+fm+pIhGZ4w
DA:896,1,ZueY/D7ATci/kAs8VQZVzw
DA:901,1,N7C7JoKU8ZzbbdsJxycHXw
DA:913,1,pJPPw1pDdr3QSxM7E1lodQ
DA:939,1,W3gwRFC5OtWZkjRmnqnvQw
DA:941,1,EyqDdJmUQgEpILyh4WW5RQ
DA:942,1,g+ktVHO7titOKrlJgzhRyw
DA:943,1,HSnzJGSup+9KNEYx13/Maw
DA:949,1,hyQK6kbVkmSZf4CllAFf1g
DA:950,1,F+UUuzhLQK6bbMbhE5tMGw
DA:951,1,iJKbSXnJuF7MhcMkzHtgNg
DA:952,1,F6UF9sE3c4t5jbObjk4d0A
DA:954,1,Nam88II0wpbm4fHAE/wP2w
DA:957,1,U7rgofFKrav5T14i0bI1OA
DA:960,1,Fc0fLkLG8AElRdkZbHAZRQ
DA:1007,1,ag4AG95aDjtfZmAmFjD1MA
DA:1009,1,UqaG6hK2vQTyG3/k6ydKjw
DA:1021,1,EyqDdJmUQgEpILyh4WW5RQ
DA:1022,1,g+ktVHO7titOKrlJgzhRyw
DA:1023,1,DpSpK4On8yKpZbDi9laRUw
DA:1025,1,K3s+ycJpllXgdUnzM0pTYQ
DA:1029,1,SFGv92b6oEkZLC70cglpPg
DA:1030,1,6wW8ojMnTX+V40XUOPIwSQ
DA:1033,1,p+0N11lDgnjdnqsA2v//OQ
DA:1034,1,GuHBs7666QxjuX0EimudWg
DA:1037,1,7fL8OhORWq7kp0qIvc8sDw
DA:1040,1,IqGIPqr3NJikx88TUNbNvA
DA:1054,1,G8Iv12R2DEd0ZPsKJIwVqw
DA:1058,1,mKNDQNW/6rfesejJyNbUeg
DA:1075,1,YJrpBUKApf//u6FFjtRxEw
DA:1080,1,pvUhqpPcIF06axWqU8rcFA
DA:1081,1,hluOaiZvMz4sIeyxOdV/mA
DA:1083,1,KrycAvaSxS/fUOiGd+cLGQ
DA:34,0,ied2onr0n/AQ8IjXbdPS4A
DA:35,0,i9YUs0Z+yxWmIAMVcNQTdA
DA:49,0,73nAEBDASlyqSR/EHXRwIA
DA:51,0,K3jdYnOjfFPMzKPT1xSUzQ
DA:52,0,ou/I6jzesiqqQkNK5/9TwQ
DA:53,0,aTsYEhUCDoqYt5YdyG2zAg
DA:54,0,KV4oQdXhyBJjwSOh/c6tNQ
DA:55,0,xD//Fkn+kpQyWk8pVb3isQ
DA:60,0,UqaG6hK2vQTyG3/k6ydKjw
DA:61,0,duPAvAhv7kX7M5P3HyXdEw
DA:65,0,9wOTPrMUAuGhQB8AfmVv8g
DA:66,0,60v62i1atPQ1N+BP5zc5xQ
DA:67,0,Ah+eOR0faRx8p/WQA0uPow
DA:68,0,OjMycXToONvYha5Atd1H/Q
DA:70,0,ra0XJ6OJZNxEcOWlJahPXg
DA:72,0,UCW4V0FkT9qsm7C6hXZG6A
DA:73,0,uW6XaHYGIJUC/5TLDoQ0pQ
DA:75,0,EyqDdJmUQgEpILyh4WW5RQ
DA:76,0,3DCWjvqHNJtiuWsr5mKguw
DA:78,0,dDpI1xnYM7U9EkV5ygfLLg
DA:93,0,g+ktVHO7titOKrlJgzhRyw
DA:100,0,JaBZpR3cUjn2vhxelhAafg
DA:105,0,JaBZpR3cUjn2vhxelhAafg
DA:110,0,7SE12oK2jKAqtQYC6eB/FA
DA:121,0,g+ktVHO7titOKrlJgzhRyw
DA:128,0,g+ktVHO7titOKrlJgzhRyw
DA:154,0,g+ktVHO7titOKrlJgzhRyw
DA:165,0,qwd5cMTnr3kjLrlkH88F9g
DA:174,0,o7tvNiq40uwo8eP+lY5kyg
DA:175,0,lzSodkKuIpdzxQNyXyZJUg
DA:189,0,W3LPWXwL/FU8Bvuplz9CYg
DA:194,0,EyqDdJmUQgEpILyh4WW5RQ
DA:195,0,g+ktVHO7titOKrlJgzhRyw
DA:196,0,7vrDeycQ/MaNk4DwDeMh6w
DA:197,0,cPIKqAY6evLGK9EN+FBRFQ
DA:198,0,61B6XWFydKKVplBa2f31BA
DA:228,0,g+ktVHO7titOKrlJgzhRyw
DA:233,0,/l9yyPRXYkaB4FBVG6Zn9Q
DA:247,0,dHQ6cP1nP99UhbZN7s5PCg
DA:248,0,zL/CtV8Br6USjhXW99PWqA
DA:249,0,Yj4mUr/3QTEcNzQ24XYYaw
DA:250,0,MDyK40ZG5imxT6kUvnBtOw
DA:256,0,g+ktVHO7titOKrlJgzhRyw
DA:286,0,6xLl4mVnerVtJaHwOrAGbw
DA:314,0,6xLl4mVnerVtJaHwOrAGbw
DA:337,0,6xLl4mVnerVtJaHwOrAGbw
DA:352,0,AexTfISHsWDuRw3/PziRhQ
DA:363,0,6xLl4mVnerVtJaHwOrAGbw
DA:387,0,OWy8kaWoPQ/gjSmM+M2fsA
DA:388,0,6DCD022GwcebTWsu1/A8Xw
DA:396,0,XdSNIYbpqa4trLPuz+UjWg
DA:397,0,diyYKn3CwFj33WEWnp+QUQ
DA:398,0,CTLCUJXtDOdmWuhqMGDqow
DA:399,0,rGpM2LSNX7/3o5rS7AOaeg
DA:401,0,uOafPMmVO4dokgLyC3Ur8w
DA:423,0,ZhZSQWA2UCRzW7MP33lWIA
DA:438,0,ya8LxEWBeL6wJgxrz8hZIA
DA:446,0,ya8LxEWBeL6wJgxrz8hZIA
DA:465,0,UqaG6hK2vQTyG3/k6ydKjw
DA:466,0,FrZ1BXjH8BHB9r/txifcIQ
DA:468,0,0uHkbjmiWVnAHivBsvJZUA
DA:469,0,p9TKGyi2C5UalTP7WD+tVw
DA:470,0,6rgBhtkd42TFIDwa61jENA
DA:471,0,SvIbdNyy68CMxELMQjP2+g
DA:480,0,RgG8Oeye5sYHywxEGs8V/g
DA:483,0,RgG8Oeye5sYHywxEGs8V/g
DA:488,0,a54mE+hX1bRfJa6R+dX6pg
DA:499,0,xRfFvgUTnpEp4rE3S05j5g
DA:524,0,yvRSZoSLsU9oxQgqBJGr0g
DA:545,0,4ELqW5pOw0rj4NUNhTW+sg
DA:546,0,7fEqbx/X0Qr2+O7b+f0M3g
DA:555,0,g+ktVHO7titOKrlJgzhRyw
DA:565,0,g+ktVHO7titOKrlJgzhRyw
DA:572,0,g+ktVHO7titOKrlJgzhRyw
DA:589,0,A5M4I1SrTsrSbHlN1OrxNg
DA:594,0,jrSB/ES1+Z8CM1kOlOAG5g
DA:613,0,g+ktVHO7titOKrlJgzhRyw
DA:620,0,9Oohw3vWQD8G0kBtcHCdDw
DA:634,0,zS8Fn3iBk4tHkXrBjxQM7A
DA:663,0,n8XaVNA1+cLHSS7a5djZbg
DA:690,0,EyqDdJmUQgEpILyh4WW5RQ
DA:691,0,g+ktVHO7titOKrlJgzhRyw
DA:692,0,J21Xc22t/TEE+kwlVpSl5A
DA:693,0,/wpmavTXJt3h+UWXJ3xAWA
DA:695,0,sHRUrm16zxRAOpoIXnDNZg
DA:696,0,3n1wjNfDc/o3lajqz/7wcQ
DA:697,0,B/Fo9U4/nMeRNS1JjGZVyQ
DA:698,0,P4HRBwGtzaiD1hmXZrFpZw
DA:699,0,V7uRmjj6chiNnyDqZpYJVA
DA:700,0,aI8jocA3psbMS3so79jMlA
DA:716,0,g+ktVHO7titOKrlJgzhRyw
DA:723,0,g+ktVHO7titOKrlJgzhRyw
DA:733,0,g+ktVHO7titOKrlJgzhRyw
DA:743,0,g+ktVHO7titOKrlJgzhRyw
DA:761,0,EyqDdJmUQgEpILyh4WW5RQ
DA:762,0,g+ktVHO7titOKrlJgzhRyw
DA:763,0,d6scNoO7B7KK4YqaLa8rMQ
DA:801,0,rX/2ybFwExtYxvnVMHzd9A
DA:815,0,yjJmNuOr4Y8EzeGOZu4o/Q
DA:874,0,g+ktVHO7titOKrlJgzhRyw
DA:888,0,EyqDdJmUQgEpILyh4WW5RQ
DA:889,0,g+ktVHO7titOKrlJgzhRyw
DA:890,0,bI2yajJ9Bys+6gCyGMhkaA
DA:893,0,59w4ETZE6A4lWCUmSHu2Aw
DA:898,0,i7Tq6Fyaptui91DXz4o8BA
DA:906,0,EyqDdJmUQgEpILyh4WW5RQ
DA:907,0,g+ktVHO7titOKrlJgzhRyw
DA:908,0,dZLtJ51t6iqHc7Io1DiyZA
DA:910,0,N+KY+ieREJfS5eqCzr1rNg
DA:917,0,EyqDdJmUQgEpILyh4WW5RQ
DA:918,0,g+ktVHO7titOKrlJgzhRyw
DA:919,0,mowgMnBW9CEpvuib3fO8SQ
DA:923,0,EHjQBYdDYfuirKfrfUQJ/g
DA:924,0,zWXm9q0wpzAhoJrSBeP8fw
DA:927,0,TvvY963hOzE6jJmTOrW+4w
DA:928,0,wOAxmmttvPzobeawtyyXiw
DA:930,0,5EMZbZDHbhmiUPhkVpoOKQ
DA:972,0,EyqDdJmUQgEpILyh4WW5RQ
DA:973,0,g+ktVHO7titOKrlJgzhRyw
DA:974,0,mowgMnBW9CEpvuib3fO8SQ
DA:976,0,09pEEXkRpgctg75/nMHRmA
DA:977,0,avzLmf0UV9YUIgV1kt5bfQ
DA:986,0,Lt6/BpnDKCX+XNG4LimyBA
DA:987,0,dhQvR/MwLzFdUinaNdSLHg
DA:988,0,kRJLI6XJloUsfapGjJJmxA
DA:989,0,6/Z8cMAIHzkCwgzknFel7w
DA:993,0,YL25BHcrbQHLwhorNeOoHw
DA:999,0,Mn1Ok0ilSmcUPmPKe3T99g
DA:1001,0,mGbML9UWL7x2ed1m6MjTuQ
DA:1002,0,gRfqI9XP3wK/y6VTgrAPBA
DA:1004,0,vIzsZIYrCVO2pjaQ4WGZxQ
DA:1010,0,duPAvAhv7kX7M5P3HyXdEw
DA:1014,0,9wOTPrMUAuGhQB8AfmVv8g
DA:1015,0,60v62i1atPQ1N+BP5zc5xQ
DA:1016,0,Ah+eOR0faRx8p/WQA0uPow
DA:1017,0,OjMycXToONvYha5Atd1H/Q
DA:1019,0,ra0XJ6OJZNxEcOWlJahPXg
DA:1055,0,i+/KpC5NtjhLs5gq66DG1A
DA:1076,0,TSx0O7R8X8mD2No0w/w7WA
LF:469
LH:330
end_of_record
TN:
SF:cvx/simulator/quantstats/utils.py
DA:17,1,y80OWRA2xZhQzA1b5H6AOw
DA:18,1,o7XN3CMj67n397EmDP0M3w
DA:19,1,5fp9xH0r+7cv3YdkNEHosQ
DA:21,1,kkXsJ1sPFgyuZhJRwqSGqw
DA:22,1,B2Ezq8qYm3yCdXujwQqt4w
DA:23,1,n0YbRsCdMhKOFi5EU5mNhQ
DA:25,1,fTqb+dVHSp3M7pZOcrOiPA
DA:28,1,zsmkw2YDzoQhqS6uRkaRPg
DA:32,1,fPMABywL4Cnm7+yct7nQFw
DA:40,1,ktdJ8lAS9Jp0+WRFdCskaQ
DA:44,1,OZQYa7usoDUP5JkYKoDEIw
DA:50,1,1EtFfs+R8gTFiEa9eLdY/w
DA:56,1,Pgsudupp1H+31wENmwhuRw
DA:67,1,+DevcT0mWIPyZHvc9guTEA
DA:72,1,xYfRNJ1plPAbgTrq0mx/+g
DA:74,1,lLjYczowvQZFtazIijEZ7w
DA:76,1,vXwbWAYLuI6jhgetKNLs0Q
DA:79,1,2FO338LPSMOp37j5TgL9GA
DA:84,1,j1hpqtkoyuU1ipKFQKjCpQ
DA:93,1,vxsk8q33rnU46SxuvMC1CQ
DA:102,1,ZK9e6bOJ1K3Nzv7KaKsdgQ
DA:113,1,NVAkh6+I3Oa556oFvlHRIw
DA:118,1,79/YY/XZSgpl3g4ExD2wGw
DA:119,1,uiJL6UoisqUzlIt1E/+Igg
DA:120,1,vF7oykmqz7HSCojpq+3Inw
DA:123,1,Mz8Rajk2dke/klENGqxDpA
DA:125,1,/5lBqYwYnf/8al1yqjfz6Q
DA:126,1,6+EPL/PJLmW76Y92fOFrZw
DA:127,1,HVjBnfJVQstQKS8BmruX1A
DA:129,1,NSsbPOCS9P6NzPRyE6V8mg
DA:132,1,H6iKaqkkZWrFcfhGGqqpUA
DA:135,1,QW2KGhBjMs3CYveNJ6okUQ
DA:136,1,m6uOkBxMG/vj935lhFu3aA
DA:138,1,B2ePNnenDy8SAVyLZvMnag
DA:141,1,MhQdl43ZcwBYAvcE6dAGLg
DA:144,1,RK1vECNZseiI0Go1cfsbVA
DA:145,1,iXlFW5rIoDLqSd3CSl275w
DA:147,1,YjUiRaEvsNfMhw/YLURZyw
DA:148,1,d8mJ1hoxE7XBx4HArukAiQ
DA:158,1,V2HVb+y2l27fj3S2m5nazQ
DA:184,1,M0p4x5jQrXSc5k54I7avkg
DA:186,1,dWXVv1HPPWfyT8c4AYIDsA
DA:187,1,EHlKnK8XQNIrQA3co7OyMg
DA:188,1,twEB2G979MhMYS5xOItfhQ
DA:189,1,eQJSUtahQC7RJYEVq6fdAA
DA:190,1,eoAOEGJZ82rqqlGn0QdDtA
DA:194,1,jw7++jgj9Gy3uJV1aZZdrA
DA:195,1,jUy3y+FtraI/sanGASF2/Q
DA:197,1,0Ug3McuiM4cbRHpG9ZvW8Q
DA:198,1,1uSrgJBVP3179O6ovkk8ew
DA:200,1,vIzsZIYrCVO2pjaQ4WGZxQ
DA:203,1,+kJL/5sGtlloRLb1Vzrpiw
DA:205,1,dWXVv1HPPWfyT8c4AYIDsA
DA:206,1,gxAjZdkGt3zya2CpzkmhcQ
DA:207,1,EHlKnK8XQNIrQA3co7OyMg
DA:208,1,twEB2G979MhMYS5xOItfhQ
DA:209,1,AMPNPYo/P7h3uUZVsJfbAA
DA:211,1,Rg48ArWOXWRYxN2VxAc0qA
DA:212,1,vaRm0heiXmcQ3oGahIzang
DA:215,1,zpezIU1lhKMIbfB+URJJ3w
DA:217,1,0Ug3McuiM4cbRHpG9ZvW8Q
DA:218,1,1uSrgJBVP3179O6ovkk8ew
DA:219,1,KQjNDEHFPnfMFg9JdyjkBQ
DA:226,1,lswLCw/88y/VwSN91/QbQA
DA:227,1,0VnlxjgOrvXNnYzCIasY3w
DA:229,1,vIzsZIYrCVO2pjaQ4WGZxQ
DA:232,1,m5AS0jCju3UVv+izX8PtcA
DA:244,1,hDr9qAFEyffdLfTIXSq08g
DA:251,1,x+3KO/NLLU6Y8zi0kugrtQ
DA:252,1,apkQQtiiE4JOuDIBvLOUjQ
DA:254,1,EE3xxmI6homYa7cRoC4Wtg
DA:257,1,r2fKGbp2RsdAWxloJlfCCA
DA:260,1,2e4OAPrT061UrhFJQOAXqQ
DA:272,1,9crrjhw0KvdM5V/Ufe6u/Q
DA:274,1,EyqDdJmUQgEpILyh4WW5RQ
DA:275,1,8MH2mPfbVUFVZpSikzQLnA
DA:279,1,rdO/Rg2icj7FIVtlcx32OQ
DA:286,1,bG1lzaU9/0slY7pfPyiNnQ
DA:288,1,cvwmRr0Ur6syfHKXAgqxDg
DA:291,1,YTaYI4h+yRhHcHb8W6/Osg
DA:293,1,B/Fo9U4/nMeRNS1JjGZVyQ
DA:294,1,ETxH9nVAFRodlB4cGf/qsQ
DA:305,1,PXMW9O+cbe4VJW0TyIsgPQ
DA:307,1,W/g8GJDAYJkSSurt59Mzfw
DA:310,1,P838MfBLhglOhtBqombpkA
DA:313,1,Bx+5A2eYozc37hZN0OTXfA
DA:314,1,iDAeKQMO7FygxRrzj7MCNw
DA:316,1,EHlKnK8XQNIrQA3co7OyMg
DA:317,1,twEB2G979MhMYS5xOItfhQ
DA:318,1,n8tMaSo120kzdu/pIK/7Dw
DA:319,1,/74eoZIcTHR3Li1uUT1/0A
DA:323,1,kS7fTrmzjQEjPwBxBLHQBQ
DA:325,1,dnir7nbT4Pa+MvasJlo+Fg
DA:328,1,Vt3vooMpL7sh66ECn6htrQ
DA:401,1,87I0m0tlwfblEvYWqDZ2jA
DA:403,1,Gi7fYlkAFBIlUjI5r0ROQw
DA:405,1,9sBJwuVJD4HI1JgfdkJMcQ
DA:407,1,RfTb3vAyweRfZgGjRTIhXQ
DA:408,1,BMucx5VjtZpjkim7P9NjNg
DA:417,1,94uJCyITRuX3uuuP+c5Sag
DA:419,1,CJ8hpr8IV68NUMQTs7LDAg
DA:421,1,UqaG6hK2vQTyG3/k6ydKjw
DA:425,1,gts8BJyTv2SPuJ88iWjZXA
DA:428,1,27FdThs9P5a/LMlbPsCCSw
DA:431,1,vqWiIN5xuNLkfB64Ze8a+A
DA:29,0,A97M3J0BfWxX7bV3pfKnjA
DA:33,0,VUKikS49s90/eIcqvfo5LQ
DA:34,0,6IZvGA19dJq29x4z2UghBg
DA:35,0,owNYZWvIxYA/9CIQ1JMVqA
DA:36,0,zQ6m1wpB4XxdDc6L2lkjxg
DA:37,0,KnyEmcs53ZxlzsPMksHYZA
DA:41,0,B+hYuYA0VQIzPcrWYy15xQ
DA:45,0,ur6lFOi/uDV+iQO0cdWU1A
DA:46,0,l21P031PoOpNPRwrXZqZxw
DA:47,0,T6NCYbbXq78g66ED6wIYzA
DA:51,0,5QU0VJrL51H2+HEqceguxg
DA:52,0,uB6MNVrrZYwvV5XXXp4sJw
DA:53,0,Jz28uiedzVgHHPkptKHsLg
DA:58,0,msRKUeSeRevVz0iq0A3G1Q
DA:59,0,RJThr/KlbXtck8aTMXnM9A
DA:61,0,2lYhboCtdHsoGxl3sbZafw
DA:62,0,anevXUVd+MjkrESR++I2kA
DA:63,0,J6g8rN26Sshgebwk69IMdg
DA:64,0,pb70kpV7a1pSElsGtoChrQ
DA:69,0,NUOqDnelEnVxdvqUr3b+xA
DA:81,0,kmqe/104ASJ9GCtSjHo61Q
DA:86,0,zbDmOsQFy9tMfdaQ9boQPw
DA:87,0,B/Fo9U4/nMeRNS1JjGZVyQ
DA:88,0,OXimL25HQVAQsVoD3ca8bw
DA:89,0,V7uRmjj6chiNnyDqZpYJVA
DA:90,0,aI8jocA3psbMS3so79jMlA
DA:95,0,Gi7fYlkAFBIlUjI5r0ROQw
DA:96,0,AwRBWT+Z3Aov0K+LFMFjPA
DA:97,0,TJ+x+ZfnpPbPtr39myOgdA
DA:110,0,3FTgohND09cQY81a4OaJ4w
DA:130,0,Uk34PFQwIiCDUMimccdNgQ
DA:133,0,1LUFrZ9FbjMcmAWquctyPg
DA:139,0,lVTpA9zzK2kB/6giPBDcNg
DA:142,0,HvaksL3Q22sZN4Zwn0/lUg
DA:152,0,xAd0ESgSNRoeSvcGD2Je4w
DA:153,0,i45V6XwZu7GQgaR++DRMxA
DA:155,0,KrycAvaSxS/fUOiGd+cLGQ
DA:171,0,7xcMQQKUZhBMUzya9OAkZw
DA:172,0,2PJpJwpU3nxoFDgjAQeBPQ
DA:174,0,Tv8qM+bXxRBotf5RB3HTUw
DA:175,0,fzGacOLRh535HvZtLnzZ2A
DA:177,0,pxBGKNgFdUJmeObLb5WGHQ
DA:179,0,eOPbyusiYO6RxPpwRnC64w
DA:181,0,4GH8H4V2gOY32h3kTJymsQ
DA:210,0,GB/D4QaRlOxXAJrFwWae8g
DA:228,0,gTd1GHNV05cU8INu2bh4hw
DA:233,0,qjhNcwalCVqk6E9dxtpmog
DA:237,0,h0UBXmzfle2wmCVC+pPDmQ
DA:238,0,1N2abDNvZCXCA+rKo8nblw
DA:240,0,oUZ8LkaAbjAi2hKyuh2lSw
DA:241,0,+FKJDD5Loam4t7dZODAP4g
DA:255,0,lbUUlMYMO4WiBM0ic7v33w
DA:258,0,8ZYsvIC42huhaB+8uHSSlA
DA:262,0,8xjJJSufMEuy5r6dyUGmig
DA:263,0,VnkRZyw/SrBeOrMXQJR5gw
DA:264,0,CAOznb0E65O5vYnDXImSNA
DA:270,0,pvMbOG27H5K5RksNCFwyCA
DA:276,0,7A6HDYGGr90hx17zcyyERg
DA:281,0,PvS6Wcjso+SIX+MOBCrXsQ
DA:282,0,AA4yyLSO3WlFvq10pYRAZg
DA:283,0,1E1Sl3c0mKhcw2iD1DNrIg
DA:295,0,Lzo9gBXeMB968GBQ04VYGg
DA:297,0,DNf7fW8bUisQAlVSed589A
DA:298,0,SFOyLPsNbhwQ3nype8DfHw
DA:299,0,z1FY6hyPBCbZwMZY9KnRLg
DA:300,0,e7Zi+7F2XR/OFaNoCZlJIg
DA:302,0,kycMaH6XbPuAfUpgfG1Lbg
DA:304,0,W/g8GJDAYJkSSurt59Mzfw
DA:320,0,3sboQt0tYc+XUrP+6MbQcg
DA:349,0,EQ781Od+Mt7U4g0UDs6gTg
DA:350,0,6YDgrHuy96v8FswaPGeemg
DA:353,0,yu5dXD1+gga6QiZodukPSw
DA:354,0,8ml2id1bqg+dQtX/wuGiGQ
DA:356,0,fqZhB56Km8C/qUZf9wDF8w
DA:358,0,bSDWoSIYUpeobBEK6iWgnw
DA:360,0,pcmvA4JQANV67TeU33vd4w
DA:363,0,nWqyMIq0DbgKmtEtCiYGAQ
DA:365,0,COjcNbZh6LDDwuMJOZomlQ
DA:366,0,tyYZE5k+TXt1TOWg0lNEtw
DA:369,0,uy0E2ifW7cV+QjTDIp0RRw
DA:370,0,ydR76la6H/afA0ZwiANqWA
DA:371,0,OPl5ok9jtrM77E5TLMhTaw
DA:372,0,ALkeTVp+S78d+9xUcQpIjQ
DA:374,0,8/wL4DNNKa6OmE8fn3mOlA
DA:377,0,ow0I7YkUoyR6gURk8cmqmw
DA:378,0,r1sYQ9Mol58jf3ejGUDq1Q
DA:381,0,a+iX/mFPETWHC2CHAdfydw
DA:384,0,yxIgT0i1tI/g4BRi9qWc8Q
DA:385,0,5g4YFktx2D4wTzA7ZnGKbA
DA:388,0,3uZJvi2D4IxvoH18Jt0R8Q
DA:389,0,4qW7J0/ha3qLHzluL9mJjw
DA:394,0,sHk+Fx4OaLPtCHklkRSZOA
DA:397,0,mN0/+AsOKffKflfQ0tA++A
DA:398,0,AP/xLoKQs4BYrEMEejYLCA
DA:406,0,aeR5J+ckRGbsFRqEXMSuQQ
DA:411,0,B/+XJ3aQiWlO/xs5hvYLbg
DA:414,0,hYPfiGHnLbBX1Za13QaxhA
DA:422,0,cgbRAu/gvO94BuXnbe4IeQ
DA:423,0,nEoeyMVe+bki6yVRHwaMdg
DA:426,0,7q1emm8abAQIWuhWeWJjZg
DA:433,0,m02DIY3WIZbeD6ARwlyKjA
DA:434,0,durknMF7WajulOkmKaiFcQ
DA:435,0,4JEgHrC6G7zJra1Xt6vpcA
DA:437,0,XfbKibegsCIzhFDEXv392A
DA:438,0,bVdG3KfyeKK1+DEaeYwQ4A
DA:439,0,j+mm7h9K0HwWwqNsbll6aQ
DA:441,0,7FLRddrh0JrI5e0Vue5TfQ
LF:212
LH:105
end_of_record
TN:
SF:cvx/simulator/state.py
DA:14,1,7HpIEQVf5K0efdTzo05mJg
DA:15,1,WpEjgxacqgxANZhpobgHYQ
DA:17,1,IWWjrCeOtk8NNtrE95++2g
DA:18,1,wbex0Ytf94b7jE0u9OATig
DA:21,1,DKj5/cnSdZmfr9qH/2eSBw
DA:22,1,6pGrqU82jWlU63p2SOXQew
DA:23,1,/ZvqiDY7XVzMiSFdpC6ZCg
DA:29,1,TEcfmnYnaOPR13Izk2A3+g
DA:30,1,ZY4DQGj9lEntlA/sSlouxA
DA:31,1,1wK2yRGtEu3JeJYqKcd+kA
DA:32,1,NbJAUAnL9w80kjDghA/cMA
DA:33,1,zGGjqzg8cqbbLr1eBz/wpQ
DA:34,1,zvr/5U7B1Vf2781OSxS5zQ
DA:35,1,O6A7h9hKz1327qXR4iX/kw
DA:37,1,HmADa1g/W1C2Vo9Wm4sNNA
DA:38,1,87UpEYBHerTqSOQ/al4kDw
DA:42,1,hUFQmoJ2p8dBzrwmvnnYxw
DA:44,1,8hWzPUHp07kRtwBu8Cc7Cg
DA:45,1,kv5kbqldiB38rSDtkq5F1w
DA:49,1,1c3zDmBnVZLtd6ac2VCOwA
DA:51,1,HmADa1g/W1C2Vo9Wm4sNNA
DA:52,1,AGhM9u7ludZtwvsDYjeNYw
DA:61,1,qxOBg+0eLhM/XJ6DikGFqQ
DA:63,1,HmADa1g/W1C2Vo9Wm4sNNA
DA:64,1,sNNv9SiXJQ4EYGa+zErysA
DA:71,1,k8oGC5N9/9iMb8MEfi0CTg
DA:73,1,HmADa1g/W1C2Vo9Wm4sNNA
DA:74,1,3qew+RwG0W4zTp6Z/mYbkQ
DA:79,1,lPsycvwkFrGF2SQF0Lbowg
DA:81,1,HmADa1g/W1C2Vo9Wm4sNNA
DA:82,1,d+izhIvjqeFnrZwIzNUbhQ
DA:84,1,4H7i6DQXBAriyfhd+U161A
DA:85,1,cy76qN5ios4UZx1GOoUOOw
DA:87,1,K8NCDCtdIjKYnh8836tW+Q
DA:89,1,ls5SBfCmAPf9lRVsYmRAlA
DA:90,1,2gbAW2436bkA4+mqW7vSJg
DA:96,1,ur2GGiNEJvqVarQY+Xd8Tw
DA:99,1,zqz6wQVdzLWfRVL68WFiMQ
DA:102,1,Z64LAzXeFzoxFofv8+VjnQ
DA:104,1,HmADa1g/W1C2Vo9Wm4sNNA
DA:105,1,wsdTwaKgeda6yW3gn+/Lnw
DA:109,1,5kAile/9zQ65yvliNO01RA
DA:111,1,HmADa1g/W1C2Vo9Wm4sNNA
DA:112,1,D7wsmNA07EhwDJ7kYSchXA
DA:116,1,XgPvjOQ+orNgTp1O8X8mzg
DA:118,1,MQrZnqtWMJNi/Mx23uKGYA
DA:119,1,vLpEgLicr9rPR5U8XLYTCg
DA:124,1,qKN3cLj7kLktr2bw9yzUZg
DA:125,1,mPJXHnYbgW50871e5wUglg
DA:126,1,1Mr3KdJ5acuXC2zKzGXLGQ
DA:128,1,muI7ArH7rtdRC9U7fWKnuw
DA:129,1,1Mr3KdJ5acuXC2zKzGXLGQ
DA:131,1,HmADa1g/W1C2Vo9Wm4sNNA
DA:132,1,Lzzb4udF/2znUubX/g6W6Q
DA:135,1,BTuuFUPGUY5fpvxLj7E88w
DA:137,1,HmADa1g/W1C2Vo9Wm4sNNA
DA:138,1,i55b7c/8/kAh8hShlTgXTg
DA:142,1,HGo9L1UcLgZF2aJbluxEZQ
DA:143,1,fPlq1ONcR6IVmZ/EVYzBog
DA:145,1,pkIyzt5CBOQtncq9WwsBLA
DA:147,1,HmADa1g/W1C2Vo9Wm4sNNA
DA:148,1,vRS+JGNG1L9yaEmha6mTSA
DA:154,1,VvMIRu18xDM2MUjokLmMIQ
DA:156,1,HmADa1g/W1C2Vo9Wm4sNNA
DA:157,1,8ciUOVIkiy3l/uQxey2Xcw
DA:159,1,HGo9L1UcLgZF2aJbluxEZQ
DA:160,1,Vw6NE1AsbelCAEM8oYSQFQ
DA:162,1,hnA2R2kqwCPXr5voueRfCw
DA:164,1,HmADa1g/W1C2Vo9Wm4sNNA
DA:165,1,vfY71UFhRylalmsDd/knPA
DA:167,1,HGo9L1UcLgZF2aJbluxEZQ
DA:168,1,qfQ+Zp4t26WMN6VmPaYhyQ
DA:169,1,pT7EKP+lGajBQDK4xh7Q4w
DA:171,1,eiKmTP7x/8q13b+E108/4g
DA:172,1,rJDGOZWoa+H8/Ki2Wam5/g
DA:177,1,yoXP0ZEkEquGGYhwmhCLdA
DA:178,1,XKg+CamexKc2/x/HxTd2mg
DA:180,1,8wzcFqNiuiKcgGrLO+rUFw
DA:181,1,0KrJEXFi9O1f4w8kGIHJQA
DA:182,1,FLKo4Cu6ALWav9BhGHxqVQ
DA:184,1,HmADa1g/W1C2Vo9Wm4sNNA
DA:185,1,a0yNAlB4++KYiKTD6h3TBQ
DA:190,1,UrmwW49ssXanzUGcvRllCg
DA:192,1,HmADa1g/W1C2Vo9Wm4sNNA
DA:193,1,mqzsD1v3TNR/YTTQmqiMPA
DA:197,1,xnC91IKj0a4mGcLkTg/78A
DA:199,1,5T0qAn12gZ8RFvCZdJK6pg
DA:200,1,5c8zIhpW4JLTD98ljm9doQ
DA:204,1,KRG0QKGgm8SvxxbGthm3uQ
DA:206,1,HmADa1g/W1C2Vo9Wm4sNNA
DA:207,1,JLZTlfRnEpTKNZayQ2ODjQ
DA:218,1,0K7uCdErVphyhggKCeh7kQ
DA:219,1,6QkqB9oRh0WtCsOA1nlTXw
DA:221,1,HmADa1g/W1C2Vo9Wm4sNNA
DA:222,1,KUYbHsTWKsyobP8k01QaXA
DA:227,1,iqwdVzLlIDkH+VenA9J07A
LF:95
LH:95
end_of_record
TN:
SF:cvx/simulator/utils/__init__.py
DA:1,1,QaluMreCMOM8hy1jdTbH1A
LF:0
LH:0
end_of_record
TN:
SF:cvx/simulator/utils/grid.py
DA:14,1,ydCxunymauVRdfWlNGpIBA
DA:16,1,gGTQvjsCFZRTAK01JA8k5Q
DA:18,1,IWWjrCeOtk8NNtrE95++2g
DA:19,1,wbex0Ytf94b7jE0u9OATig
DA:22,1,Jynt2F3YJE99Ru6PG/tK/Q
DA:31,1,hk2alIzcR5zvQk/Ow/XPww
DA:32,1,7RK2NOwWoKhQr2Nq3uMvGg
DA:35,1,xXUzLe0uslcdcnBPjhdX/g
DA:44,1,dBaUUdj4XD5AszVZFHKzig
DA:45,1,REfZWLW3OkU9o8pcAl2Hgg
DA:46,1,v9UPiz7im+ZTSy4AIkePMQ
DA:49,1,846Vpy7HSb4hE2O8y2vMmA
DA:63,1,nPdUHqrfAANHMH2t5sTs7Q
DA:64,1,ij5e9OESWFNA4+P8C+c/QQ
DA:65,1,jhlfOO2ZLH7dSSd1RgFBfg
DA:67,1,UyMpnK2uL8Q73Ui8LUr+MA
LF:16
LH:16
end_of_record
TN:
SF:cvx/simulator/utils/interpolation.py
DA:16,1,hnL5vQbYKK3G9j0OEHPboA
DA:18,1,0R9EQTFX1o8OdykZgQCptw
DA:19,1,+cEVG/EPo/EhNFv+0+hnBw
DA:21,1,jAyqZe84A/TAer6eAByn2Q
DA:22,1,XEXq1GAGmmpWUALxKUyTyw
DA:25,1,/fioYVq9eOt4Bdb/NoJC0g
DA:27,1,8WYG0MZ3DKS4Vbyd4U4gyA
LF:7
LH:7
end_of_record
TN:
SF:cvx/simulator/utils/month.py
DA:27,1,1+9wdnNK6ERHmSA06tdyPQ
DA:32,1,ydCxunymauVRdfWlNGpIBA
DA:34,1,l955vWaLeSdDL/ehzg959w
DA:35,1,gRHjawkciFUavd6j4zLvOw
DA:37,1,IWWjrCeOtk8NNtrE95++2g
DA:38,1,wbex0Ytf94b7jE0u9OATig
DA:41,1,RvvP2nIWB7QQVgqC4NI3ag
DA:42,1,3H43Z/zrJHQwoKXCAxTAjQ
DA:45,1,kh81FzJ9EYy1xnmQSlVBdg
DA:46,1,eD0AeNert8YzXJ0i0SwPdg
DA:49,1,BNOQUtfwG6q7Gq4TyxtzSQ
DA:50,1,rAK22pX16w48dZjlwW8GiQ
DA:51,1,kubuLyEAXHT5eEBrMTJUVQ
DA:54,1,UITls6PlOzIaRe5vDtINxA
DA:68,1,u9cRruR6NkOjIoPM0rjqUg
DA:70,1,hTYO6Kl8HEDhsCjQvCzymA
DA:72,1,KL/G+jTy8Ll4G/SDx+tE7A
DA:76,1,kQGn1otxIN+zqUxYz+7hWw
DA:77,1,wNmQeYgZVJQvOnHq6vsCpQ
DA:79,1,ma7YbGyse5RULoT7fdqtDw
DA:80,1,YzbY3mmHrctJcjRC7FI++A
DA:81,1,KS9FjtlJbgN4NcPLqB9DbQ
DA:83,1,sj3wXy9JZVmEVJfA1iqt0Q
LF:23
LH:23
end_of_record
TN:
SF:cvx/simulator/utils/quantstats/__init__.py
DA:1,1,QaluMreCMOM8hy1jdTbH1A
LF:0
LH:0
end_of_record
TN:
SF:cvx/simulator/utils/quantstats/plot.py
DA:14,1,ydCxunymauVRdfWlNGpIBA
DA:16,1,gRHjawkciFUavd6j4zLvOw
DA:17,1,gGTQvjsCFZRTAK01JA8k5Q
DA:19,1,wbex0Ytf94b7jE0u9OATig
DA:21,1,5kmxmH2W+0zjL567AFvweg
DA:24,1,/sE9ESbCTi04oMnwCroquQ
DA:25,1,ZDGQfFBkiFeTvJ1OId7s6w
DA:26,1,D9/UKq2qrjHXZA0zwEAfLQ
DA:27,1,0UYZruxyIIwX3vtQFISrLA
DA:28,1,L1fmQ5lyUwD7hdrqa/WWkA
DA:29,1,T8AlsMb5PJyz/f8oqnsoJQ
DA:30,1,Qbs10L9e0W8iH2NbDfO4rg
DA:31,1,X7Hlkgx92AeNPkshMC6igA
DA:32,1,4bneGptD09Un7TfWjDUrlA
DA:34,1,ptNOxcZ/fv1C68zBaV0mrA
DA:35,1,cjv9tF9lD6QhG+JGAwSvPA
DA:36,1,sowwLkJeGOo8tQ9EOZHpVw
DA:37,1,+8U+Uc+OucS5er8dw+rnxw
DA:38,1,af/fca+qem2LN3OltdJGUg
DA:39,1,6DciaTCIQH594qqCHOtpMw
DA:40,1,ogWmpB2aK7TEqtwCwUsQtg
DA:42,1,cYzTJBITiZX5e5n709qoyg
DA:43,1,U/n8uXjjVYB8BNbQZz5Nyg
DA:44,1,aZuxfkeYTfF6Hm4FND50PA
LF:24
LH:24
end_of_record
TN:
SF:cvx/simulator/utils/rescale.py
DA:14,1,wbex0Ytf94b7jE0u9OATig
DA:17,1,KYP0GUZtSiCZbTsHK4KOGw
DA:21,1,WiypY70fVEGsR0oK8+e8nw
DA:22,1,nAnJ1pF8wjFpOS3igabZMw
DA:23,1,KJ3L66yqYAcjQczgEtl8bA
DA:26,1,7e9+CW/CnYjkX9svD5MBEw
DA:30,1,KC95og6oYWC8O/vEr0qBwg
DA:31,1,YmDBJWFOGrIOyPYUdRVKLQ
LF:8
LH:8
end_of_record
